#
# A fatal error has been detected by the Java Runtime Environment:
#
#  EXCEPTION_ACCESS_VIOLATION (0xc0000005) at pc=0x00007ff8bf9c8046, pid=9764, tid=4540
#
# JRE version: OpenJDK Runtime Environment (11.0.13) (build 11.0.13+0-b1751.21-8125866)
# Java VM: OpenJDK 64-Bit Server VM (11.0.13+0-b1751.21-8125866, mixed mode, tiered, compressed oops, g1 gc, windows-amd64)
# Problematic frame:
# V  [jvm.dll+0x508046]
#
# No core dump will be written. Minidumps are not enabled by default on client versions of Windows
#
# If you would like to submit a bug report, please visit:
#   https://bugreport.java.com/bugreport/crash.jsp
#

---------------  S U M M A R Y ------------

Command Line: --add-opens=java.base/java.util=ALL-UNNAMED --add-opens=java.base/java.lang=ALL-UNNAMED --add-opens=java.base/java.lang.invoke=ALL-UNNAMED --add-opens=java.base/java.util=ALL-UNNAMED --add-opens=java.prefs/java.util.prefs=ALL-UNNAMED --add-opens=java.prefs/java.util.prefs=ALL-UNNAMED --add-opens=java.base/java.nio.charset=ALL-UNNAMED --add-opens=java.base/java.net=ALL-UNNAMED --add-opens=java.base/java.util.concurrent.atomic=ALL-UNNAMED -Xmx1536M -Dfile.encoding=windows-1252 -Duser.country=US -Duser.language=en -Duser.variant org.gradle.launcher.daemon.bootstrap.GradleDaemon 7.4

Host: Intel(R) Core(TM) i5-9300H CPU @ 2.40GHz, 8 cores, 15G,  Windows 10 , 64 bit Build 19041 (10.0.19041.2364)
Time: Wed Jan 18 08:52:34 2023 Nepal Standard Time elapsed time: 3.763378 seconds (0d 0h 0m 3s)

---------------  T H R E A D  ---------------

Current thread (0x0000023a9874d000):  JavaThread "C2 CompilerThread1" daemon [_thread_in_native, id=4540, stack(0x0000004ac4800000,0x0000004ac4900000)]


Current CompileTask:
C2:   3763 2273   !   4       java.net.URL::<init> (543 bytes)

Stack: [0x0000004ac4800000,0x0000004ac4900000],  sp=0x0000004ac48fbc90,  free space=1007k
Native frames: (J=compiled Java code, j=interpreted, Vv=VM code, C=native code)
V  [jvm.dll+0x508046]
V  [jvm.dll+0x508756]
V  [jvm.dll+0x19d435]
V  [jvm.dll+0x2033be]
V  [jvm.dll+0x202437]
V  [jvm.dll+0x188e01]
V  [jvm.dll+0x21106b]
V  [jvm.dll+0x20f8c1]
V  [jvm.dll+0x70de0f]
V  [jvm.dll+0x706a75]
V  [jvm.dll+0x60ed66]
C  [ucrtbase.dll+0x21bb2]
C  [KERNEL32.DLL+0x17614]
C  [ntdll.dll+0x526a1]


siginfo: EXCEPTION_ACCESS_VIOLATION (0xc0000005), reading address 0x00006ff8bfee8a10


Register to memory mapping:

RIP=0x00007ff8bf9c8046 jvm.dll
RAX=0x0000000000000002 is an unknown value
RBX=0x0000000000000002 is an unknown value
RCX=0x0 is NULL
RDX=0x0 is NULL
RSP=0x0000004ac48fbc90 is pointing into the stack for thread: 0x0000023a9874d000
RBP=0x0000023a96517e30 points into unknown readable memory: 0x0000000000000000 | 00 00 00 00 00 00 00 00
RSI=0x0000023a990fede0 points into unknown readable memory: 0x0000000000000000 | 00 00 00 00 00 00 00 00
RDI=0x0000000000000002 is an unknown value
R8 =0x00006ff8bfee8a10 is an unknown value
R9 =0x0000000000000004 is an unknown value
R10=0x00007ff8bf4c0000 jvm.dll
R11=0x0000000000000390 is an unknown value
R12=0x00007ff8bfee8a10 jvm.dll
R13=0x0000023a9942c0c0 points into unknown readable memory: 0x0000000000000000 | 00 00 00 00 00 00 00 00
R14=0x00007ff8bf4c0000 jvm.dll
R15=0x0000000000000001 is an unknown value


Registers:
RAX=0x0000000000000002, RBX=0x0000000000000002, RCX=0x0000000000000000, RDX=0x0000000000000000
RSP=0x0000004ac48fbc90, RBP=0x0000023a96517e30, RSI=0x0000023a990fede0, RDI=0x0000000000000002
R8 =0x00006ff8bfee8a10, R9 =0x0000000000000004, R10=0x00007ff8bf4c0000, R11=0x0000000000000390
R12=0x00007ff8bfee8a10, R13=0x0000023a9942c0c0, R14=0x00007ff8bf4c0000, R15=0x0000000000000001
RIP=0x00007ff8bf9c8046, EFLAGS=0x0000000000010246

Top of Stack: (sp=0x0000004ac48fbc90)
0x0000004ac48fbc90:   0000023a965182b0 0000023a96517e30
0x0000004ac48fbca0:   0000023a990fede0 00007ff8bf823d84
0x0000004ac48fbcb0:   0000023a9942c0c0 0000000000000000
0x0000004ac48fbcc0:   000000030400210b 00007ff800000001
0x0000004ac48fbcd0:   0000023a97242c20 00007ff800000001
0x0000004ac48fbce0:   0000023a965182c0 000000000000000b
0x0000004ac48fbcf0:   0000023a965182b0 00007ff8bf52e9c4
0x0000004ac48fbd00:   0000000000000000 0000023a965182b0
0x0000004ac48fbd10:   0000023a972eaa40 0000023a9aeae2f8
0x0000004ac48fbd20:   0000000000000001 0000000000000008
0x0000004ac48fbd30:   0000004ac48fbf30 00007ff8bf9c8756
0x0000004ac48fbd40:   0000004ac48fbf30 0000023a972eaa40
0x0000004ac48fbd50:   0000000000000001 0000004ac48fbd90
0x0000004ac48fbd60:   0000023a969cc5c8 0000023a96e7b850
0x0000004ac48fbd70:   0000023a9639c8d0 0000023a9639f2e0
0x0000004ac48fbd80:   00000000001b62c0 0000023a963a48b8 

Instructions: (pc=0x00007ff8bf9c8046)
0x00007ff8bf9c7f46:   4c 48 8b 71 10 ff c8 44 8b d8 4c 8d 14 80 48 8b
0x00007ff8bf9c7f56:   41 20 49 c1 e2 05 49 03 c2 49 03 f2 48 89 44 24
0x00007ff8bf9c7f66:   20 48 8b 41 28 4e 8b 24 d8 4c 89 64 24 28 4d 85
0x00007ff8bf9c7f76:   e4 74 05 49 8b ec eb 08 e8 6d 0b 00 00 48 8b e8
0x00007ff8bf9c7f86:   48 8b d3 48 8d 4c 24 30 e8 8d bb e5 ff 4c 8b 6c
0x00007ff8bf9c7f96:   24 20 4c 8d 35 61 80 af ff 4c 8d 25 6a 0a 52 00
0x00007ff8bf9c7fa6:   48 89 7c 24 70 41 bf 01 00 00 00 8b 54 24 30 85
0x00007ff8bf9c7fb6:   d2 74 42 44 8b 4c 24 34 f6 c2 1f 75 0c c1 ea 05
0x00007ff8bf9c7fc6:   41 83 c1 05 f6 c2 1f 74 f4 44 8b c2 41 83 e0 1f
0x00007ff8bf9c7fd6:   43 0f b6 8c 30 00 74 85 00 43 0f b6 9c 30 e0 73
0x00007ff8bf9c7fe6:   85 00 d3 ea 89 54 24 30 41 03 d9 42 8d 04 09 89
0x00007ff8bf9c7ff6:   44 24 34 eb 0c 48 8d 4c 24 30 e8 6b bb e5 ff 8b
0x00007ff8bf9c8006:   d8 85 db 0f 84 82 00 00 00 48 8b 4e 08 8b d3 48
0x00007ff8bf9c8016:   c1 ea 08 8b fb 4c 8b 04 d1 4d 3b c4 75 0d 8b d3
0x00007ff8bf9c8026:   48 8b ce e8 42 bd e5 ff 4c 8b c0 8b cb 45 8b cf
0x00007ff8bf9c8036:   83 e1 1f 41 d3 e1 48 8b cf 48 c1 e9 05 83 e1 07
0x00007ff8bf9c8046:   41 8b 14 88 8b c2 41 0b c1 41 89 04 88 41 23 d1
0x00007ff8bf9c8056:   75 02 ff 06 85 d2 0f 85 4f ff ff ff 49 8b 45 08
0x00007ff8bf9c8066:   48 8b cf 48 c1 e9 08 48 c1 ef 05 83 e7 07 48 8b
0x00007ff8bf9c8076:   04 c8 44 85 0c b8 0f 85 2f ff ff ff 8b d3 48 8b
0x00007ff8bf9c8086:   cd e8 14 87 c9 ff e9 20 ff ff ff 83 7d 00 00 48
0x00007ff8bf9c8096:   8b b4 24 c0 00 00 00 4c 8b b4 24 b0 00 00 00 4c
0x00007ff8bf9c80a6:   8b ac 24 b8 00 00 00 4c 8b 64 24 28 74 63 41 8b
0x00007ff8bf9c80b6:   4d 4c 49 8b 46 28 ff c9 48 89 2c c8 4d 85 e4 75
0x00007ff8bf9c80c6:   5f 41 8b 4d 4c 8b c1 4c 8b 84 24 c8 00 00 00 c1
0x00007ff8bf9c80d6:   e8 05 41 3b 40 10 73 48 8b d0 83 e1 1f 49 8b 40
0x00007ff8bf9c80e6:   18 41 d3 e7 8b 04 90 41 23 c7 74 34 49 8b 5e 38
0x00007ff8bf9c80f6:   8b 7b 18 8d 47 01 89 43 18 3b 3b 72 0a 8b d7 48
0x00007ff8bf9c8106:   8b cb e8 b3 da c0 ff 48 8b 43 10 4c 89 2c f8 eb
0x00007ff8bf9c8116:   0f 49 8b 46 30 48 89 85 98 00 00 00 49 89 6e 30
0x00007ff8bf9c8126:   48 8b 7c 24 70 48 83 c4 78 41 5f 41 5e 41 5d 41
0x00007ff8bf9c8136:   5c 5d 5b c3 cc cc cc cc cc cc 40 53 55 56 57 41 


Stack slot to memory mapping:
stack at sp + 0 slots: 0x0000023a965182b0 points into unknown readable memory: 0x000000000000001a | 1a 00 00 00 00 00 00 00
stack at sp + 1 slots: 0x0000023a96517e30 points into unknown readable memory: 0x0000000000000000 | 00 00 00 00 00 00 00 00
stack at sp + 2 slots: 0x0000023a990fede0 points into unknown readable memory: 0x0000000000000000 | 00 00 00 00 00 00 00 00
stack at sp + 3 slots: 0x00007ff8bf823d84 jvm.dll
stack at sp + 4 slots: 0x0000023a9942c0c0 points into unknown readable memory: 0x0000000000000000 | 00 00 00 00 00 00 00 00
stack at sp + 5 slots: 0x0 is NULL
stack at sp + 6 slots: 0x000000030400210b is an unknown value
stack at sp + 7 slots: 0x00007ff800000001 is an unknown value


---------------  P R O C E S S  ---------------

Threads class SMR info:
_java_thread_list=0x0000023a98898f50, length=31, elements={
0x0000023afc2be000, 0x0000023a95ca8800, 0x0000023a95ccc800, 0x0000023a95d30800,
0x0000023a95d34800, 0x0000023a95d37000, 0x0000023a95d40000, 0x0000023a95d44800,
0x0000023a95d58000, 0x0000023a95ece000, 0x0000023a98ab6800, 0x0000023a96684000,
0x0000023a98847800, 0x0000023a98848800, 0x0000023a98889800, 0x0000023a9757a800,
0x0000023a9874c000, 0x0000023a9874d000, 0x0000023a9815b800, 0x0000023a98bee800,
0x0000023a97261800, 0x0000023a97f81800, 0x0000023a97f80000, 0x0000023a97f82800,
0x0000023a9919e800, 0x0000023a97f83000, 0x0000023a97f84000, 0x0000023a97f85000,
0x0000023a97f80800, 0x0000023a97f85800, 0x0000023a97f86800
}

Java Threads: ( => current thread )
  0x0000023afc2be000 JavaThread "main" [_thread_blocked, id=5544, stack(0x0000004ac2b00000,0x0000004ac2c00000)]
  0x0000023a95ca8800 JavaThread "Reference Handler" daemon [_thread_blocked, id=5056, stack(0x0000004ac3200000,0x0000004ac3300000)]
  0x0000023a95ccc800 JavaThread "Finalizer" daemon [_thread_blocked, id=5656, stack(0x0000004ac3300000,0x0000004ac3400000)]
  0x0000023a95d30800 JavaThread "Signal Dispatcher" daemon [_thread_blocked, id=5616, stack(0x0000004ac3400000,0x0000004ac3500000)]
  0x0000023a95d34800 JavaThread "Attach Listener" daemon [_thread_blocked, id=5580, stack(0x0000004ac3500000,0x0000004ac3600000)]
  0x0000023a95d37000 JavaThread "Service Thread" daemon [_thread_blocked, id=5756, stack(0x0000004ac3600000,0x0000004ac3700000)]
  0x0000023a95d40000 JavaThread "C2 CompilerThread0" daemon [_thread_blocked, id=5840, stack(0x0000004ac3700000,0x0000004ac3800000)]
  0x0000023a95d44800 JavaThread "C1 CompilerThread0" daemon [_thread_blocked, id=10072, stack(0x0000004ac3800000,0x0000004ac3900000)]
  0x0000023a95d58000 JavaThread "Sweeper thread" daemon [_thread_blocked, id=5548, stack(0x0000004ac3900000,0x0000004ac3a00000)]
  0x0000023a95ece000 JavaThread "Common-Cleaner" daemon [_thread_blocked, id=1128, stack(0x0000004ac3a00000,0x0000004ac3b00000)]
  0x0000023a98ab6800 JavaThread "Daemon health stats" [_thread_blocked, id=6328, stack(0x0000004ac4300000,0x0000004ac4400000)]
  0x0000023a96684000 JavaThread "Incoming local TCP Connector on port 49693" [_thread_in_native, id=11136, stack(0x0000004ac3c00000,0x0000004ac3d00000)]
  0x0000023a98847800 JavaThread "Daemon periodic checks" [_thread_blocked, id=10936, stack(0x0000004ac3d00000,0x0000004ac3e00000)]
  0x0000023a98848800 JavaThread "Daemon" [_thread_blocked, id=6664, stack(0x0000004ac4400000,0x0000004ac4500000)]
  0x0000023a98889800 JavaThread "Handler for socket connection from /127.0.0.1:49693 to /127.0.0.1:49694" [_thread_in_native, id=6668, stack(0x0000004ac4500000,0x0000004ac4600000)]
  0x0000023a9757a800 JavaThread "Cancel handler" [_thread_blocked, id=6672, stack(0x0000004ac4600000,0x0000004ac4700000)]
  0x0000023a9874c000 JavaThread "Daemon worker" [_thread_in_Java, id=4300, stack(0x0000004ac4700000,0x0000004ac4800000)]
=>0x0000023a9874d000 JavaThread "C2 CompilerThread1" daemon [_thread_in_native, id=4540, stack(0x0000004ac4800000,0x0000004ac4900000)]
  0x0000023a9815b800 JavaThread "Asynchronous log dispatcher for DefaultDaemonConnection: socket connection from /127.0.0.1:49693 to /127.0.0.1:49694" [_thread_blocked, id=4552, stack(0x0000004ac4900000,0x0000004ac4a00000)]
  0x0000023a98bee800 JavaThread "Stdin handler" [_thread_blocked, id=11092, stack(0x0000004ac4a00000,0x0000004ac4b00000)]
  0x0000023a97261800 JavaThread "Daemon client event forwarder" [_thread_blocked, id=5108, stack(0x0000004ac4b00000,0x0000004ac4c00000)]
  0x0000023a97f81800 JavaThread "Cache worker for journal cache (C:\Users\ozone\.gradle\caches\journal-1)" [_thread_blocked, id=6844, stack(0x0000004ac4c00000,0x0000004ac4d00000)]
  0x0000023a97f80000 JavaThread "File lock request listener" [_thread_in_native, id=6840, stack(0x0000004ac4d00000,0x0000004ac4e00000)]
  0x0000023a97f82800 JavaThread "Cache worker for file hash cache (C:\Users\ozone\.gradle\caches\7.4\fileHashes)" [_thread_blocked, id=7036, stack(0x0000004ac4e00000,0x0000004ac4f00000)]
  0x0000023a9919e800 JavaThread "C2 CompilerThread2" daemon [_thread_blocked, id=5448, stack(0x0000004ac5200000,0x0000004ac5300000)]
  0x0000023a97f83000 JavaThread "File watcher server" daemon [_thread_in_native, id=6240, stack(0x0000004ac5300000,0x0000004ac5400000)]
  0x0000023a97f84000 JavaThread "File watcher consumer" daemon [_thread_blocked, id=1072, stack(0x0000004ac5400000,0x0000004ac5500000)]
  0x0000023a97f85000 JavaThread "Cache worker for checksums cache (D:\health_monitoring_system\live_graph_plotter\android\.gradle\7.4\checksums)" [_thread_blocked, id=9944, stack(0x0000004ac5500000,0x0000004ac5600000)]
  0x0000023a97f80800 JavaThread "Cache worker for cache directory md-rule (C:\Users\ozone\.gradle\caches\7.4\md-rule)" [_thread_blocked, id=8996, stack(0x0000004ac5600000,0x0000004ac5700000)]
  0x0000023a97f85800 JavaThread "Cache worker for file hash cache (D:\health_monitoring_system\live_graph_plotter\android\.gradle\7.4\fileHashes)" [_thread_blocked, id=1208, stack(0x0000004ac5700000,0x0000004ac5800000)]
  0x0000023a97f86800 JavaThread "Cache worker for cache directory md-supplier (C:\Users\ozone\.gradle\caches\7.4\md-supplier)" [_thread_blocked, id=9896, stack(0x0000004ac5800000,0x0000004ac5900000)]

Other Threads:
  0x0000023a9549d800 VMThread "VM Thread" [stack: 0x0000004ac3100000,0x0000004ac3200000] [id=1308]
  0x0000023a95eec000 WatcherThread [stack: 0x0000004ac3b00000,0x0000004ac3c00000] [id=9644]
  0x0000023afc2d7000 GCTaskThread "GC Thread#0" [stack: 0x0000004ac2c00000,0x0000004ac2d00000] [id=5132]
  0x0000023a963e0000 GCTaskThread "GC Thread#1" [stack: 0x0000004ac3e00000,0x0000004ac3f00000] [id=6332]
  0x0000023a96fbf000 GCTaskThread "GC Thread#2" [stack: 0x0000004ac3f00000,0x0000004ac4000000] [id=6324]
  0x0000023a96658000 GCTaskThread "GC Thread#3" [stack: 0x0000004ac4000000,0x0000004ac4100000] [id=2676]
  0x0000023a96fee000 GCTaskThread "GC Thread#4" [stack: 0x0000004ac4100000,0x0000004ac4200000] [id=10904]
  0x0000023a96fef000 GCTaskThread "GC Thread#5" [stack: 0x0000004ac4200000,0x0000004ac4300000] [id=9784]
  0x0000023a98f12800 GCTaskThread "GC Thread#6" [stack: 0x0000004ac4f00000,0x0000004ac5000000] [id=7040]
  0x0000023a97e82000 GCTaskThread "GC Thread#7" [stack: 0x0000004ac5000000,0x0000004ac5100000] [id=7032]
  0x0000023afc2fe800 ConcurrentGCThread "G1 Main Marker" [stack: 0x0000004ac2d00000,0x0000004ac2e00000] [id=5224]
  0x0000023afc300800 ConcurrentGCThread "G1 Conc#0" [stack: 0x0000004ac2e00000,0x0000004ac2f00000] [id=10880]
  0x0000023a98410000 ConcurrentGCThread "G1 Conc#1" [stack: 0x0000004ac5100000,0x0000004ac5200000] [id=5812]
  0x0000023afc39e000 ConcurrentGCThread "G1 Refine#0" [stack: 0x0000004ac2f00000,0x0000004ac3000000] [id=10096]
  0x0000023a9530c800 ConcurrentGCThread "G1 Young RemSet Sampling" [stack: 0x0000004ac3000000,0x0000004ac3100000] [id=5908]

Threads with active compile tasks:
C2 CompilerThread1   3853 2273   !   4       java.net.URL::<init> (543 bytes)

VM state:not at safepoint (normal execution)

VM Mutex/Monitor currently owned by a thread: None

Heap address: 0x00000000a0000000, size: 1536 MB, Compressed Oops mode: 32-bit
Narrow klass base: 0x0000000000000000, Narrow klass shift: 3
Compressed class space size: 1073741824 Address: 0x0000000100000000

Heap:
 garbage-first heap   total 260096K, used 78388K [0x00000000a0000000, 0x0000000100000000)
  region size 1024K, 61 young (62464K), 2 survivors (2048K)
 Metaspace       used 29033K, capacity 29670K, committed 29872K, reserved 1075200K
  class space    used 3808K, capacity 4077K, committed 4096K, reserved 1048576K
Heap Regions: E=young(eden), S=young(survivor), O=old, HS=humongous(starts), HC=humongous(continues), CS=collection set, F=free, A=archive, TAMS=top-at-mark-start (previous, next)
|   0|0x00000000a0000000, 0x00000000a0100000, 0x00000000a0100000|100%| O|  |TAMS 0x00000000a0000000, 0x00000000a0000000| Untracked 
|   1|0x00000000a0100000, 0x00000000a0200000, 0x00000000a0200000|100%| O|  |TAMS 0x00000000a0100000, 0x00000000a0100000| Untracked 
|   2|0x00000000a0200000, 0x00000000a0300000, 0x00000000a0300000|100%| O|  |TAMS 0x00000000a0200000, 0x00000000a0200000| Untracked 
|   3|0x00000000a0300000, 0x00000000a0400000, 0x00000000a0400000|100%|HS|  |TAMS 0x00000000a0400000, 0x00000000a0300000| Complete 
|   4|0x00000000a0400000, 0x00000000a0500000, 0x00000000a0500000|100%|HC|  |TAMS 0x00000000a0500000, 0x00000000a0400000| Complete 
|   5|0x00000000a0500000, 0x00000000a0600000, 0x00000000a0600000|100%|HC|  |TAMS 0x00000000a0600000, 0x00000000a0500000| Complete 
|   6|0x00000000a0600000, 0x00000000a0700000, 0x00000000a0700000|100%| O|  |TAMS 0x00000000a0700000, 0x00000000a0600000| Untracked 
|   7|0x00000000a0700000, 0x00000000a0800000, 0x00000000a0800000|100%| O|  |TAMS 0x00000000a0800000, 0x00000000a0700000| Untracked 
|   8|0x00000000a0800000, 0x00000000a0900000, 0x00000000a0900000|100%| O|  |TAMS 0x00000000a0900000, 0x00000000a0800000| Untracked 
|   9|0x00000000a0900000, 0x00000000a0a00000, 0x00000000a0a00000|100%| O|  |TAMS 0x00000000a0903200, 0x00000000a0900000| Untracked 
|  10|0x00000000a0a00000, 0x00000000a0b00000, 0x00000000a0b00000|100%| O|  |TAMS 0x00000000a0a00000, 0x00000000a0a00000| Untracked 
|  11|0x00000000a0b00000, 0x00000000a0c00000, 0x00000000a0c00000|100%| O|  |TAMS 0x00000000a0b00000, 0x00000000a0b00000| Untracked 
|  12|0x00000000a0c00000, 0x00000000a0d00000, 0x00000000a0d00000|100%| O|  |TAMS 0x00000000a0c00000, 0x00000000a0c00000| Untracked 
|  13|0x00000000a0d00000, 0x00000000a0e00000, 0x00000000a0e00000|100%| O|  |TAMS 0x00000000a0d00000, 0x00000000a0d00000| Untracked 
|  14|0x00000000a0e00000, 0x00000000a0f00000, 0x00000000a0f00000|100%| O|  |TAMS 0x00000000a0e00000, 0x00000000a0e00000| Untracked 
|  15|0x00000000a0f00000, 0x00000000a1000000, 0x00000000a1000000|100%| O|  |TAMS 0x00000000a0f00000, 0x00000000a0f00000| Untracked 
|  16|0x00000000a1000000, 0x00000000a1100000, 0x00000000a1100000|100%| O|  |TAMS 0x00000000a1000000, 0x00000000a1000000| Untracked 
|  17|0x00000000a1100000, 0x00000000a1122c00, 0x00000000a1200000| 13%| O|  |TAMS 0x00000000a1100000, 0x00000000a1100000| Untracked 
|  18|0x00000000a1200000, 0x00000000a1200000, 0x00000000a1300000|  0%| F|  |TAMS 0x00000000a1200000, 0x00000000a1200000| Untracked 
|  19|0x00000000a1300000, 0x00000000a1300000, 0x00000000a1400000|  0%| F|  |TAMS 0x00000000a1300000, 0x00000000a1300000| Untracked 
|  20|0x00000000a1400000, 0x00000000a1400000, 0x00000000a1500000|  0%| F|  |TAMS 0x00000000a1400000, 0x00000000a1400000| Untracked 
|  21|0x00000000a1500000, 0x00000000a1500000, 0x00000000a1600000|  0%| F|  |TAMS 0x00000000a1500000, 0x00000000a1500000| Untracked 
|  22|0x00000000a1600000, 0x00000000a1600000, 0x00000000a1700000|  0%| F|  |TAMS 0x00000000a1600000, 0x00000000a1600000| Untracked 
|  23|0x00000000a1700000, 0x00000000a1700000, 0x00000000a1800000|  0%| F|  |TAMS 0x00000000a1700000, 0x00000000a1700000| Untracked 
|  24|0x00000000a1800000, 0x00000000a1800000, 0x00000000a1900000|  0%| F|  |TAMS 0x00000000a1800000, 0x00000000a1800000| Untracked 
|  25|0x00000000a1900000, 0x00000000a1900000, 0x00000000a1a00000|  0%| F|  |TAMS 0x00000000a1900000, 0x00000000a1900000| Untracked 
|  26|0x00000000a1a00000, 0x00000000a1a00000, 0x00000000a1b00000|  0%| F|  |TAMS 0x00000000a1a00000, 0x00000000a1a00000| Untracked 
|  27|0x00000000a1b00000, 0x00000000a1b00000, 0x00000000a1c00000|  0%| F|  |TAMS 0x00000000a1b00000, 0x00000000a1b00000| Untracked 
|  28|0x00000000a1c00000, 0x00000000a1c00000, 0x00000000a1d00000|  0%| F|  |TAMS 0x00000000a1c00000, 0x00000000a1c00000| Untracked 
|  29|0x00000000a1d00000, 0x00000000a1d00000, 0x00000000a1e00000|  0%| F|  |TAMS 0x00000000a1d00000, 0x00000000a1d00000| Untracked 
|  30|0x00000000a1e00000, 0x00000000a1e00000, 0x00000000a1f00000|  0%| F|  |TAMS 0x00000000a1e00000, 0x00000000a1e00000| Untracked 
|  31|0x00000000a1f00000, 0x00000000a1f00000, 0x00000000a2000000|  0%| F|  |TAMS 0x00000000a1f00000, 0x00000000a1f00000| Untracked 
|  32|0x00000000a2000000, 0x00000000a2000000, 0x00000000a2100000|  0%| F|  |TAMS 0x00000000a2000000, 0x00000000a2000000| Untracked 
|  33|0x00000000a2100000, 0x00000000a2100000, 0x00000000a2200000|  0%| F|  |TAMS 0x00000000a2100000, 0x00000000a2100000| Untracked 
|  34|0x00000000a2200000, 0x00000000a2200000, 0x00000000a2300000|  0%| F|  |TAMS 0x00000000a2200000, 0x00000000a2200000| Untracked 
|  35|0x00000000a2300000, 0x00000000a2300000, 0x00000000a2400000|  0%| F|  |TAMS 0x00000000a2300000, 0x00000000a2300000| Untracked 
|  36|0x00000000a2400000, 0x00000000a2400000, 0x00000000a2500000|  0%| F|  |TAMS 0x00000000a2400000, 0x00000000a2400000| Untracked 
|  37|0x00000000a2500000, 0x00000000a2500000, 0x00000000a2600000|  0%| F|  |TAMS 0x00000000a2500000, 0x00000000a2500000| Untracked 
|  38|0x00000000a2600000, 0x00000000a2600000, 0x00000000a2700000|  0%| F|  |TAMS 0x00000000a2600000, 0x00000000a2600000| Untracked 
|  39|0x00000000a2700000, 0x00000000a2700000, 0x00000000a2800000|  0%| F|  |TAMS 0x00000000a2700000, 0x00000000a2700000| Untracked 
|  40|0x00000000a2800000, 0x00000000a2800000, 0x00000000a2900000|  0%| F|  |TAMS 0x00000000a2800000, 0x00000000a2800000| Untracked 
|  41|0x00000000a2900000, 0x00000000a2900000, 0x00000000a2a00000|  0%| F|  |TAMS 0x00000000a2900000, 0x00000000a2900000| Untracked 
|  42|0x00000000a2a00000, 0x00000000a2a00000, 0x00000000a2b00000|  0%| F|  |TAMS 0x00000000a2a00000, 0x00000000a2a00000| Untracked 
|  43|0x00000000a2b00000, 0x00000000a2b00000, 0x00000000a2c00000|  0%| F|  |TAMS 0x00000000a2b00000, 0x00000000a2b00000| Untracked 
|  44|0x00000000a2c00000, 0x00000000a2c00000, 0x00000000a2d00000|  0%| F|  |TAMS 0x00000000a2c00000, 0x00000000a2c00000| Untracked 
|  45|0x00000000a2d00000, 0x00000000a2d00000, 0x00000000a2e00000|  0%| F|  |TAMS 0x00000000a2d00000, 0x00000000a2d00000| Untracked 
|  46|0x00000000a2e00000, 0x00000000a2e00000, 0x00000000a2f00000|  0%| F|  |TAMS 0x00000000a2e00000, 0x00000000a2e00000| Untracked 
|  47|0x00000000a2f00000, 0x00000000a2f00000, 0x00000000a3000000|  0%| F|  |TAMS 0x00000000a2f00000, 0x00000000a2f00000| Untracked 
|  48|0x00000000a3000000, 0x00000000a3000000, 0x00000000a3100000|  0%| F|  |TAMS 0x00000000a3000000, 0x00000000a3000000| Untracked 
|  49|0x00000000a3100000, 0x00000000a3100000, 0x00000000a3200000|  0%| F|  |TAMS 0x00000000a3100000, 0x00000000a3100000| Untracked 
|  50|0x00000000a3200000, 0x00000000a3200000, 0x00000000a3300000|  0%| F|  |TAMS 0x00000000a3200000, 0x00000000a3200000| Untracked 
|  51|0x00000000a3300000, 0x00000000a3300000, 0x00000000a3400000|  0%| F|  |TAMS 0x00000000a3300000, 0x00000000a3300000| Untracked 
|  52|0x00000000a3400000, 0x00000000a3400000, 0x00000000a3500000|  0%| F|  |TAMS 0x00000000a3400000, 0x00000000a3400000| Untracked 
|  53|0x00000000a3500000, 0x00000000a3500000, 0x00000000a3600000|  0%| F|  |TAMS 0x00000000a3500000, 0x00000000a3500000| Untracked 
|  54|0x00000000a3600000, 0x00000000a3600000, 0x00000000a3700000|  0%| F|  |TAMS 0x00000000a3600000, 0x00000000a3600000| Untracked 
|  55|0x00000000a3700000, 0x00000000a3700000, 0x00000000a3800000|  0%| F|  |TAMS 0x00000000a3700000, 0x00000000a3700000| Untracked 
|  56|0x00000000a3800000, 0x00000000a3800000, 0x00000000a3900000|  0%| F|  |TAMS 0x00000000a3800000, 0x00000000a3800000| Untracked 
|  57|0x00000000a3900000, 0x00000000a3900000, 0x00000000a3a00000|  0%| F|  |TAMS 0x00000000a3900000, 0x00000000a3900000| Untracked 
|  58|0x00000000a3a00000, 0x00000000a3a00000, 0x00000000a3b00000|  0%| F|  |TAMS 0x00000000a3a00000, 0x00000000a3a00000| Untracked 
|  59|0x00000000a3b00000, 0x00000000a3b00000, 0x00000000a3c00000|  0%| F|  |TAMS 0x00000000a3b00000, 0x00000000a3b00000| Untracked 
|  60|0x00000000a3c00000, 0x00000000a3c00000, 0x00000000a3d00000|  0%| F|  |TAMS 0x00000000a3c00000, 0x00000000a3c00000| Untracked 
|  61|0x00000000a3d00000, 0x00000000a3d00000, 0x00000000a3e00000|  0%| F|  |TAMS 0x00000000a3d00000, 0x00000000a3d00000| Untracked 
|  62|0x00000000a3e00000, 0x00000000a3e00000, 0x00000000a3f00000|  0%| F|  |TAMS 0x00000000a3e00000, 0x00000000a3e00000| Untracked 
|  63|0x00000000a3f00000, 0x00000000a3f00000, 0x00000000a4000000|  0%| F|  |TAMS 0x00000000a3f00000, 0x00000000a3f00000| Untracked 
|  64|0x00000000a4000000, 0x00000000a4000000, 0x00000000a4100000|  0%| F|  |TAMS 0x00000000a4000000, 0x00000000a4000000| Untracked 
|  65|0x00000000a4100000, 0x00000000a4100000, 0x00000000a4200000|  0%| F|  |TAMS 0x00000000a4100000, 0x00000000a4100000| Untracked 
|  66|0x00000000a4200000, 0x00000000a4200000, 0x00000000a4300000|  0%| F|  |TAMS 0x00000000a4200000, 0x00000000a4200000| Untracked 
|  67|0x00000000a4300000, 0x00000000a4300000, 0x00000000a4400000|  0%| F|  |TAMS 0x00000000a4300000, 0x00000000a4300000| Untracked 
|  68|0x00000000a4400000, 0x00000000a4400000, 0x00000000a4500000|  0%| F|  |TAMS 0x00000000a4400000, 0x00000000a4400000| Untracked 
|  69|0x00000000a4500000, 0x00000000a4500000, 0x00000000a4600000|  0%| F|  |TAMS 0x00000000a4500000, 0x00000000a4500000| Untracked 
|  70|0x00000000a4600000, 0x00000000a4600000, 0x00000000a4700000|  0%| F|  |TAMS 0x00000000a4600000, 0x00000000a4600000| Untracked 
|  71|0x00000000a4700000, 0x00000000a4700000, 0x00000000a4800000|  0%| F|  |TAMS 0x00000000a4700000, 0x00000000a4700000| Untracked 
|  72|0x00000000a4800000, 0x00000000a4800000, 0x00000000a4900000|  0%| F|  |TAMS 0x00000000a4800000, 0x00000000a4800000| Untracked 
|  73|0x00000000a4900000, 0x00000000a4900000, 0x00000000a4a00000|  0%| F|  |TAMS 0x00000000a4900000, 0x00000000a4900000| Untracked 
|  74|0x00000000a4a00000, 0x00000000a4a00000, 0x00000000a4b00000|  0%| F|  |TAMS 0x00000000a4a00000, 0x00000000a4a00000| Untracked 
|  75|0x00000000a4b00000, 0x00000000a4b00000, 0x00000000a4c00000|  0%| F|  |TAMS 0x00000000a4b00000, 0x00000000a4b00000| Untracked 
|  76|0x00000000a4c00000, 0x00000000a4c00000, 0x00000000a4d00000|  0%| F|  |TAMS 0x00000000a4c00000, 0x00000000a4c00000| Untracked 
|  77|0x00000000a4d00000, 0x00000000a4d00000, 0x00000000a4e00000|  0%| F|  |TAMS 0x00000000a4d00000, 0x00000000a4d00000| Untracked 
|  78|0x00000000a4e00000, 0x00000000a4e00000, 0x00000000a4f00000|  0%| F|  |TAMS 0x00000000a4e00000, 0x00000000a4e00000| Untracked 
|  79|0x00000000a4f00000, 0x00000000a4f00000, 0x00000000a5000000|  0%| F|  |TAMS 0x00000000a4f00000, 0x00000000a4f00000| Untracked 
|  80|0x00000000a5000000, 0x00000000a5000000, 0x00000000a5100000|  0%| F|  |TAMS 0x00000000a5000000, 0x00000000a5000000| Untracked 
|  81|0x00000000a5100000, 0x00000000a5100000, 0x00000000a5200000|  0%| F|  |TAMS 0x00000000a5100000, 0x00000000a5100000| Untracked 
|  82|0x00000000a5200000, 0x00000000a5200000, 0x00000000a5300000|  0%| F|  |TAMS 0x00000000a5200000, 0x00000000a5200000| Untracked 
|  83|0x00000000a5300000, 0x00000000a5300000, 0x00000000a5400000|  0%| F|  |TAMS 0x00000000a5300000, 0x00000000a5300000| Untracked 
|  84|0x00000000a5400000, 0x00000000a5400000, 0x00000000a5500000|  0%| F|  |TAMS 0x00000000a5400000, 0x00000000a5400000| Untracked 
|  85|0x00000000a5500000, 0x00000000a5500000, 0x00000000a5600000|  0%| F|  |TAMS 0x00000000a5500000, 0x00000000a5500000| Untracked 
|  86|0x00000000a5600000, 0x00000000a5600000, 0x00000000a5700000|  0%| F|  |TAMS 0x00000000a5600000, 0x00000000a5600000| Untracked 
|  87|0x00000000a5700000, 0x00000000a5700000, 0x00000000a5800000|  0%| F|  |TAMS 0x00000000a5700000, 0x00000000a5700000| Untracked 
|  88|0x00000000a5800000, 0x00000000a5800000, 0x00000000a5900000|  0%| F|  |TAMS 0x00000000a5800000, 0x00000000a5800000| Untracked 
|  89|0x00000000a5900000, 0x00000000a5900000, 0x00000000a5a00000|  0%| F|  |TAMS 0x00000000a5900000, 0x00000000a5900000| Untracked 
|  90|0x00000000a5a00000, 0x00000000a5a00000, 0x00000000a5b00000|  0%| F|  |TAMS 0x00000000a5a00000, 0x00000000a5a00000| Untracked 
|  91|0x00000000a5b00000, 0x00000000a5b00000, 0x00000000a5c00000|  0%| F|  |TAMS 0x00000000a5b00000, 0x00000000a5b00000| Untracked 
|  92|0x00000000a5c00000, 0x00000000a5c00000, 0x00000000a5d00000|  0%| F|  |TAMS 0x00000000a5c00000, 0x00000000a5c00000| Untracked 
|  93|0x00000000a5d00000, 0x00000000a5d00000, 0x00000000a5e00000|  0%| F|  |TAMS 0x00000000a5d00000, 0x00000000a5d00000| Untracked 
|  94|0x00000000a5e00000, 0x00000000a5e00000, 0x00000000a5f00000|  0%| F|  |TAMS 0x00000000a5e00000, 0x00000000a5e00000| Untracked 
|  95|0x00000000a5f00000, 0x00000000a5f00000, 0x00000000a6000000|  0%| F|  |TAMS 0x00000000a5f00000, 0x00000000a5f00000| Untracked 
|  96|0x00000000a6000000, 0x00000000a6000000, 0x00000000a6100000|  0%| F|  |TAMS 0x00000000a6000000, 0x00000000a6000000| Untracked 
|  97|0x00000000a6100000, 0x00000000a6100000, 0x00000000a6200000|  0%| F|  |TAMS 0x00000000a6100000, 0x00000000a6100000| Untracked 
|  98|0x00000000a6200000, 0x00000000a6200000, 0x00000000a6300000|  0%| F|  |TAMS 0x00000000a6200000, 0x00000000a6200000| Untracked 
|  99|0x00000000a6300000, 0x00000000a6300000, 0x00000000a6400000|  0%| F|  |TAMS 0x00000000a6300000, 0x00000000a6300000| Untracked 
| 100|0x00000000a6400000, 0x00000000a6400000, 0x00000000a6500000|  0%| F|  |TAMS 0x00000000a6400000, 0x00000000a6400000| Untracked 
| 101|0x00000000a6500000, 0x00000000a6500000, 0x00000000a6600000|  0%| F|  |TAMS 0x00000000a6500000, 0x00000000a6500000| Untracked 
| 102|0x00000000a6600000, 0x00000000a6600000, 0x00000000a6700000|  0%| F|  |TAMS 0x00000000a6600000, 0x00000000a6600000| Untracked 
| 103|0x00000000a6700000, 0x00000000a6700000, 0x00000000a6800000|  0%| F|  |TAMS 0x00000000a6700000, 0x00000000a6700000| Untracked 
| 104|0x00000000a6800000, 0x00000000a6800000, 0x00000000a6900000|  0%| F|  |TAMS 0x00000000a6800000, 0x00000000a6800000| Untracked 
| 105|0x00000000a6900000, 0x00000000a6900000, 0x00000000a6a00000|  0%| F|  |TAMS 0x00000000a6900000, 0x00000000a6900000| Untracked 
| 106|0x00000000a6a00000, 0x00000000a6a00000, 0x00000000a6b00000|  0%| F|  |TAMS 0x00000000a6a00000, 0x00000000a6a00000| Untracked 
| 107|0x00000000a6b00000, 0x00000000a6b00000, 0x00000000a6c00000|  0%| F|  |TAMS 0x00000000a6b00000, 0x00000000a6b00000| Untracked 
| 108|0x00000000a6c00000, 0x00000000a6c00000, 0x00000000a6d00000|  0%| F|  |TAMS 0x00000000a6c00000, 0x00000000a6c00000| Untracked 
| 109|0x00000000a6d00000, 0x00000000a6d00000, 0x00000000a6e00000|  0%| F|  |TAMS 0x00000000a6d00000, 0x00000000a6d00000| Untracked 
| 110|0x00000000a6e00000, 0x00000000a6e00000, 0x00000000a6f00000|  0%| F|  |TAMS 0x00000000a6e00000, 0x00000000a6e00000| Untracked 
| 111|0x00000000a6f00000, 0x00000000a6f00000, 0x00000000a7000000|  0%| F|  |TAMS 0x00000000a6f00000, 0x00000000a6f00000| Untracked 
| 112|0x00000000a7000000, 0x00000000a7000000, 0x00000000a7100000|  0%| F|  |TAMS 0x00000000a7000000, 0x00000000a7000000| Untracked 
| 113|0x00000000a7100000, 0x00000000a7100000, 0x00000000a7200000|  0%| F|  |TAMS 0x00000000a7100000, 0x00000000a7100000| Untracked 
| 114|0x00000000a7200000, 0x00000000a7200000, 0x00000000a7300000|  0%| F|  |TAMS 0x00000000a7200000, 0x00000000a7200000| Untracked 
| 115|0x00000000a7300000, 0x00000000a7300000, 0x00000000a7400000|  0%| F|  |TAMS 0x00000000a7300000, 0x00000000a7300000| Untracked 
| 116|0x00000000a7400000, 0x00000000a7400000, 0x00000000a7500000|  0%| F|  |TAMS 0x00000000a7400000, 0x00000000a7400000| Untracked 
| 117|0x00000000a7500000, 0x00000000a7500000, 0x00000000a7600000|  0%| F|  |TAMS 0x00000000a7500000, 0x00000000a7500000| Untracked 
| 118|0x00000000a7600000, 0x00000000a7600000, 0x00000000a7700000|  0%| F|  |TAMS 0x00000000a7600000, 0x00000000a7600000| Untracked 
| 119|0x00000000a7700000, 0x00000000a7700000, 0x00000000a7800000|  0%| F|  |TAMS 0x00000000a7700000, 0x00000000a7700000| Untracked 
| 120|0x00000000a7800000, 0x00000000a7800000, 0x00000000a7900000|  0%| F|  |TAMS 0x00000000a7800000, 0x00000000a7800000| Untracked 
| 121|0x00000000a7900000, 0x00000000a7900000, 0x00000000a7a00000|  0%| F|  |TAMS 0x00000000a7900000, 0x00000000a7900000| Untracked 
| 122|0x00000000a7a00000, 0x00000000a7a00000, 0x00000000a7b00000|  0%| F|  |TAMS 0x00000000a7a00000, 0x00000000a7a00000| Untracked 
| 123|0x00000000a7b00000, 0x00000000a7b00000, 0x00000000a7c00000|  0%| F|  |TAMS 0x00000000a7b00000, 0x00000000a7b00000| Untracked 
| 124|0x00000000a7c00000, 0x00000000a7c00000, 0x00000000a7d00000|  0%| F|  |TAMS 0x00000000a7c00000, 0x00000000a7c00000| Untracked 
| 125|0x00000000a7d00000, 0x00000000a7d00000, 0x00000000a7e00000|  0%| F|  |TAMS 0x00000000a7d00000, 0x00000000a7d00000| Untracked 
| 126|0x00000000a7e00000, 0x00000000a7e00000, 0x00000000a7f00000|  0%| F|  |TAMS 0x00000000a7e00000, 0x00000000a7e00000| Untracked 
| 127|0x00000000a7f00000, 0x00000000a7f00000, 0x00000000a8000000|  0%| F|  |TAMS 0x00000000a7f00000, 0x00000000a7f00000| Untracked 
| 128|0x00000000a8000000, 0x00000000a8000000, 0x00000000a8100000|  0%| F|  |TAMS 0x00000000a8000000, 0x00000000a8000000| Untracked 
| 129|0x00000000a8100000, 0x00000000a8100000, 0x00000000a8200000|  0%| F|  |TAMS 0x00000000a8100000, 0x00000000a8100000| Untracked 
| 130|0x00000000a8200000, 0x00000000a8200000, 0x00000000a8300000|  0%| F|  |TAMS 0x00000000a8200000, 0x00000000a8200000| Untracked 
| 131|0x00000000a8300000, 0x00000000a8300000, 0x00000000a8400000|  0%| F|  |TAMS 0x00000000a8300000, 0x00000000a8300000| Untracked 
| 132|0x00000000a8400000, 0x00000000a8400000, 0x00000000a8500000|  0%| F|  |TAMS 0x00000000a8400000, 0x00000000a8400000| Untracked 
| 133|0x00000000a8500000, 0x00000000a8500000, 0x00000000a8600000|  0%| F|  |TAMS 0x00000000a8500000, 0x00000000a8500000| Untracked 
| 134|0x00000000a8600000, 0x00000000a8600000, 0x00000000a8700000|  0%| F|  |TAMS 0x00000000a8600000, 0x00000000a8600000| Untracked 
| 135|0x00000000a8700000, 0x00000000a8700000, 0x00000000a8800000|  0%| F|  |TAMS 0x00000000a8700000, 0x00000000a8700000| Untracked 
| 136|0x00000000a8800000, 0x00000000a8800000, 0x00000000a8900000|  0%| F|  |TAMS 0x00000000a8800000, 0x00000000a8800000| Untracked 
| 137|0x00000000a8900000, 0x00000000a8900000, 0x00000000a8a00000|  0%| F|  |TAMS 0x00000000a8900000, 0x00000000a8900000| Untracked 
| 138|0x00000000a8a00000, 0x00000000a8a00000, 0x00000000a8b00000|  0%| F|  |TAMS 0x00000000a8a00000, 0x00000000a8a00000| Untracked 
| 139|0x00000000a8b00000, 0x00000000a8b00000, 0x00000000a8c00000|  0%| F|  |TAMS 0x00000000a8b00000, 0x00000000a8b00000| Untracked 
| 140|0x00000000a8c00000, 0x00000000a8c00000, 0x00000000a8d00000|  0%| F|  |TAMS 0x00000000a8c00000, 0x00000000a8c00000| Untracked 
| 141|0x00000000a8d00000, 0x00000000a8d00000, 0x00000000a8e00000|  0%| F|  |TAMS 0x00000000a8d00000, 0x00000000a8d00000| Untracked 
| 142|0x00000000a8e00000, 0x00000000a8e00000, 0x00000000a8f00000|  0%| F|  |TAMS 0x00000000a8e00000, 0x00000000a8e00000| Untracked 
| 143|0x00000000a8f00000, 0x00000000a8f00000, 0x00000000a9000000|  0%| F|  |TAMS 0x00000000a8f00000, 0x00000000a8f00000| Untracked 
| 144|0x00000000a9000000, 0x00000000a9000000, 0x00000000a9100000|  0%| F|  |TAMS 0x00000000a9000000, 0x00000000a9000000| Untracked 
| 145|0x00000000a9100000, 0x00000000a9100000, 0x00000000a9200000|  0%| F|  |TAMS 0x00000000a9100000, 0x00000000a9100000| Untracked 
| 146|0x00000000a9200000, 0x00000000a9200000, 0x00000000a9300000|  0%| F|  |TAMS 0x00000000a9200000, 0x00000000a9200000| Untracked 
| 147|0x00000000a9300000, 0x00000000a9300000, 0x00000000a9400000|  0%| F|  |TAMS 0x00000000a9300000, 0x00000000a9300000| Untracked 
| 148|0x00000000a9400000, 0x00000000a9400000, 0x00000000a9500000|  0%| F|  |TAMS 0x00000000a9400000, 0x00000000a9400000| Untracked 
| 149|0x00000000a9500000, 0x00000000a9500000, 0x00000000a9600000|  0%| F|  |TAMS 0x00000000a9500000, 0x00000000a9500000| Untracked 
| 150|0x00000000a9600000, 0x00000000a9600000, 0x00000000a9700000|  0%| F|  |TAMS 0x00000000a9600000, 0x00000000a9600000| Untracked 
| 151|0x00000000a9700000, 0x00000000a9700000, 0x00000000a9800000|  0%| F|  |TAMS 0x00000000a9700000, 0x00000000a9700000| Untracked 
| 152|0x00000000a9800000, 0x00000000a9800000, 0x00000000a9900000|  0%| F|  |TAMS 0x00000000a9800000, 0x00000000a9800000| Untracked 
| 153|0x00000000a9900000, 0x00000000a9900000, 0x00000000a9a00000|  0%| F|  |TAMS 0x00000000a9900000, 0x00000000a9900000| Untracked 
| 154|0x00000000a9a00000, 0x00000000a9a00000, 0x00000000a9b00000|  0%| F|  |TAMS 0x00000000a9a00000, 0x00000000a9a00000| Untracked 
| 155|0x00000000a9b00000, 0x00000000a9b00000, 0x00000000a9c00000|  0%| F|  |TAMS 0x00000000a9b00000, 0x00000000a9b00000| Untracked 
| 156|0x00000000a9c00000, 0x00000000a9c00000, 0x00000000a9d00000|  0%| F|  |TAMS 0x00000000a9c00000, 0x00000000a9c00000| Untracked 
| 157|0x00000000a9d00000, 0x00000000a9d00000, 0x00000000a9e00000|  0%| F|  |TAMS 0x00000000a9d00000, 0x00000000a9d00000| Untracked 
| 158|0x00000000a9e00000, 0x00000000a9e00000, 0x00000000a9f00000|  0%| F|  |TAMS 0x00000000a9e00000, 0x00000000a9e00000| Untracked 
| 159|0x00000000a9f00000, 0x00000000a9f00000, 0x00000000aa000000|  0%| F|  |TAMS 0x00000000a9f00000, 0x00000000a9f00000| Untracked 
| 160|0x00000000aa000000, 0x00000000aa000000, 0x00000000aa100000|  0%| F|  |TAMS 0x00000000aa000000, 0x00000000aa000000| Untracked 
| 161|0x00000000aa100000, 0x00000000aa100000, 0x00000000aa200000|  0%| F|  |TAMS 0x00000000aa100000, 0x00000000aa100000| Untracked 
| 162|0x00000000aa200000, 0x00000000aa200000, 0x00000000aa300000|  0%| F|  |TAMS 0x00000000aa200000, 0x00000000aa200000| Untracked 
| 163|0x00000000aa300000, 0x00000000aa300000, 0x00000000aa400000|  0%| F|  |TAMS 0x00000000aa300000, 0x00000000aa300000| Untracked 
| 164|0x00000000aa400000, 0x00000000aa400000, 0x00000000aa500000|  0%| F|  |TAMS 0x00000000aa400000, 0x00000000aa400000| Untracked 
| 165|0x00000000aa500000, 0x00000000aa500000, 0x00000000aa600000|  0%| F|  |TAMS 0x00000000aa500000, 0x00000000aa500000| Untracked 
| 166|0x00000000aa600000, 0x00000000aa600000, 0x00000000aa700000|  0%| F|  |TAMS 0x00000000aa600000, 0x00000000aa600000| Untracked 
| 167|0x00000000aa700000, 0x00000000aa700000, 0x00000000aa800000|  0%| F|  |TAMS 0x00000000aa700000, 0x00000000aa700000| Untracked 
| 168|0x00000000aa800000, 0x00000000aa800000, 0x00000000aa900000|  0%| F|  |TAMS 0x00000000aa800000, 0x00000000aa800000| Untracked 
| 169|0x00000000aa900000, 0x00000000aa900000, 0x00000000aaa00000|  0%| F|  |TAMS 0x00000000aa900000, 0x00000000aa900000| Untracked 
| 170|0x00000000aaa00000, 0x00000000aaa00000, 0x00000000aab00000|  0%| F|  |TAMS 0x00000000aaa00000, 0x00000000aaa00000| Untracked 
| 171|0x00000000aab00000, 0x00000000aab00000, 0x00000000aac00000|  0%| F|  |TAMS 0x00000000aab00000, 0x00000000aab00000| Untracked 
| 172|0x00000000aac00000, 0x00000000aac00000, 0x00000000aad00000|  0%| F|  |TAMS 0x00000000aac00000, 0x00000000aac00000| Untracked 
| 173|0x00000000aad00000, 0x00000000aad00000, 0x00000000aae00000|  0%| F|  |TAMS 0x00000000aad00000, 0x00000000aad00000| Untracked 
| 174|0x00000000aae00000, 0x00000000aae00000, 0x00000000aaf00000|  0%| F|  |TAMS 0x00000000aae00000, 0x00000000aae00000| Untracked 
| 175|0x00000000aaf00000, 0x00000000aaf00000, 0x00000000ab000000|  0%| F|  |TAMS 0x00000000aaf00000, 0x00000000aaf00000| Untracked 
| 176|0x00000000ab000000, 0x00000000ab000000, 0x00000000ab100000|  0%| F|  |TAMS 0x00000000ab000000, 0x00000000ab000000| Untracked 
| 177|0x00000000ab100000, 0x00000000ab100000, 0x00000000ab200000|  0%| F|  |TAMS 0x00000000ab100000, 0x00000000ab100000| Untracked 
| 178|0x00000000ab200000, 0x00000000ab200000, 0x00000000ab300000|  0%| F|  |TAMS 0x00000000ab200000, 0x00000000ab200000| Untracked 
| 179|0x00000000ab300000, 0x00000000ab300000, 0x00000000ab400000|  0%| F|  |TAMS 0x00000000ab300000, 0x00000000ab300000| Untracked 
| 180|0x00000000ab400000, 0x00000000ab400000, 0x00000000ab500000|  0%| F|  |TAMS 0x00000000ab400000, 0x00000000ab400000| Untracked 
| 181|0x00000000ab500000, 0x00000000ab500000, 0x00000000ab600000|  0%| F|  |TAMS 0x00000000ab500000, 0x00000000ab500000| Untracked 
| 182|0x00000000ab600000, 0x00000000ab600000, 0x00000000ab700000|  0%| F|  |TAMS 0x00000000ab600000, 0x00000000ab600000| Untracked 
| 183|0x00000000ab700000, 0x00000000ab700000, 0x00000000ab800000|  0%| F|  |TAMS 0x00000000ab700000, 0x00000000ab700000| Untracked 
| 184|0x00000000ab800000, 0x00000000ab800000, 0x00000000ab900000|  0%| F|  |TAMS 0x00000000ab800000, 0x00000000ab800000| Untracked 
| 185|0x00000000ab900000, 0x00000000ab900000, 0x00000000aba00000|  0%| F|  |TAMS 0x00000000ab900000, 0x00000000ab900000| Untracked 
| 186|0x00000000aba00000, 0x00000000aba00000, 0x00000000abb00000|  0%| F|  |TAMS 0x00000000aba00000, 0x00000000aba00000| Untracked 
| 187|0x00000000abb00000, 0x00000000abb00000, 0x00000000abc00000|  0%| F|  |TAMS 0x00000000abb00000, 0x00000000abb00000| Untracked 
| 188|0x00000000abc00000, 0x00000000abc00000, 0x00000000abd00000|  0%| F|  |TAMS 0x00000000abc00000, 0x00000000abc00000| Untracked 
| 189|0x00000000abd00000, 0x00000000abd00000, 0x00000000abe00000|  0%| F|  |TAMS 0x00000000abd00000, 0x00000000abd00000| Untracked 
| 190|0x00000000abe00000, 0x00000000abe00000, 0x00000000abf00000|  0%| F|  |TAMS 0x00000000abe00000, 0x00000000abe00000| Untracked 
| 191|0x00000000abf00000, 0x00000000abf00000, 0x00000000ac000000|  0%| F|  |TAMS 0x00000000abf00000, 0x00000000abf00000| Untracked 
| 192|0x00000000ac000000, 0x00000000ac000000, 0x00000000ac100000|  0%| F|  |TAMS 0x00000000ac000000, 0x00000000ac000000| Untracked 
| 193|0x00000000ac100000, 0x00000000ac200000, 0x00000000ac200000|100%| E|  |TAMS 0x00000000ac100000, 0x00000000ac100000| Complete 
| 194|0x00000000ac200000, 0x00000000ac300000, 0x00000000ac300000|100%| E|CS|TAMS 0x00000000ac200000, 0x00000000ac200000| Complete 
| 195|0x00000000ac300000, 0x00000000ac400000, 0x00000000ac400000|100%| E|CS|TAMS 0x00000000ac300000, 0x00000000ac300000| Complete 
| 196|0x00000000ac400000, 0x00000000ac500000, 0x00000000ac500000|100%| E|CS|TAMS 0x00000000ac400000, 0x00000000ac400000| Complete 
| 197|0x00000000ac500000, 0x00000000ac600000, 0x00000000ac600000|100%| E|CS|TAMS 0x00000000ac500000, 0x00000000ac500000| Complete 
| 198|0x00000000ac600000, 0x00000000ac700000, 0x00000000ac700000|100%| E|CS|TAMS 0x00000000ac600000, 0x00000000ac600000| Complete 
| 199|0x00000000ac700000, 0x00000000ac800000, 0x00000000ac800000|100%| E|CS|TAMS 0x00000000ac700000, 0x00000000ac700000| Complete 
| 200|0x00000000ac800000, 0x00000000ac900000, 0x00000000ac900000|100%| E|CS|TAMS 0x00000000ac800000, 0x00000000ac800000| Complete 
| 201|0x00000000ac900000, 0x00000000aca00000, 0x00000000aca00000|100%| E|CS|TAMS 0x00000000ac900000, 0x00000000ac900000| Complete 
| 202|0x00000000aca00000, 0x00000000acb00000, 0x00000000acb00000|100%| E|CS|TAMS 0x00000000aca00000, 0x00000000aca00000| Complete 
| 203|0x00000000acb00000, 0x00000000acc00000, 0x00000000acc00000|100%| E|CS|TAMS 0x00000000acb00000, 0x00000000acb00000| Complete 
| 204|0x00000000acc00000, 0x00000000acd00000, 0x00000000acd00000|100%| E|CS|TAMS 0x00000000acc00000, 0x00000000acc00000| Complete 
| 205|0x00000000acd00000, 0x00000000ace00000, 0x00000000ace00000|100%| E|CS|TAMS 0x00000000acd00000, 0x00000000acd00000| Complete 
| 206|0x00000000ace00000, 0x00000000acf00000, 0x00000000acf00000|100%| E|CS|TAMS 0x00000000ace00000, 0x00000000ace00000| Complete 
| 207|0x00000000acf00000, 0x00000000ad000000, 0x00000000ad000000|100%| E|CS|TAMS 0x00000000acf00000, 0x00000000acf00000| Complete 
| 208|0x00000000ad000000, 0x00000000ad100000, 0x00000000ad100000|100%| E|CS|TAMS 0x00000000ad000000, 0x00000000ad000000| Complete 
| 209|0x00000000ad100000, 0x00000000ad200000, 0x00000000ad200000|100%| E|CS|TAMS 0x00000000ad100000, 0x00000000ad100000| Complete 
| 210|0x00000000ad200000, 0x00000000ad300000, 0x00000000ad300000|100%| E|CS|TAMS 0x00000000ad200000, 0x00000000ad200000| Complete 
| 211|0x00000000ad300000, 0x00000000ad400000, 0x00000000ad400000|100%| E|CS|TAMS 0x00000000ad300000, 0x00000000ad300000| Complete 
| 212|0x00000000ad400000, 0x00000000ad500000, 0x00000000ad500000|100%| E|CS|TAMS 0x00000000ad400000, 0x00000000ad400000| Complete 
| 213|0x00000000ad500000, 0x00000000ad600000, 0x00000000ad600000|100%| E|CS|TAMS 0x00000000ad500000, 0x00000000ad500000| Complete 
| 214|0x00000000ad600000, 0x00000000ad700000, 0x00000000ad700000|100%| E|CS|TAMS 0x00000000ad600000, 0x00000000ad600000| Complete 
| 215|0x00000000ad700000, 0x00000000ad800000, 0x00000000ad800000|100%| E|CS|TAMS 0x00000000ad700000, 0x00000000ad700000| Complete 
| 216|0x00000000ad800000, 0x00000000ad900000, 0x00000000ad900000|100%| E|CS|TAMS 0x00000000ad800000, 0x00000000ad800000| Complete 
| 217|0x00000000ad900000, 0x00000000ada00000, 0x00000000ada00000|100%| E|CS|TAMS 0x00000000ad900000, 0x00000000ad900000| Complete 
| 218|0x00000000ada00000, 0x00000000adb00000, 0x00000000adb00000|100%| E|CS|TAMS 0x00000000ada00000, 0x00000000ada00000| Complete 
| 219|0x00000000adb00000, 0x00000000adc00000, 0x00000000adc00000|100%| E|CS|TAMS 0x00000000adb00000, 0x00000000adb00000| Complete 
| 220|0x00000000adc00000, 0x00000000add00000, 0x00000000add00000|100%| E|CS|TAMS 0x00000000adc00000, 0x00000000adc00000| Complete 
| 221|0x00000000add00000, 0x00000000ade00000, 0x00000000ade00000|100%| E|CS|TAMS 0x00000000add00000, 0x00000000add00000| Complete 
| 222|0x00000000ade00000, 0x00000000adf00000, 0x00000000adf00000|100%| E|CS|TAMS 0x00000000ade00000, 0x00000000ade00000| Complete 
| 223|0x00000000adf00000, 0x00000000ae000000, 0x00000000ae000000|100%| E|CS|TAMS 0x00000000adf00000, 0x00000000adf00000| Complete 
| 224|0x00000000ae000000, 0x00000000ae06a600, 0x00000000ae100000| 41%| S|CS|TAMS 0x00000000ae000000, 0x00000000ae000000| Complete 
| 225|0x00000000ae100000, 0x00000000ae200000, 0x00000000ae200000|100%| S|CS|TAMS 0x00000000ae100000, 0x00000000ae100000| Complete 
| 226|0x00000000ae200000, 0x00000000ae300000, 0x00000000ae300000|100%| E|CS|TAMS 0x00000000ae200000, 0x00000000ae200000| Complete 
| 227|0x00000000ae300000, 0x00000000ae400000, 0x00000000ae400000|100%| E|CS|TAMS 0x00000000ae300000, 0x00000000ae300000| Complete 
| 228|0x00000000ae400000, 0x00000000ae500000, 0x00000000ae500000|100%| E|CS|TAMS 0x00000000ae400000, 0x00000000ae400000| Complete 
| 229|0x00000000ae500000, 0x00000000ae600000, 0x00000000ae600000|100%| E|CS|TAMS 0x00000000ae500000, 0x00000000ae500000| Complete 
| 230|0x00000000ae600000, 0x00000000ae700000, 0x00000000ae700000|100%| E|CS|TAMS 0x00000000ae600000, 0x00000000ae600000| Complete 
| 231|0x00000000ae700000, 0x00000000ae800000, 0x00000000ae800000|100%| E|CS|TAMS 0x00000000ae700000, 0x00000000ae700000| Complete 
| 232|0x00000000ae800000, 0x00000000ae900000, 0x00000000ae900000|100%| E|CS|TAMS 0x00000000ae800000, 0x00000000ae800000| Complete 
| 233|0x00000000ae900000, 0x00000000aea00000, 0x00000000aea00000|100%| E|CS|TAMS 0x00000000ae900000, 0x00000000ae900000| Complete 
| 234|0x00000000aea00000, 0x00000000aeb00000, 0x00000000aeb00000|100%| E|CS|TAMS 0x00000000aea00000, 0x00000000aea00000| Complete 
| 235|0x00000000aeb00000, 0x00000000aec00000, 0x00000000aec00000|100%| E|CS|TAMS 0x00000000aeb00000, 0x00000000aeb00000| Complete 
| 236|0x00000000aec00000, 0x00000000aed00000, 0x00000000aed00000|100%| E|CS|TAMS 0x00000000aec00000, 0x00000000aec00000| Complete 
| 237|0x00000000aed00000, 0x00000000aee00000, 0x00000000aee00000|100%| E|CS|TAMS 0x00000000aed00000, 0x00000000aed00000| Complete 
| 238|0x00000000aee00000, 0x00000000aef00000, 0x00000000aef00000|100%| E|CS|TAMS 0x00000000aee00000, 0x00000000aee00000| Complete 
| 239|0x00000000aef00000, 0x00000000af000000, 0x00000000af000000|100%| E|CS|TAMS 0x00000000aef00000, 0x00000000aef00000| Complete 
| 240|0x00000000af000000, 0x00000000af100000, 0x00000000af100000|100%| E|CS|TAMS 0x00000000af000000, 0x00000000af000000| Complete 
| 241|0x00000000af100000, 0x00000000af200000, 0x00000000af200000|100%| E|CS|TAMS 0x00000000af100000, 0x00000000af100000| Complete 
| 242|0x00000000af200000, 0x00000000af300000, 0x00000000af300000|100%| E|CS|TAMS 0x00000000af200000, 0x00000000af200000| Complete 
| 243|0x00000000af300000, 0x00000000af400000, 0x00000000af400000|100%| E|CS|TAMS 0x00000000af300000, 0x00000000af300000| Complete 
| 244|0x00000000af400000, 0x00000000af500000, 0x00000000af500000|100%| E|CS|TAMS 0x00000000af400000, 0x00000000af400000| Complete 
| 245|0x00000000af500000, 0x00000000af600000, 0x00000000af600000|100%| E|CS|TAMS 0x00000000af500000, 0x00000000af500000| Complete 
| 246|0x00000000af600000, 0x00000000af700000, 0x00000000af700000|100%| E|CS|TAMS 0x00000000af600000, 0x00000000af600000| Complete 
| 247|0x00000000af700000, 0x00000000af800000, 0x00000000af800000|100%| E|CS|TAMS 0x00000000af700000, 0x00000000af700000| Complete 
| 248|0x00000000af800000, 0x00000000af900000, 0x00000000af900000|100%| E|CS|TAMS 0x00000000af800000, 0x00000000af800000| Complete 
| 249|0x00000000af900000, 0x00000000afa00000, 0x00000000afa00000|100%| E|CS|TAMS 0x00000000af900000, 0x00000000af900000| Complete 
| 250|0x00000000afa00000, 0x00000000afb00000, 0x00000000afb00000|100%| E|CS|TAMS 0x00000000afa00000, 0x00000000afa00000| Complete 
| 251|0x00000000afb00000, 0x00000000afc00000, 0x00000000afc00000|100%| E|CS|TAMS 0x00000000afb00000, 0x00000000afb00000| Complete 
| 252|0x00000000afc00000, 0x00000000afd00000, 0x00000000afd00000|100%| E|CS|TAMS 0x00000000afc00000, 0x00000000afc00000| Complete 
| 253|0x00000000afd00000, 0x00000000afe00000, 0x00000000afe00000|100%| E|CS|TAMS 0x00000000afd00000, 0x00000000afd00000| Complete 

Card table byte_map: [0x0000023a8f410000,0x0000023a8f710000] _byte_map_base: 0x0000023a8ef10000

Marking Bits (Prev, Next): (CMBitMap*) 0x0000023afc2f7a20, (CMBitMap*) 0x0000023afc2f79e8
 Prev Bits: [0x0000023a91210000, 0x0000023a92a10000)
 Next Bits: [0x0000023a8fa10000, 0x0000023a91210000)

Polling page: 0x0000023afa250000

Metaspace:

Usage:
  Non-class:     24.99 MB capacity,    24.65 MB ( 99%) used,   297.44 KB (  1%) free+waste,    59.69 KB ( <1%) overhead. 
      Class:      3.98 MB capacity,     3.72 MB ( 93%) used,   235.47 KB (  6%) free+waste,    30.00 KB ( <1%) overhead. 
       Both:     28.98 MB capacity,    28.37 MB ( 98%) used,   532.91 KB (  2%) free+waste,    89.69 KB ( <1%) overhead. 

Virtual space:
  Non-class space:       26.00 MB reserved,      25.17 MB ( 97%) committed 
      Class space:        1.00 GB reserved,       4.00 MB ( <1%) committed 
             Both:        1.03 GB reserved,      29.17 MB (  3%) committed 

Chunk freelists:
   Non-Class:  0 bytes
       Class:  19.00 KB
        Both:  19.00 KB

MaxMetaspaceSize: 17179869184.00 GB
CompressedClassSpaceSize: 1.00 GB
Initial GC threshold: 20.80 MB
Current GC threshold: 35.08 MB
CDS: off

CodeHeap 'non-profiled nmethods': size=120000Kb used=1358Kb max_used=1358Kb free=118641Kb
 bounds [0x0000023a87ad0000, 0x0000023a87d40000, 0x0000023a8f000000]
CodeHeap 'profiled nmethods': size=120000Kb used=5153Kb max_used=5153Kb free=114846Kb
 bounds [0x0000023a805a0000, 0x0000023a80ab0000, 0x0000023a87ad0000]
CodeHeap 'non-nmethods': size=5760Kb used=1226Kb max_used=1268Kb free=4534Kb
 bounds [0x0000023a80000000, 0x0000023a80270000, 0x0000023a805a0000]
 total_blobs=2927 nmethods=2426 adapters=413
 compilation: enabled
              stopped_count=0, restarted_count=0
 full_count=0

Compilation events (20 events):
Event: 3.727 Thread 0x0000023a95d44800 2359       3       java.util.TreeMap::put (247 bytes)
Event: 3.728 Thread 0x0000023a95d44800 nmethod 2359 0x0000023a80a8b990 code [0x0000023a80a8bc80, 0x0000023a80a8cfd8]
Event: 3.731 Thread 0x0000023a95d44800 2361       3       java.lang.invoke.MethodHandles$Lookup::lookupModes (8 bytes)
Event: 3.731 Thread 0x0000023a95d44800 nmethod 2361 0x0000023a80a8d590 code [0x0000023a80a8d740, 0x0000023a80a8d838]
Event: 3.734 Thread 0x0000023a9919e800 2363 %     4       jdk.internal.org.objectweb.asm.Type::getArgumentsAndReturnSizes @ 63 (151 bytes)
Event: 3.734 Thread 0x0000023a95d44800 2364       3       jdk.internal.org.objectweb.asm.AnnotationWriter::put (109 bytes)
Event: 3.735 Thread 0x0000023a95d44800 nmethod 2364 0x0000023a80a8d910 code [0x0000023a80a8db20, 0x0000023a80a8df58]
Event: 3.738 Thread 0x0000023a95d44800 2366       3       com.google.common.cache.LongAdder::<init> (5 bytes)
Event: 3.738 Thread 0x0000023a95d44800 nmethod 2366 0x0000023a80a8e190 code [0x0000023a80a8e360, 0x0000023a80a8e578]
Event: 3.739 Thread 0x0000023a95d44800 2365       1       com.google.common.cache.CacheBuilder::getStatsCounterSupplier (5 bytes)
Event: 3.739 Thread 0x0000023a95d44800 nmethod 2365 0x0000023a87c1db90 code [0x0000023a87c1dd40, 0x0000023a87c1ddf8]
Event: 3.743 Thread 0x0000023a9919e800 nmethod 2363% 0x0000023a87c1de90 code [0x0000023a87c1e080, 0x0000023a87c1e5c0]
Event: 3.747 Thread 0x0000023a95d44800 2367       3       java.lang.reflect.ProxyGenerator$MethodInfo::<init> (86 bytes)
Event: 3.747 Thread 0x0000023a95d44800 nmethod 2367 0x0000023a80a8e690 code [0x0000023a80a8e940, 0x0000023a80a8f528]
Event: 3.747 Thread 0x0000023a95d44800 2368       3       java.lang.reflect.ProxyGenerator::codeClassForName (41 bytes)
Event: 3.748 Thread 0x0000023a95d44800 nmethod 2368 0x0000023a80a8fa10 code [0x0000023a80a8fd80, 0x0000023a80a91158]
Event: 3.748 Thread 0x0000023a95d44800 2369       3       java.lang.reflect.ProxyGenerator::code_astore (11 bytes)
Event: 3.748 Thread 0x0000023a95d44800 nmethod 2369 0x0000023a80a91a10 code [0x0000023a80a91bc0, 0x0000023a80a91d08]
Event: 3.757 Thread 0x0000023a95d44800 2370       3       com.google.common.base.MoreObjects::firstNonNull (22 bytes)
Event: 3.757 Thread 0x0000023a95d44800 nmethod 2370 0x0000023a80a91d90 code [0x0000023a80a91f60, 0x0000023a80a92188]

GC Heap History (6 events):
Event: 0.731 GC heap before
{Heap before GC invocations=0 (full 0):
 garbage-first heap   total 260096K, used 29696K [0x00000000a0000000, 0x0000000100000000)
  region size 1024K, 24 young (24576K), 0 survivors (0K)
 Metaspace       used 9784K, capacity 9960K, committed 10112K, reserved 1058816K
  class space    used 1006K, capacity 1069K, committed 1152K, reserved 1048576K
}
Event: 0.735 GC heap after
{Heap after GC invocations=1 (full 0):
 garbage-first heap   total 260096K, used 9228K [0x00000000a0000000, 0x0000000100000000)
  region size 1024K, 3 young (3072K), 3 survivors (3072K)
 Metaspace       used 9784K, capacity 9960K, committed 10112K, reserved 1058816K
  class space    used 1006K, capacity 1069K, committed 1152K, reserved 1048576K
}
Event: 2.680 GC heap before
{Heap before GC invocations=1 (full 0):
 garbage-first heap   total 260096K, used 108556K [0x00000000a0000000, 0x0000000100000000)
  region size 1024K, 101 young (103424K), 3 survivors (3072K)
 Metaspace       used 20699K, capacity 21184K, committed 21296K, reserved 1069056K
  class space    used 2502K, capacity 2666K, committed 2688K, reserved 1048576K
}
Event: 2.691 GC heap after
{Heap after GC invocations=2 (full 0):
 garbage-first heap   total 260096K, used 17730K [0x00000000a0000000, 0x0000000100000000)
  region size 1024K, 12 young (12288K), 12 survivors (12288K)
 Metaspace       used 20699K, capacity 21184K, committed 21296K, reserved 1069056K
  class space    used 2502K, capacity 2666K, committed 2688K, reserved 1048576K
}
Event: 3.051 GC heap before
{Heap before GC invocations=3 (full 0):
 garbage-first heap   total 260096K, used 46402K [0x00000000a0000000, 0x0000000100000000)
  region size 1024K, 40 young (40960K), 12 survivors (12288K)
 Metaspace       used 23625K, capacity 24183K, committed 24368K, reserved 1071104K
  class space    used 2955K, capacity 3155K, committed 3200K, reserved 1048576K
}
Event: 3.058 GC heap after
{Heap after GC invocations=4 (full 0):
 garbage-first heap   total 260096K, used 18996K [0x00000000a0000000, 0x0000000100000000)
  region size 1024K, 2 young (2048K), 2 survivors (2048K)
 Metaspace       used 23625K, capacity 24183K, committed 24368K, reserved 1071104K
  class space    used 2955K, capacity 3155K, committed 3200K, reserved 1048576K
}

Deoptimization events (20 events):
Event: 3.205 Thread 0x0000023a9874c000 Uncommon trap: trap_request=0xffffffcc fr.pc=0x0000023a87bf2f78 relative=0x00000000000002b8
Event: 3.205 Thread 0x0000023a9874c000 Uncommon trap: reason=intrinsic_or_type_checked_inlining action=make_not_entrant pc=0x0000023a87bf2f78 method=java.util.Arrays.copyOf([Ljava/lang/Object;ILjava/lang/Class;)[Ljava/lang/Object; @ 35 c2
Event: 3.205 Thread 0x0000023a9874c000 DEOPT PACKING pc=0x0000023a87bf2f78 sp=0x0000004ac47f8f80
Event: 3.205 Thread 0x0000023a9874c000 DEOPT UNPACKING pc=0x0000023a8004a1af sp=0x0000004ac47f8f10 mode 2
Event: 3.280 Thread 0x0000023a9874c000 Uncommon trap: trap_request=0xffffff7e fr.pc=0x0000023a87befa90 relative=0x0000000000000150
Event: 3.280 Thread 0x0000023a9874c000 Uncommon trap: reason=predicate action=maybe_recompile pc=0x0000023a87befa90 method=com.google.common.base.CharMatcher.indexIn(Ljava/lang/CharSequence;I)I @ 19 c2
Event: 3.280 Thread 0x0000023a9874c000 DEOPT PACKING pc=0x0000023a87befa90 sp=0x0000004ac47fb920
Event: 3.280 Thread 0x0000023a9874c000 DEOPT UNPACKING pc=0x0000023a8004a1af sp=0x0000004ac47fb8b0 mode 2
Event: 3.672 Thread 0x0000023a9874c000 Uncommon trap: trap_request=0xffffff4d fr.pc=0x0000023a87bba24c relative=0x000000000000020c
Event: 3.672 Thread 0x0000023a9874c000 Uncommon trap: reason=unstable_if action=reinterpret pc=0x0000023a87bba24c method=java.util.HashMap.hash(Ljava/lang/Object;)I @ 1 c2
Event: 3.672 Thread 0x0000023a9874c000 DEOPT PACKING pc=0x0000023a87bba24c sp=0x0000004ac47f7d80
Event: 3.672 Thread 0x0000023a9874c000 DEOPT UNPACKING pc=0x0000023a8004a1af sp=0x0000004ac47f7cb8 mode 2
Event: 3.673 Thread 0x0000023a9874c000 Uncommon trap: trap_request=0xffffff4d fr.pc=0x0000023a87ae9aac relative=0x000000000000008c
Event: 3.673 Thread 0x0000023a9874c000 Uncommon trap: reason=unstable_if action=reinterpret pc=0x0000023a87ae9aac method=java.util.HashMap.hash(Ljava/lang/Object;)I @ 1 c2
Event: 3.673 Thread 0x0000023a9874c000 DEOPT PACKING pc=0x0000023a87ae9aac sp=0x0000004ac47f7af0
Event: 3.673 Thread 0x0000023a9874c000 DEOPT UNPACKING pc=0x0000023a8004a1af sp=0x0000004ac47f7a88 mode 2
Event: 3.716 Thread 0x0000023a9874c000 Uncommon trap: trap_request=0xffffff4d fr.pc=0x0000023a87c1b864 relative=0x00000000000001a4
Event: 3.716 Thread 0x0000023a9874c000 Uncommon trap: reason=unstable_if action=reinterpret pc=0x0000023a87c1b864 method=java.util.regex.Pattern$BmpCharProperty.match(Ljava/util/regex/Matcher;ILjava/lang/CharSequence;)Z @ 39 c2
Event: 3.716 Thread 0x0000023a9874c000 DEOPT PACKING pc=0x0000023a87c1b864 sp=0x0000004ac47f9610
Event: 3.716 Thread 0x0000023a9874c000 DEOPT UNPACKING pc=0x0000023a8004a1af sp=0x0000004ac47f95c0 mode 2

Classes redefined (0 events):
No events

Internal exceptions (20 events):
Event: 3.008 Thread 0x0000023a9874c000 Exception <a 'java/lang/NoSuchMethodError'{0x00000000ae3519f0}: 'void java.lang.invoke.DirectMethodHandle$Holder.invokeSpecial(java.lang.Object, java.lang.Object, java.lang.Object, java.lang.Object, java.lang.Object, java.lang.Object)'> (0x00000000ae3519f0) thrown at [./src/hotspot/share/interpreter/linkResolver.cpp, line 773]
Event: 3.021 Thread 0x0000023a9874c000 Exception <a 'java/lang/NoSuchMethodError'{0x00000000ae3c0c68}: 'void java.lang.invoke.DirectMethodHandle$Holder.invokeSpecial(java.lang.Object, java.lang.Object, java.lang.Object, java.lang.Object, java.lang.Object, java.lang.Object, java.lang.Object)'> (0x00000000ae3c0c68) thrown at [./src/hotspot/share/interpreter/linkResolver.cpp, line 773]
Event: 3.022 Thread 0x0000023a9874c000 Exception <a 'java/lang/NoSuchMethodError'{0x00000000ae3c9158}: 'java.lang.Object java.lang.invoke.Invokers$Holder.linkToTargetMethod(java.lang.Object, java.lang.Object, java.lang.Object, java.lang.Object, java.lang.Object, java.lang.Object)'> (0x00000000ae3c9158) thrown at [./src/hotspot/share/interpreter/linkResolver.cpp, line 773]
Event: 3.064 Thread 0x0000023a9874c000 Exception <a 'java/lang/NoSuchMethodError'{0x00000000afdb0830}: 'java.lang.Object java.lang.invoke.DirectMethodHandle$Holder.invokeVirtual(java.lang.Object, java.lang.Object, java.lang.Object, java.lang.Object, java.lang.Object, java.lang.Object, java.lang.Object, java.lang.Object, java.lang.Object, java.lang.Object, java.lang.Object, java.lang.Object, java.lang.Object, java.lang.Object, java.lang.Object, java.lang.Object, java.lang.Object, java.lang.Object, java.lang.Object, java.lang.Object, java.lang.Ob
Event: 3.136 Thread 0x0000023a9874c000 Exception <a 'java/lang/NoSuchMethodError'{0x00000000af5d1960}: 'int java.lang.invoke.DirectMethodHandle$Holder.invokeStaticInit(java.lang.Object, java.lang.Object, java.lang.Object)'> (0x00000000af5d1960) thrown at [./src/hotspot/share/interpreter/linkResolver.cpp, line 773]
Event: 3.216 Thread 0x0000023a9874c000 Exception <a 'java/lang/NoSuchMethodError'{0x00000000af0632c8}: 'void java.lang.invoke.DirectMethodHandle$Holder.invokeStaticInit(java.lang.Object, java.lang.Object)'> (0x00000000af0632c8) thrown at [./src/hotspot/share/interpreter/linkResolver.cpp, line 773]
Event: 3.419 Thread 0x0000023a9874c000 Exception <a 'java/lang/NoSuchMethodError'{0x00000000aea38b38}: 'void java.lang.invoke.DirectMethodHandle$Holder.invokeStatic(java.lang.Object, java.lang.Object, java.lang.Object, java.lang.Object)'> (0x00000000aea38b38) thrown at [./src/hotspot/share/interpreter/linkResolver.cpp, line 773]
Event: 3.421 Thread 0x0000023a9874c000 Exception <a 'java/lang/NoSuchMethodError'{0x00000000aea57ca0}: 'int java.lang.invoke.DirectMethodHandle$Holder.invokeVirtual(java.lang.Object, java.lang.Object)'> (0x00000000aea57ca0) thrown at [./src/hotspot/share/interpreter/linkResolver.cpp, line 773]
Event: 3.424 Thread 0x0000023a9874c000 Exception <a 'java/lang/NoSuchMethodError'{0x00000000aea70810}: 'java.lang.Object java.lang.invoke.DirectMethodHandle$Holder.invokeVirtual(java.lang.Object, java.lang.Object, java.lang.Object)'> (0x00000000aea70810) thrown at [./src/hotspot/share/interpreter/linkResolver.cpp, line 773]
Event: 3.430 Thread 0x0000023a9874c000 Exception <a 'java/lang/NoSuchMethodError'{0x00000000aeaf9f18}: 'int java.lang.invoke.DirectMethodHandle$Holder.invokeVirtual(java.lang.Object, java.lang.Object, java.lang.Object)'> (0x00000000aeaf9f18) thrown at [./src/hotspot/share/interpreter/linkResolver.cpp, line 773]
Event: 3.452 Thread 0x0000023a9874c000 Exception <a 'java/lang/NoSuchMethodError'{0x00000000ae88f340}: 'void java.lang.invoke.DirectMethodHandle$Holder.invokeSpecial(java.lang.Object, java.lang.Object)'> (0x00000000ae88f340) thrown at [./src/hotspot/share/interpreter/linkResolver.cpp, line 773]
Event: 3.595 Thread 0x0000023a9874c000 Exception <a 'java/lang/NoSuchMethodError'{0x00000000ad87ba30}: 'java.lang.Object java.lang.invoke.DirectMethodHandle$Holder.invokeSpecialIFC(java.lang.Object, java.lang.Object, java.lang.Object, java.lang.Object)'> (0x00000000ad87ba30) thrown at [./src/hotspot/share/interpreter/linkResolver.cpp, line 773]
Event: 3.672 Thread 0x0000023a9874c000 Implicit null exception at 0x0000023a87bba075 to 0x0000023a87bba23c
Event: 3.672 Thread 0x0000023a9874c000 Implicit null exception at 0x0000023a87ae9a2f to 0x0000023a87ae9a9d
Event: 3.720 Thread 0x0000023a9874c000 Exception <a 'java/lang/NoSuchMethodError'{0x00000000acdca1b0}: 'java.lang.Object java.lang.invoke.DirectMethodHandle$Holder.invokeSpecial(java.lang.Object, java.lang.Object, java.lang.Object, java.lang.Object, java.lang.Object, java.lang.Object, java.lang.Object, java.lang.Object, java.lang.Object, java.lang.Object, java.lang.Object, java.lang.Object, java.lang.Object)'> (0x00000000acdca1b0) thrown at [./src/hotspot/share/interpreter/linkResolver.cpp, line 773]
Event: 3.721 Thread 0x0000023a9874c000 Exception <a 'java/lang/NoSuchMethodError'{0x00000000acddb2b8}: 'java.lang.Object java.lang.invoke.DirectMethodHandle$Holder.invokeSpecial(java.lang.Object, java.lang.Object, java.lang.Object, java.lang.Object, java.lang.Object, java.lang.Object, java.lang.Object, java.lang.Object, java.lang.Object, java.lang.Object, java.lang.Object, java.lang.Object)'> (0x00000000acddb2b8) thrown at [./src/hotspot/share/interpreter/linkResolver.cpp, line 773]
Event: 3.721 Thread 0x0000023a9874c000 Exception <a 'java/lang/NoSuchMethodError'{0x00000000acde0688}: 'java.lang.Object java.lang.invoke.Invokers$Holder.linkToTargetMethod(java.lang.Object, java.lang.Object, java.lang.Object, java.lang.Object, java.lang.Object, java.lang.Object, java.lang.Object, java.lang.Object, java.lang.Object, java.lang.Object, java.lang.Object)'> (0x00000000acde0688) thrown at [./src/hotspot/share/interpreter/linkResolver.cpp, line 773]
Event: 3.729 Thread 0x0000023a9874c000 Exception <a 'java/lang/NoSuchMethodError'{0x00000000acc78ed8}: 'java.lang.Object java.lang.invoke.DirectMethodHandle$Holder.invokeSpecial(java.lang.Object, java.lang.Object, java.lang.Object, java.lang.Object, java.lang.Object, java.lang.Object, java.lang.Object, java.lang.Object, java.lang.Object, java.lang.Object, java.lang.Object, java.lang.Object, java.lang.Object, java.lang.Object)'> (0x00000000acc78ed8) thrown at [./src/hotspot/share/interpreter/linkResolver.cpp, line 773]
Event: 3.730 Thread 0x0000023a9874c000 Exception <a 'java/lang/NoSuchMethodError'{0x00000000acc8aa40}: 'java.lang.Object java.lang.invoke.Invokers$Holder.linkToTargetMethod(java.lang.Object, java.lang.Object, java.lang.Object, java.lang.Object, java.lang.Object, java.lang.Object, java.lang.Object, java.lang.Object, java.lang.Object, java.lang.Object, java.lang.Object, java.lang.Object)'> (0x00000000acc8aa40) thrown at [./src/hotspot/share/interpreter/linkResolver.cpp, line 773]
Event: 3.744 Thread 0x0000023a9874c000 Exception <a 'java/lang/NoSuchMethodError'{0x00000000acb70c88}: 'java.lang.Object java.lang.invoke.DirectMethodHandle$Holder.invokeStaticInit(java.lang.Object, java.lang.Object, java.lang.Object, java.lang.Object)'> (0x00000000acb70c88) thrown at [./src/hotspot/share/interpreter/linkResolver.cpp, line 773]

Events (20 events):
Event: 3.755 loading class org/gradle/util/internal/BuildCommencedTimeProvider done
Event: 3.755 loading class org/gradle/util/internal/BuildCommencedTimeProvider
Event: 3.755 loading class org/gradle/util/internal/BuildCommencedTimeProvider done
Event: 3.757 Thread 0x0000023a97f86800 Thread added: 0x0000023a97f86800
Event: 3.758 loading class org/gradle/api/internal/artifacts/ivyservice/resolveengine/DefaultArtifactDependencyResolver
Event: 3.758 loading class org/gradle/api/internal/artifacts/ivyservice/resolveengine/DefaultArtifactDependencyResolver done
Event: 3.759 loading class org/gradle/api/internal/artifacts/ivyservice/resolveengine/graph/DependencyGraphVisitor
Event: 3.759 loading class org/gradle/api/internal/artifacts/ivyservice/resolveengine/graph/DependencyGraphVisitor done
Event: 3.759 loading class org/gradle/api/internal/artifacts/ivyservice/resolveengine/graph/conflicts/CapabilitiesConflictHandler$Resolver
Event: 3.759 loading class org/gradle/api/internal/artifacts/ivyservice/resolveengine/graph/conflicts/CapabilitiesConflictHandler$Resolver done
Event: 3.759 loading class org/gradle/internal/resolve/resolver/ResolveContextToComponentResolver
Event: 3.759 loading class org/gradle/internal/resolve/resolver/ResolveContextToComponentResolver done
Event: 3.759 loading class org/gradle/api/internal/artifacts/ivyservice/resolveengine/graph/conflicts/ModuleConflictHandler
Event: 3.759 loading class org/gradle/api/internal/artifacts/ivyservice/resolveengine/graph/conflicts/ModuleConflictHandler done
Event: 3.760 loading class org/gradle/api/internal/artifacts/ivyservice/resolveengine/graph/conflicts/ConflictHandler
Event: 3.760 loading class org/gradle/api/internal/artifacts/ivyservice/resolveengine/graph/conflicts/ConflictHandler done
Event: 3.760 loading class org/gradle/api/internal/artifacts/ivyservice/resolveengine/graph/conflicts/CapabilitiesConflictHandler
Event: 3.760 loading class org/gradle/api/internal/artifacts/ivyservice/resolveengine/graph/conflicts/CapabilitiesConflictHandler done
Event: 3.760 loading class org/gradle/api/internal/artifacts/ivyservice/dependencysubstitution/DependencySubstitutionApplicator
Event: 3.760 loading class org/gradle/api/internal/artifacts/ivyservice/dependencysubstitution/DependencySubstitutionApplicator done


Dynamic libraries:
0x00007ff635590000 - 0x00007ff63559a000 	C:\Program Files\Android\Android Studio\jre\bin\java.exe
0x00007ff9192b0000 - 0x00007ff9194a8000 	C:\Windows\SYSTEM32\ntdll.dll
0x00007ff9172f0000 - 0x00007ff9173af000 	C:\Windows\System32\KERNEL32.DLL
0x00007ff917010000 - 0x00007ff9172e2000 	C:\Windows\System32\KERNELBASE.dll
0x00007ff916bf0000 - 0x00007ff916cf0000 	C:\Windows\System32\ucrtbase.dll
0x00007ff8c1360000 - 0x00007ff8c1379000 	C:\Program Files\Android\Android Studio\jre\bin\jli.dll
0x00007ff8c0070000 - 0x00007ff8c0087000 	C:\Program Files\Android\Android Studio\jre\bin\VCRUNTIME140.dll
0x00007ff9190c0000 - 0x00007ff919261000 	C:\Windows\System32\USER32.dll
0x00007ff904050000 - 0x00007ff9042ea000 	C:\Windows\WinSxS\amd64_microsoft.windows.common-controls_6595b64144ccf1df_6.0.19041.1110_none_60b5254171f9507e\COMCTL32.dll
0x00007ff916fe0000 - 0x00007ff917002000 	C:\Windows\System32\win32u.dll
0x00007ff9181e0000 - 0x00007ff91827e000 	C:\Windows\System32\msvcrt.dll
0x00007ff918280000 - 0x00007ff9182ab000 	C:\Windows\System32\GDI32.dll
0x00007ff916ae0000 - 0x00007ff916bef000 	C:\Windows\System32\gdi32full.dll
0x00007ff9169a0000 - 0x00007ff916a3d000 	C:\Windows\System32\msvcp_win.dll
0x00007ff9182b0000 - 0x00007ff9182e2000 	C:\Windows\System32\IMM32.DLL
0x00007ff8bffd0000 - 0x00007ff8c006d000 	C:\Program Files\Android\Android Studio\jre\bin\msvcp140.dll
0x00007ff8bf4c0000 - 0x00007ff8bffc2000 	C:\Program Files\Android\Android Studio\jre\bin\server\jvm.dll
0x00007ff9187b0000 - 0x00007ff91885e000 	C:\Windows\System32\ADVAPI32.dll
0x00007ff918f90000 - 0x00007ff91902c000 	C:\Windows\System32\sechost.dll
0x00007ff917690000 - 0x00007ff9177b5000 	C:\Windows\System32\RPCRT4.dll
0x00007ff9177c0000 - 0x00007ff9177c8000 	C:\Windows\System32\PSAPI.DLL
0x00007ff90b080000 - 0x00007ff90b089000 	C:\Windows\SYSTEM32\WSOCK32.dll
0x00007ff9044b0000 - 0x00007ff9044d7000 	C:\Windows\SYSTEM32\WINMM.dll
0x00007ff918300000 - 0x00007ff91836b000 	C:\Windows\System32\WS2_32.dll
0x00007ff90fd70000 - 0x00007ff90fd7a000 	C:\Windows\SYSTEM32\VERSION.dll
0x00007ff914860000 - 0x00007ff914872000 	C:\Windows\SYSTEM32\kernel.appcore.dll
0x00007ff8bf4a0000 - 0x00007ff8bf4b1000 	C:\Program Files\Android\Android Studio\jre\bin\verify.dll
0x00007ff8ffe10000 - 0x00007ff8ffff4000 	C:\Windows\SYSTEM32\DBGHELP.DLL
0x00007ff8ffdd0000 - 0x00007ff8ffe05000 	C:\Windows\SYSTEM32\dbgcore.DLL
0x00007ff916ea0000 - 0x00007ff916f22000 	C:\Windows\System32\bcryptPrimitives.dll
0x00007ff8bf470000 - 0x00007ff8bf499000 	C:\Program Files\Android\Android Studio\jre\bin\java.dll
0x00007ff8cbbe0000 - 0x00007ff8cbbeb000 	C:\Program Files\Android\Android Studio\jre\bin\jimage.dll
0x00007ff8bf450000 - 0x00007ff8bf468000 	C:\Program Files\Android\Android Studio\jre\bin\zip.dll
0x00007ff9178f0000 - 0x00007ff918034000 	C:\Windows\System32\SHELL32.dll
0x00007ff914a60000 - 0x00007ff9151f2000 	C:\Windows\SYSTEM32\windows.storage.dll
0x00007ff918380000 - 0x00007ff9186d5000 	C:\Windows\System32\combase.dll
0x00007ff916400000 - 0x00007ff916430000 	C:\Windows\SYSTEM32\Wldp.dll
0x00007ff917410000 - 0x00007ff9174bd000 	C:\Windows\System32\SHCORE.dll
0x00007ff918180000 - 0x00007ff9181d5000 	C:\Windows\System32\shlwapi.dll
0x00007ff9168e0000 - 0x00007ff9168ff000 	C:\Windows\SYSTEM32\profapi.dll
0x00007ff8bf430000 - 0x00007ff8bf44a000 	C:\Program Files\Android\Android Studio\jre\bin\net.dll
0x00007ff90d890000 - 0x00007ff90d99c000 	C:\Windows\SYSTEM32\WINHTTP.dll
0x00007ff916160000 - 0x00007ff9161ca000 	C:\Windows\system32\mswsock.dll
0x00007ff8bf410000 - 0x00007ff8bf424000 	C:\Program Files\Android\Android Studio\jre\bin\nio.dll
0x00007ff8bf3e0000 - 0x00007ff8bf407000 	C:\Users\ozone\.gradle\native\e1d6ef7f7dcc3fd88c89a11ec53ec762bb8ba0a96d01ffa2cd45eb1d1d8dd5c5\windows-amd64\native-platform.dll
0x00007ff8bf270000 - 0x00007ff8bf3b4000 	C:\Users\ozone\.gradle\native\0d407fdbe67a94daf76414ababcb853783967236a71b16ec16e742cd7a986fd3\windows-amd64\native-platform-file-events.dll
0x00007ff8bf3d0000 - 0x00007ff8bf3da000 	C:\Program Files\Android\Android Studio\jre\bin\management.dll
0x00007ff8bf3c0000 - 0x00007ff8bf3cd000 	C:\Program Files\Android\Android Studio\jre\bin\management_ext.dll
0x00007ff916350000 - 0x00007ff916368000 	C:\Windows\SYSTEM32\CRYPTSP.dll
0x00007ff915a10000 - 0x00007ff915a44000 	C:\Windows\system32\rsaenh.dll
0x00007ff916a40000 - 0x00007ff916a67000 	C:\Windows\System32\bcrypt.dll
0x00007ff9168a0000 - 0x00007ff9168ce000 	C:\Windows\SYSTEM32\USERENV.dll
0x00007ff916370000 - 0x00007ff91637c000 	C:\Windows\SYSTEM32\CRYPTBASE.dll
0x00007ff915e00000 - 0x00007ff915e3b000 	C:\Windows\SYSTEM32\IPHLPAPI.DLL
0x00007ff9182f0000 - 0x00007ff9182f8000 	C:\Windows\System32\NSI.dll
0x00007ff90e530000 - 0x00007ff90e547000 	C:\Windows\SYSTEM32\dhcpcsvc6.DLL
0x00007ff90f510000 - 0x00007ff90f52d000 	C:\Windows\SYSTEM32\dhcpcsvc.DLL
0x00007ff915e40000 - 0x00007ff915f0a000 	C:\Windows\SYSTEM32\DNSAPI.dll

dbghelp: loaded successfully - version: 4.0.5 - missing functions: none
symbol engine: initialized successfully - sym options: 0x614 - pdb path: .;C:\Program Files\Android\Android Studio\jre\bin;C:\Windows\SYSTEM32;C:\Windows\WinSxS\amd64_microsoft.windows.common-controls_6595b64144ccf1df_6.0.19041.1110_none_60b5254171f9507e;C:\Program Files\Android\Android Studio\jre\bin\server;C:\Users\ozone\.gradle\native\e1d6ef7f7dcc3fd88c89a11ec53ec762bb8ba0a96d01ffa2cd45eb1d1d8dd5c5\windows-amd64;C:\Users\ozone\.gradle\native\0d407fdbe67a94daf76414ababcb853783967236a71b16ec16e742cd7a986fd3\windows-amd64

VM Arguments:
jvm_args: --add-opens=java.base/java.util=ALL-UNNAMED --add-opens=java.base/java.lang=ALL-UNNAMED --add-opens=java.base/java.lang.invoke=ALL-UNNAMED --add-opens=java.base/java.util=ALL-UNNAMED --add-opens=java.prefs/java.util.prefs=ALL-UNNAMED --add-opens=java.prefs/java.util.prefs=ALL-UNNAMED --add-opens=java.base/java.nio.charset=ALL-UNNAMED --add-opens=java.base/java.net=ALL-UNNAMED --add-opens=java.base/java.util.concurrent.atomic=ALL-UNNAMED -Xmx1536M -Dfile.encoding=windows-1252 -Duser.country=US -Duser.language=en -Duser.variant 
java_command: org.gradle.launcher.daemon.bootstrap.GradleDaemon 7.4
java_class_path (initial): C:\Users\ozone\.gradle\wrapper\dists\gradle-7.4-all\aadb4xli5jkdsnukm30eibyiu\gradle-7.4\lib\gradle-launcher-7.4.jar
Launcher Type: SUN_STANDARD

[Global flags]
     intx CICompilerCount                          = 4                                         {product} {ergonomic}
     uint ConcGCThreads                            = 2                                         {product} {ergonomic}
     uint G1ConcRefinementThreads                  = 8                                         {product} {ergonomic}
   size_t G1HeapRegionSize                         = 1048576                                   {product} {ergonomic}
    uintx GCDrainStackTargetSize                   = 64                                        {product} {ergonomic}
   size_t InitialHeapSize                          = 266338304                                 {product} {ergonomic}
   size_t MarkStackSize                            = 4194304                                   {product} {ergonomic}
   size_t MaxHeapSize                              = 1610612736                                {product} {command line}
   size_t MaxNewSize                               = 965738496                                 {product} {ergonomic}
   size_t MinHeapDeltaBytes                        = 1048576                                   {product} {ergonomic}
    uintx NonNMethodCodeHeapSize                   = 5836300                                {pd product} {ergonomic}
    uintx NonProfiledCodeHeapSize                  = 122910970                              {pd product} {ergonomic}
    uintx ProfiledCodeHeapSize                     = 122910970                              {pd product} {ergonomic}
    uintx ReservedCodeCacheSize                    = 251658240                              {pd product} {ergonomic}
     bool SegmentedCodeCache                       = true                                      {product} {ergonomic}
     bool UseCompressedClassPointers               = true                                 {lp64_product} {ergonomic}
     bool UseCompressedOops                        = true                                 {lp64_product} {ergonomic}
     bool UseG1GC                                  = true                                      {product} {ergonomic}
     bool UseLargePagesIndividualAllocation        = false                                  {pd product} {ergonomic}

Logging:
Log output configuration:
 #0: stdout all=warning uptime,level,tags
 #1: stderr all=off uptime,level,tags

Environment Variables:
JAVA_HOME=C:\Program Files\Android\Android Studio\jre
CLASSPATH=D:\health_monitoring_system\live_graph_plotter\android\\gradle\wrapper\gradle-wrapper.jar
PATH=C:\Windows\system32;C:\Windows;C:\Windows\System32\Wbem;C:\Windows\System32\WindowsPowerShell\v1.0\;C:\Windows\System32\OpenSSH\;C:\Users\ozone\AppData\Local\Microsoft\WindowsApps;C:\Users\ozone\AppData\Local\Programs\Microsoft VS Code\bin;C:\src\flutter\bin;C:\src\flutter\bin\mingit\cmd
USERNAME=ozone
LANG=en_US.UTF-8
OS=Windows_NT
PROCESSOR_IDENTIFIER=Intel64 Family 6 Model 158 Stepping 10, GenuineIntel



---------------  S Y S T E M  ---------------

OS: Windows 10 , 64 bit Build 19041 (10.0.19041.2364)
OS uptime: 0 days 0:01 hours

CPU:total 8 (initial active 8) (4 cores per cpu, 2 threads per core) family 6 model 158 stepping 10 microcode 0xcc, cmov, cx8, fxsr, mmx, sse, sse2, sse3, ssse3, sse4.1, sse4.2, popcnt, avx, avx2, aes, clmul, erms, 3dnowpref, lzcnt, ht, tsc, tscinvbit, bmi1, bmi2, adx, fma

Memory: 4k page, system-wide physical 16221M (11639M free)
TotalPageFile size 19165M (AvailPageFile size 12801M)
current process WorkingSet (physical memory assigned to process): 256M, peak: 256M
current process commit charge ("private bytes"): 423M, peak: 426M

vm_info: OpenJDK 64-Bit Server VM (11.0.13+0-b1751.21-8125866) for windows-amd64 JRE (11.0.13+0-b1751.21-8125866), built on Feb  2 2022 03:00:22 by "builder" with MS VC++ 14.0 (VS2015)

END.
