#
# A fatal error has been detected by the Java Runtime Environment:
#
#  EXCEPTION_ACCESS_VIOLATION (0xc0000005) at pc=0x00007ffe5d6aef3c, pid=6596, tid=11592
#
# JRE version: OpenJDK Runtime Environment (11.0.13) (build 11.0.13+0-b1751.21-8125866)
# Java VM: OpenJDK 64-Bit Server VM (11.0.13+0-b1751.21-8125866, mixed mode, tiered, compressed oops, g1 gc, windows-amd64)
# Problematic frame:
# V  [jvm.dll+0x5eef3c]
#
# No core dump will be written. Minidumps are not enabled by default on client versions of Windows
#
# If you would like to submit a bug report, please visit:
#   https://bugreport.java.com/bugreport/crash.jsp
#

---------------  S U M M A R Y ------------

Command Line: --add-opens=java.base/java.util=ALL-UNNAMED --add-opens=java.base/java.lang=ALL-UNNAMED --add-opens=java.base/java.lang.invoke=ALL-UNNAMED --add-opens=java.base/java.util=ALL-UNNAMED --add-opens=java.prefs/java.util.prefs=ALL-UNNAMED --add-opens=java.prefs/java.util.prefs=ALL-UNNAMED --add-opens=java.base/java.nio.charset=ALL-UNNAMED --add-opens=java.base/java.net=ALL-UNNAMED --add-opens=java.base/java.util.concurrent.atomic=ALL-UNNAMED -Xmx1536M -Dfile.encoding=windows-1252 -Duser.country=US -Duser.language=en -Duser.variant org.gradle.launcher.daemon.bootstrap.GradleDaemon 7.4

Host: Intel(R) Core(TM) i5-9300H CPU @ 2.40GHz, 8 cores, 15G,  Windows 10 , 64 bit Build 19041 (10.0.19041.1889)
Time: Thu Jan 12 13:11:36 2023 Nepal Standard Time elapsed time: 16.486083 seconds (0d 0h 0m 16s)

---------------  T H R E A D  ---------------

Current thread (0x0000021acc964800):  JavaThread "C2 CompilerThread2" daemon [_thread_in_native, id=11592, stack(0x000000e488d00000,0x000000e488e00000)]


Current CompileTask:
C2:  16486 8961       4       org.gradle.internal.ImmutableActionSet::add (93 bytes)

Stack: [0x000000e488d00000,0x000000e488e00000],  sp=0x000000e488dfdda0,  free space=1015k
Native frames: (J=compiled Java code, j=interpreted, Vv=VM code, C=native code)
V  [jvm.dll+0x5eef3c]
V  [jvm.dll+0x20c6e0]
V  [jvm.dll+0x63aa1b]
V  [jvm.dll+0x2022f7]
V  [jvm.dll+0x188e01]
V  [jvm.dll+0x21106b]
V  [jvm.dll+0x20f8c1]
V  [jvm.dll+0x70de0f]
V  [jvm.dll+0x706a75]
V  [jvm.dll+0x60ed66]
C  [ucrtbase.dll+0x21bb2]
C  [KERNEL32.DLL+0x17034]
C  [ntdll.dll+0x526a1]


siginfo: EXCEPTION_ACCESS_VIOLATION (0xc0000005), reading address 0x00006ffe5d8c7e90


Register to memory mapping:

RIP=0x00007ffe5d6aef3c jvm.dll
RAX=0x00006ffe5d8c7e90 is an unknown value
RBX=0x0000021acd8e0f18 points into unknown readable memory: 0x00007ffe5d8c81d0 | d0 81 8c 5d fe 7f 00 00
RCX=0x0000021acd8e0ea8 points into unknown readable memory: 0x00006ffe5d8c7e90 | 90 7e 8c 5d fe 6f 00 00
RDX=0x0000000000000001 is an unknown value
RSP=0x000000e488dfdda0 is pointing into the stack for thread: 0x0000021acc964800
RBP=0x000000e488dfeaf0 is pointing into the stack for thread: 0x0000021acc964800
RSI=0x0000021acd8e0f68 points into unknown readable memory: 0x0000021acd8e0f18 | 18 0f 8e cd 1a 02 00 00
RDI=0x0000021acd8e0ea8 points into unknown readable memory: 0x00006ffe5d8c7e90 | 90 7e 8c 5d fe 6f 00 00
R8 =0x0000021ad36c1cd0 points into unknown readable memory: 0xff9cffe73f05cfeb | eb cf 05 3f e7 ff 9c ff
R9 =0x00000000000001d9 is an unknown value
R10=0x0000000000000001 is an unknown value
R11=0x0 is NULL
R12=0x00007ffe5d8d20f8 jvm.dll
R13=0x0000000000000008 is an unknown value
R14=0x0000021acd8e0f68 points into unknown readable memory: 0x0000021acd8e0f18 | 18 0f 8e cd 1a 02 00 00
R15=0x00000000000018dc is an unknown value


Registers:
RAX=0x00006ffe5d8c7e90, RBX=0x0000021acd8e0f18, RCX=0x0000021acd8e0ea8, RDX=0x0000000000000001
RSP=0x000000e488dfdda0, RBP=0x000000e488dfeaf0, RSI=0x0000021acd8e0f68, RDI=0x0000021acd8e0ea8
R8 =0x0000021ad36c1cd0, R9 =0x00000000000001d9, R10=0x0000000000000001, R11=0x0000000000000000
R12=0x00007ffe5d8d20f8, R13=0x0000000000000008, R14=0x0000021acd8e0f68, R15=0x00000000000018dc
RIP=0x00007ffe5d6aef3c, EFLAGS=0x0000000000010206

Top of Stack: (sp=0x000000e488dfdda0)
0x000000e488dfdda0:   000000e488dfe060 000000000000458b
0x000000e488dfddb0:   0000021a00000000 0000021a00000001
0x000000e488dfddc0:   000000e488dfe040 00007ffe5d2cc6e0
0x000000e488dfddd0:   0000021acd8e0ea8 0000021acd8e0f68
0x000000e488dfdde0:   000000e488dfeaf0 0000021ad530de08
0x000000e488dfddf0:   000000e488dfeaf0 000000e488dfe030
0x000000e488dfde00:   0000021ad0955670 00007ffe5d6faa1b
0x000000e488dfde10:   000000e488dfdf10 0000021ad0955670
0x000000e488dfde20:   000000e488dfdf10 000000e488dfe090
0x000000e488dfde30:   0000021ad538a8f8 00007ffe5d2c22f7
0x000000e488dfde40:   0000021ad5382910 000000e488dfdf40
0x000000e488dfde50:   0000021ad5389a10 0000021ad0955670
0x000000e488dfde60:   0000000000000000 000000e488dff3c0
0x000000e488dfde70:   0000000000000006 0000021ad57e4230
0x000000e488dfde80:   000000e488dff570 000000e488dff588
0x000000e488dfde90:   0000021aca468500 0000000000000000 

Instructions: (pc=0x00007ffe5d6aef3c)
0x00007ffe5d6aee3c:   74 24 18 57 48 83 ec 20 48 8b 59 10 8b ea 8b 41
0x00007ffe5d6aee4c:   20 48 8d 34 c3 48 3b de 73 22 66 66 0f 1f 84 00
0x00007ffe5d6aee5c:   00 00 00 00 48 8b 3b 48 8b cf 48 8b 07 ff 10 3b
0x00007ffe5d6aee6c:   c5 74 0b 48 83 c3 08 48 3b de 72 e8 33 ff 48 8b
0x00007ffe5d6aee7c:   5c 24 30 48 85 ff 48 8b 6c 24 38 48 8b 74 24 40
0x00007ffe5d6aee8c:   0f 95 c0 48 83 c4 20 5f c3 cc cc cc cc cc cc cc
0x00007ffe5d6aee9c:   cc cc cc cc 48 89 5c 24 08 48 89 6c 24 10 48 89
0x00007ffe5d6aeeac:   74 24 18 57 41 56 41 57 48 83 ec 20 48 8b 59 10
0x00007ffe5d6aeebc:   41 8b e9 8b 41 20 45 8b f0 44 8b fa 48 8d 3c c3
0x00007ffe5d6aeecc:   48 3b df 73 27 8b 74 24 60 48 8b 0b 48 8b 01 ff
0x00007ffe5d6aeedc:   10 41 3b c7 74 31 41 3b c6 74 2c 3b c5 74 28 3b
0x00007ffe5d6aeeec:   c6 74 24 48 83 c3 08 48 3b df 72 dd 32 c0 48 8b
0x00007ffe5d6aeefc:   5c 24 40 48 8b 6c 24 48 48 8b 74 24 50 48 83 c4
0x00007ffe5d6aef0c:   20 41 5f 41 5e 5f c3 b0 01 eb e3 cc cc cc cc cc
0x00007ffe5d6aef1c:   cc cc cc cc 48 89 5c 24 08 48 89 74 24 10 57 48
0x00007ffe5d6aef2c:   83 ec 20 48 8b 41 10 48 8b f9 48 8b 18 48 8b 01
0x00007ffe5d6aef3c:   ff 10 44 8b 47 2c 41 8b d0 83 e2 7f 8b f0 80 fa
0x00007ffe5d6aef4c:   50 75 43 48 8b 13 48 8b cb ff 12 3b c6 75 22 48
0x00007ffe5d6aef5c:   8b 43 08 48 39 78 08 75 18 b9 01 00 00 00 0f b6
0x00007ffe5d6aef6c:   c1 48 8b 5c 24 30 48 8b 74 24 38 48 83 c4 20 5f
0x00007ffe5d6aef7c:   c3 33 c9 0f b6 c1 48 8b 5c 24 30 48 8b 74 24 38
0x00007ffe5d6aef8c:   48 83 c4 20 5f c3 41 8b c0 83 e0 3f 3c 30 0f 84
0x00007ffe5d6aef9c:   da 00 00 00 41 8b c0 25 ff 03 00 00 3d 04 03 00
0x00007ffe5d6aefac:   00 0f 84 c7 00 00 00 41 8b c0 83 e0 0f 3c 0c 0f
0x00007ffe5d6aefbc:   84 b9 00 00 00 83 fe 16 75 2f 48 8b 03 48 8b cb
0x00007ffe5d6aefcc:   ff 10 83 f8 7a 75 aa 48 8b 43 08 48 39 78 08 75
0x00007ffe5d6aefdc:   a0 b9 01 00 00 00 0f b6 c1 48 8b 5c 24 30 48 8b
0x00007ffe5d6aefec:   74 24 38 48 83 c4 20 5f c3 8d 86 e1 fe ff ff 83
0x00007ffe5d6aeffc:   f8 01 76 44 41 83 e0 1f 41 80 f8 15 75 28 8b 4b
0x00007ffe5d6af00c:   2c 8b c1 25 ff 01 00 00 3d 48 01 00 00 74 05 80
0x00007ffe5d6af01c:   f9 c8 75 12 b0 01 48 8b 5c 24 30 48 8b 74 24 38
0x00007ffe5d6af02c:   48 83 c4 20 5f c3 32 c0 48 8b 5c 24 30 48 8b 74 


Stack slot to memory mapping:
stack at sp + 0 slots: 0x000000e488dfe060 is pointing into the stack for thread: 0x0000021acc964800
stack at sp + 1 slots: 0x000000000000458b is an unknown value
stack at sp + 2 slots: 0x0000021a00000000 is an unknown value
stack at sp + 3 slots: 0x0000021a00000001 is an unknown value
stack at sp + 4 slots: 0x000000e488dfe040 is pointing into the stack for thread: 0x0000021acc964800
stack at sp + 5 slots: 0x00007ffe5d2cc6e0 jvm.dll
stack at sp + 6 slots: 0x0000021acd8e0ea8 points into unknown readable memory: 0x00006ffe5d8c7e90 | 90 7e 8c 5d fe 6f 00 00
stack at sp + 7 slots: 0x0000021acd8e0f68 points into unknown readable memory: 0x0000021acd8e0f18 | 18 0f 8e cd 1a 02 00 00


---------------  P R O C E S S  ---------------

Threads class SMR info:
_java_thread_list=0x0000021ad13c9130, length=125, elements={
0x0000021ab0a43000, 0x0000021aca437800, 0x0000021aca469000, 0x0000021aca4bf800,
0x0000021aca4c1800, 0x0000021aca4c3000, 0x0000021aca4d0000, 0x0000021aca4d4800,
0x0000021aca4d7800, 0x0000021aca64a800, 0x0000021accbce800, 0x0000021aca685800,
0x0000021accf80000, 0x0000021acd0ed000, 0x0000021acc391000, 0x0000021acc32a800,
0x0000021acc56f000, 0x0000021acd5f2800, 0x0000021acc4a6000, 0x0000021accf2d800,
0x0000021acd555800, 0x0000021acd559000, 0x0000021acd556800, 0x0000021acd558000,
0x0000021acd555000, 0x0000021acd55b800, 0x0000021acd557000, 0x0000021acd812800,
0x0000021acd559800, 0x0000021acd55a800, 0x0000021acd9de000, 0x0000021acd9dc000,
0x0000021acd9de800, 0x0000021acd9db800, 0x0000021acd9da800, 0x0000021acd9e7000,
0x0000021acd9e1000, 0x0000021acd9e5000, 0x0000021acd9e2800, 0x0000021acd9e7800,
0x0000021acd9e2000, 0x0000021acd9e8800, 0x0000021acd9e3800, 0x0000021acd9e4800,
0x0000021ad0a50000, 0x0000021ad0a51000, 0x0000021ad0a4f800, 0x0000021ad0a52000,
0x0000021ad0a4d000, 0x0000021ad0a4e800, 0x0000021ad0a53800, 0x0000021ad0a4e000,
0x0000021ad0a58800, 0x0000021ad0a55000, 0x0000021ad0a52800, 0x0000021ad0a59000,
0x0000021ad0a57800, 0x0000021ad0a5a000, 0x0000021ad0a54800, 0x0000021ad0a56000,
0x0000021ad0a57000, 0x0000021ad0a5b000, 0x0000021ad0a5b800, 0x0000021ad07cf800,
0x0000021ad07d4000, 0x0000021ad07d2800, 0x0000021ad07d0000, 0x0000021ad07d2000,
0x0000021ad07d1000, 0x0000021ad07d3800, 0x0000021ad07ce800, 0x0000021ad07da000,
0x0000021ad07d7800, 0x0000021ad07da800, 0x0000021ad07d5000, 0x0000021ad07d8800,
0x0000021ad07db800, 0x0000021ad07d9000, 0x0000021ad07d6000, 0x0000021ad07dc800,
0x0000021ad07d6800, 0x0000021ad07dd000, 0x0000021ace03b800, 0x0000021ace03a800,
0x0000021ace03e000, 0x0000021ace03f000, 0x0000021ace03c800, 0x0000021ace039000,
0x0000021ace03d000, 0x0000021ace03f800, 0x0000021ace03a000, 0x0000021ace040800,
0x0000021ace044800, 0x0000021ace041800, 0x0000021ace043000, 0x0000021ace043800,
0x0000021ace045800, 0x0000021ace046000, 0x0000021ace042000, 0x0000021ace047000,
0x0000021ace048000, 0x0000021accc8d000, 0x0000021accc8b800, 0x0000021accc8e000,
0x0000021accc89800, 0x0000021accc88000, 0x0000021accc8a800, 0x0000021accc8c000,
0x0000021accc8e800, 0x0000021accc89000, 0x0000021accc95000, 0x0000021accc93800,
0x0000021accc94800, 0x0000021accc92800, 0x0000021accc91000, 0x0000021accc8f800,
0x0000021accc90000, 0x0000021accc96000, 0x0000021accc96800, 0x0000021accc92000,
0x0000021acdf48800, 0x0000021acdf4b800, 0x0000021acc964800, 0x0000021acdf47800,
0x0000021acdf4b000
}

Java Threads: ( => current thread )
  0x0000021ab0a43000 JavaThread "main" [_thread_blocked, id=5632, stack(0x000000e486000000,0x000000e486100000)]
  0x0000021aca437800 JavaThread "Reference Handler" daemon [_thread_blocked, id=9680, stack(0x000000e486700000,0x000000e486800000)]
  0x0000021aca469000 JavaThread "Finalizer" daemon [_thread_blocked, id=11136, stack(0x000000e486800000,0x000000e486900000)]
  0x0000021aca4bf800 JavaThread "Signal Dispatcher" daemon [_thread_blocked, id=13040, stack(0x000000e486900000,0x000000e486a00000)]
  0x0000021aca4c1800 JavaThread "Attach Listener" daemon [_thread_blocked, id=6800, stack(0x000000e486a00000,0x000000e486b00000)]
  0x0000021aca4c3000 JavaThread "Service Thread" daemon [_thread_blocked, id=11460, stack(0x000000e486b00000,0x000000e486c00000)]
  0x0000021aca4d0000 JavaThread "C2 CompilerThread0" daemon [_thread_in_native, id=2528, stack(0x000000e486c00000,0x000000e486d00000)]
  0x0000021aca4d4800 JavaThread "C1 CompilerThread0" daemon [_thread_blocked, id=2484, stack(0x000000e486d00000,0x000000e486e00000)]
  0x0000021aca4d7800 JavaThread "Sweeper thread" daemon [_thread_blocked, id=12464, stack(0x000000e486e00000,0x000000e486f00000)]
  0x0000021aca64a800 JavaThread "Common-Cleaner" daemon [_thread_blocked, id=11632, stack(0x000000e486f00000,0x000000e487000000)]
  0x0000021accbce800 JavaThread "Daemon health stats" [_thread_blocked, id=5772, stack(0x000000e487800000,0x000000e487900000)]
  0x0000021aca685800 JavaThread "Incoming local TCP Connector on port 49894" [_thread_in_native, id=11480, stack(0x000000e487100000,0x000000e487200000)]
  0x0000021accf80000 JavaThread "Daemon periodic checks" [_thread_blocked, id=840, stack(0x000000e487700000,0x000000e487800000)]
  0x0000021acd0ed000 JavaThread "Daemon" [_thread_blocked, id=1288, stack(0x000000e487900000,0x000000e487a00000)]
  0x0000021acc391000 JavaThread "Handler for socket connection from /127.0.0.1:49894 to /127.0.0.1:49895" [_thread_in_native, id=9136, stack(0x000000e487a00000,0x000000e487b00000)]
  0x0000021acc32a800 JavaThread "Cancel handler" [_thread_blocked, id=12268, stack(0x000000e487b00000,0x000000e487c00000)]
  0x0000021acc56f000 JavaThread "Daemon worker" [_thread_in_vm_trans, id=6880, stack(0x000000e487c00000,0x000000e487d00000)]
  0x0000021acd5f2800 JavaThread "Asynchronous log dispatcher for DefaultDaemonConnection: socket connection from /127.0.0.1:49894 to /127.0.0.1:49895" [_thread_blocked, id=7096, stack(0x000000e487d00000,0x000000e487e00000)]
  0x0000021acc4a6000 JavaThread "Stdin handler" [_thread_blocked, id=5464, stack(0x000000e487e00000,0x000000e487f00000)]
  0x0000021accf2d800 JavaThread "Daemon client event forwarder" [_thread_blocked, id=9116, stack(0x000000e487f00000,0x000000e488000000)]
  0x0000021acd555800 JavaThread "Cache worker for journal cache (C:\Users\ozone\.gradle\caches\journal-1)" [_thread_blocked, id=10324, stack(0x000000e488000000,0x000000e488100000)]
  0x0000021acd559000 JavaThread "File lock request listener" [_thread_in_native, id=11808, stack(0x000000e488100000,0x000000e488200000)]
  0x0000021acd556800 JavaThread "Cache worker for file hash cache (C:\Users\ozone\.gradle\caches\7.4\fileHashes)" [_thread_blocked, id=11736, stack(0x000000e488200000,0x000000e488300000)]
  0x0000021acd558000 JavaThread "File watcher server" daemon [_thread_in_native, id=12780, stack(0x000000e488800000,0x000000e488900000)]
  0x0000021acd555000 JavaThread "File watcher consumer" daemon [_thread_blocked, id=11280, stack(0x000000e488900000,0x000000e488a00000)]
  0x0000021acd55b800 JavaThread "Cache worker for checksums cache (D:\health_monitoring_system\live_graph_plotter\android\.gradle\7.4\checksums)" [_thread_blocked, id=9560, stack(0x000000e488600000,0x000000e488700000)]
  0x0000021acd557000 JavaThread "Cache worker for cache directory md-rule (C:\Users\ozone\.gradle\caches\7.4\md-rule)" [_thread_blocked, id=2784, stack(0x000000e488700000,0x000000e488800000)]
  0x0000021acd812800 JavaThread "C2 CompilerThread1" daemon [_thread_in_native, id=9252, stack(0x000000e488a00000,0x000000e488b00000)]
  0x0000021acd559800 JavaThread "Cache worker for file hash cache (D:\health_monitoring_system\live_graph_plotter\android\.gradle\7.4\fileHashes)" [_thread_blocked, id=7056, stack(0x000000e488b00000,0x000000e488c00000)]
  0x0000021acd55a800 JavaThread "Cache worker for cache directory md-supplier (C:\Users\ozone\.gradle\caches\7.4\md-supplier)" [_thread_blocked, id=6148, stack(0x000000e488c00000,0x000000e488d00000)]
  0x0000021acd9de000 JavaThread "Cache worker for execution history cache (C:\Users\ozone\.gradle\caches\7.4\executionHistory)" [_thread_blocked, id=9952, stack(0x000000e488e00000,0x000000e488f00000)]
  0x0000021acd9dc000 JavaThread "jar transforms" [_thread_blocked, id=12096, stack(0x000000e488f00000,0x000000e489000000)]
  0x0000021acd9de800 JavaThread "jar transforms Thread 2" [_thread_blocked, id=5808, stack(0x000000e489000000,0x000000e489100000)]
  0x0000021acd9db800 JavaThread "Cache worker for file content cache (C:\Users\ozone\.gradle\caches\7.4\fileContent)" [_thread_blocked, id=13124, stack(0x000000e489100000,0x000000e489200000)]
  0x0000021acd9da800 JavaThread "jar transforms Thread 3" [_thread_blocked, id=12648, stack(0x000000e489200000,0x000000e489300000)]
  0x0000021acd9e7000 JavaThread "jar transforms Thread 4" [_thread_blocked, id=4392, stack(0x000000e489300000,0x000000e489400000)]
  0x0000021acd9e1000 JavaThread "Cache worker for dependencies-accessors (D:\health_monitoring_system\live_graph_plotter\android\.gradle\7.4\dependencies-accessors)" [_thread_blocked, id=12840, stack(0x000000e489400000,0x000000e489500000)]
  0x0000021acd9e5000 JavaThread "jar transforms Thread 5" [_thread_blocked, id=11764, stack(0x000000e489500000,0x000000e489600000)]
  0x0000021acd9e2800 JavaThread "Cache worker for Build Output Cleanup Cache (D:\health_monitoring_system\live_graph_plotter\android\.gradle\buildOutputCleanup)" [_thread_blocked, id=11580, stack(0x000000e489600000,0x000000e489700000)]
  0x0000021acd9e7800 JavaThread "Unconstrained build operations" [_thread_blocked, id=12220, stack(0x000000e489700000,0x000000e489800000)]
  0x0000021acd9e2000 JavaThread "Unconstrained build operations Thread 2" [_thread_blocked, id=10224, stack(0x000000e489800000,0x000000e489900000)]
  0x0000021acd9e8800 JavaThread "Unconstrained build operations Thread 3" [_thread_blocked, id=9656, stack(0x000000e489900000,0x000000e489a00000)]
  0x0000021acd9e3800 JavaThread "Unconstrained build operations Thread 4" [_thread_blocked, id=6744, stack(0x000000e489a00000,0x000000e489b00000)]
  0x0000021acd9e4800 JavaThread "Unconstrained build operations Thread 5" [_thread_blocked, id=7776, stack(0x000000e489b00000,0x000000e489c00000)]
  0x0000021ad0a50000 JavaThread "Unconstrained build operations Thread 6" [_thread_blocked, id=11304, stack(0x000000e489c00000,0x000000e489d00000)]
  0x0000021ad0a51000 JavaThread "Unconstrained build operations Thread 7" [_thread_blocked, id=11104, stack(0x000000e489d00000,0x000000e489e00000)]
  0x0000021ad0a4f800 JavaThread "Unconstrained build operations Thread 8" [_thread_blocked, id=13248, stack(0x000000e489e00000,0x000000e489f00000)]
  0x0000021ad0a52000 JavaThread "Unconstrained build operations Thread 9" [_thread_blocked, id=1128, stack(0x000000e489f00000,0x000000e48a000000)]
  0x0000021ad0a4d000 JavaThread "Unconstrained build operations Thread 10" [_thread_blocked, id=1844, stack(0x000000e48a000000,0x000000e48a100000)]
  0x0000021ad0a4e800 JavaThread "Unconstrained build operations Thread 11" [_thread_blocked, id=1412, stack(0x000000e48a100000,0x000000e48a200000)]
  0x0000021ad0a53800 JavaThread "Unconstrained build operations Thread 12" [_thread_blocked, id=11564, stack(0x000000e48a200000,0x000000e48a300000)]
  0x0000021ad0a4e000 JavaThread "Unconstrained build operations Thread 13" [_thread_blocked, id=7468, stack(0x000000e48a300000,0x000000e48a400000)]
  0x0000021ad0a58800 JavaThread "Unconstrained build operations Thread 14" [_thread_blocked, id=13104, stack(0x000000e48a400000,0x000000e48a500000)]
  0x0000021ad0a55000 JavaThread "Unconstrained build operations Thread 15" [_thread_blocked, id=10496, stack(0x000000e48a500000,0x000000e48a600000)]
  0x0000021ad0a52800 JavaThread "Unconstrained build operations Thread 16" [_thread_blocked, id=3652, stack(0x000000e48a600000,0x000000e48a700000)]
  0x0000021ad0a59000 JavaThread "Unconstrained build operations Thread 17" [_thread_blocked, id=10092, stack(0x000000e48a700000,0x000000e48a800000)]
  0x0000021ad0a57800 JavaThread "Unconstrained build operations Thread 18" [_thread_blocked, id=13288, stack(0x000000e48a800000,0x000000e48a900000)]
  0x0000021ad0a5a000 JavaThread "Unconstrained build operations Thread 19" [_thread_blocked, id=12572, stack(0x000000e48a900000,0x000000e48aa00000)]
  0x0000021ad0a54800 JavaThread "Unconstrained build operations Thread 20" [_thread_blocked, id=10448, stack(0x000000e48aa00000,0x000000e48ab00000)]
  0x0000021ad0a56000 JavaThread "Unconstrained build operations Thread 21" [_thread_blocked, id=1700, stack(0x000000e48ab00000,0x000000e48ac00000)]
  0x0000021ad0a57000 JavaThread "Unconstrained build operations Thread 22" [_thread_blocked, id=8480, stack(0x000000e48ac00000,0x000000e48ad00000)]
  0x0000021ad0a5b000 JavaThread "Unconstrained build operations Thread 23" [_thread_blocked, id=11700, stack(0x000000e48ad00000,0x000000e48ae00000)]
  0x0000021ad0a5b800 JavaThread "Unconstrained build operations Thread 24" [_thread_blocked, id=12712, stack(0x000000e48ae00000,0x000000e48af00000)]
  0x0000021ad07cf800 JavaThread "Unconstrained build operations Thread 25" [_thread_blocked, id=8464, stack(0x000000e48af00000,0x000000e48b000000)]
  0x0000021ad07d4000 JavaThread "Unconstrained build operations Thread 26" [_thread_blocked, id=5348, stack(0x000000e48b000000,0x000000e48b100000)]
  0x0000021ad07d2800 JavaThread "Unconstrained build operations Thread 27" [_thread_blocked, id=6344, stack(0x000000e48b100000,0x000000e48b200000)]
  0x0000021ad07d0000 JavaThread "Unconstrained build operations Thread 28" [_thread_blocked, id=12280, stack(0x000000e48b200000,0x000000e48b300000)]
  0x0000021ad07d2000 JavaThread "Unconstrained build operations Thread 29" [_thread_blocked, id=12520, stack(0x000000e48b300000,0x000000e48b400000)]
  0x0000021ad07d1000 JavaThread "Unconstrained build operations Thread 30" [_thread_blocked, id=7524, stack(0x000000e48b400000,0x000000e48b500000)]
  0x0000021ad07d3800 JavaThread "Unconstrained build operations Thread 31" [_thread_blocked, id=628, stack(0x000000e48b500000,0x000000e48b600000)]
  0x0000021ad07ce800 JavaThread "Unconstrained build operations Thread 32" [_thread_blocked, id=9028, stack(0x000000e48b600000,0x000000e48b700000)]
  0x0000021ad07da000 JavaThread "Unconstrained build operations Thread 33" [_thread_blocked, id=1008, stack(0x000000e48b700000,0x000000e48b800000)]
  0x0000021ad07d7800 JavaThread "Unconstrained build operations Thread 34" [_thread_blocked, id=8660, stack(0x000000e48b800000,0x000000e48b900000)]
  0x0000021ad07da800 JavaThread "Unconstrained build operations Thread 35" [_thread_blocked, id=6284, stack(0x000000e48b900000,0x000000e48ba00000)]
  0x0000021ad07d5000 JavaThread "Unconstrained build operations Thread 36" [_thread_blocked, id=3104, stack(0x000000e48ba00000,0x000000e48bb00000)]
  0x0000021ad07d8800 JavaThread "Unconstrained build operations Thread 37" [_thread_blocked, id=6248, stack(0x000000e48bb00000,0x000000e48bc00000)]
  0x0000021ad07db800 JavaThread "Unconstrained build operations Thread 38" [_thread_blocked, id=13156, stack(0x000000e48bc00000,0x000000e48bd00000)]
  0x0000021ad07d9000 JavaThread "Unconstrained build operations Thread 39" [_thread_blocked, id=7040, stack(0x000000e48bd00000,0x000000e48be00000)]
  0x0000021ad07d6000 JavaThread "Unconstrained build operations Thread 40" [_thread_blocked, id=11608, stack(0x000000e48be00000,0x000000e48bf00000)]
  0x0000021ad07dc800 JavaThread "Unconstrained build operations Thread 41" [_thread_blocked, id=10796, stack(0x000000e48bf00000,0x000000e48c000000)]
  0x0000021ad07d6800 JavaThread "Unconstrained build operations Thread 42" [_thread_blocked, id=12644, stack(0x000000e48c000000,0x000000e48c100000)]
  0x0000021ad07dd000 JavaThread "Unconstrained build operations Thread 43" [_thread_blocked, id=10376, stack(0x000000e48c100000,0x000000e48c200000)]
  0x0000021ace03b800 JavaThread "Unconstrained build operations Thread 44" [_thread_blocked, id=12240, stack(0x000000e48c200000,0x000000e48c300000)]
  0x0000021ace03a800 JavaThread "Unconstrained build operations Thread 45" [_thread_blocked, id=12316, stack(0x000000e48c300000,0x000000e48c400000)]
  0x0000021ace03e000 JavaThread "Unconstrained build operations Thread 46" [_thread_blocked, id=10804, stack(0x000000e48c400000,0x000000e48c500000)]
  0x0000021ace03f000 JavaThread "Unconstrained build operations Thread 47" [_thread_blocked, id=8956, stack(0x000000e48c500000,0x000000e48c600000)]
  0x0000021ace03c800 JavaThread "Unconstrained build operations Thread 48" [_thread_blocked, id=3824, stack(0x000000e48c600000,0x000000e48c700000)]
  0x0000021ace039000 JavaThread "Unconstrained build operations Thread 49" [_thread_blocked, id=12652, stack(0x000000e48c700000,0x000000e48c800000)]
  0x0000021ace03d000 JavaThread "Unconstrained build operations Thread 50" [_thread_blocked, id=13032, stack(0x000000e48c800000,0x000000e48c900000)]
  0x0000021ace03f800 JavaThread "Unconstrained build operations Thread 51" [_thread_blocked, id=6644, stack(0x000000e48c900000,0x000000e48ca00000)]
  0x0000021ace03a000 JavaThread "Unconstrained build operations Thread 52" [_thread_blocked, id=12748, stack(0x000000e48ca00000,0x000000e48cb00000)]
  0x0000021ace040800 JavaThread "Unconstrained build operations Thread 53" [_thread_blocked, id=1304, stack(0x000000e48cb00000,0x000000e48cc00000)]
  0x0000021ace044800 JavaThread "Unconstrained build operations Thread 54" [_thread_blocked, id=10988, stack(0x000000e48cc00000,0x000000e48cd00000)]
  0x0000021ace041800 JavaThread "Unconstrained build operations Thread 55" [_thread_blocked, id=5084, stack(0x000000e48cd00000,0x000000e48ce00000)]
  0x0000021ace043000 JavaThread "Unconstrained build operations Thread 56" [_thread_blocked, id=6060, stack(0x000000e48ce00000,0x000000e48cf00000)]
  0x0000021ace043800 JavaThread "Unconstrained build operations Thread 57" [_thread_blocked, id=10008, stack(0x000000e48cf00000,0x000000e48d000000)]
  0x0000021ace045800 JavaThread "Unconstrained build operations Thread 58" [_thread_blocked, id=8360, stack(0x000000e48d000000,0x000000e48d100000)]
  0x0000021ace046000 JavaThread "Unconstrained build operations Thread 59" [_thread_blocked, id=12660, stack(0x000000e48d100000,0x000000e48d200000)]
  0x0000021ace042000 JavaThread "Unconstrained build operations Thread 60" [_thread_blocked, id=6968, stack(0x000000e48d200000,0x000000e48d300000)]
  0x0000021ace047000 JavaThread "Unconstrained build operations Thread 61" [_thread_blocked, id=13196, stack(0x000000e48d300000,0x000000e48d400000)]
  0x0000021ace048000 JavaThread "Unconstrained build operations Thread 62" [_thread_blocked, id=12708, stack(0x000000e48d400000,0x000000e48d500000)]
  0x0000021accc8d000 JavaThread "Unconstrained build operations Thread 63" [_thread_blocked, id=13052, stack(0x000000e48d500000,0x000000e48d600000)]
  0x0000021accc8b800 JavaThread "Unconstrained build operations Thread 64" [_thread_blocked, id=10976, stack(0x000000e48d600000,0x000000e48d700000)]
  0x0000021accc8e000 JavaThread "Unconstrained build operations Thread 65" [_thread_blocked, id=13120, stack(0x000000e48d700000,0x000000e48d800000)]
  0x0000021accc89800 JavaThread "Unconstrained build operations Thread 66" [_thread_blocked, id=8948, stack(0x000000e48d800000,0x000000e48d900000)]
  0x0000021accc88000 JavaThread "Unconstrained build operations Thread 67" [_thread_blocked, id=12968, stack(0x000000e48d900000,0x000000e48da00000)]
  0x0000021accc8a800 JavaThread "Unconstrained build operations Thread 68" [_thread_blocked, id=9988, stack(0x000000e48da00000,0x000000e48db00000)]
  0x0000021accc8c000 JavaThread "Unconstrained build operations Thread 69" [_thread_blocked, id=13072, stack(0x000000e48db00000,0x000000e48dc00000)]
  0x0000021accc8e800 JavaThread "Unconstrained build operations Thread 70" [_thread_blocked, id=12116, stack(0x000000e48dc00000,0x000000e48dd00000)]
  0x0000021accc89000 JavaThread "Unconstrained build operations Thread 71" [_thread_blocked, id=10040, stack(0x000000e48dd00000,0x000000e48de00000)]
  0x0000021accc95000 JavaThread "Unconstrained build operations Thread 72" [_thread_blocked, id=5504, stack(0x000000e48de00000,0x000000e48df00000)]
  0x0000021accc93800 JavaThread "Unconstrained build operations Thread 73" [_thread_blocked, id=1056, stack(0x000000e48df00000,0x000000e48e000000)]
  0x0000021accc94800 JavaThread "Unconstrained build operations Thread 74" [_thread_blocked, id=10028, stack(0x000000e48e000000,0x000000e48e100000)]
  0x0000021accc92800 JavaThread "Unconstrained build operations Thread 75" [_thread_blocked, id=10396, stack(0x000000e48e100000,0x000000e48e200000)]
  0x0000021accc91000 JavaThread "Unconstrained build operations Thread 76" [_thread_blocked, id=13172, stack(0x000000e48e200000,0x000000e48e300000)]
  0x0000021accc8f800 JavaThread "Unconstrained build operations Thread 77" [_thread_blocked, id=10108, stack(0x000000e48e300000,0x000000e48e400000)]
  0x0000021accc90000 JavaThread "Unconstrained build operations Thread 78" [_thread_blocked, id=6532, stack(0x000000e48e400000,0x000000e48e500000)]
  0x0000021accc96000 JavaThread "Unconstrained build operations Thread 79" [_thread_blocked, id=11052, stack(0x000000e48e500000,0x000000e48e600000)]
  0x0000021accc96800 JavaThread "Unconstrained build operations Thread 80" [_thread_blocked, id=11444, stack(0x000000e48e600000,0x000000e48e700000)]
  0x0000021accc92000 JavaThread "jar transforms Thread 6" [_thread_blocked, id=3208, stack(0x000000e48e700000,0x000000e48e800000)]
  0x0000021acdf48800 JavaThread "jar transforms Thread 7" [_thread_blocked, id=1792, stack(0x000000e48e800000,0x000000e48e900000)]
  0x0000021acdf4b800 JavaThread "jar transforms Thread 8" [_thread_blocked, id=9520, stack(0x000000e48e900000,0x000000e48ea00000)]
=>0x0000021acc964800 JavaThread "C2 CompilerThread2" daemon [_thread_in_native, id=11592, stack(0x000000e488d00000,0x000000e488e00000)]
  0x0000021acdf47800 JavaThread "Memory manager" [_thread_blocked, id=8180, stack(0x000000e48ea00000,0x000000e48eb00000)]
  0x0000021acdf4b000 JavaThread "build event listener" [_thread_blocked, id=9092, stack(0x000000e48eb00000,0x000000e48ec00000)]

Other Threads:
  0x0000021aca434800 VMThread "VM Thread" [stack: 0x000000e486600000,0x000000e486700000] [id=12552]
  0x0000021aca687000 WatcherThread [stack: 0x000000e487000000,0x000000e487100000] [id=3432]
  0x0000021aaea0d000 GCTaskThread "GC Thread#0" [stack: 0x000000e486100000,0x000000e486200000] [id=9384]
  0x0000021acb147800 GCTaskThread "GC Thread#1" [stack: 0x000000e487200000,0x000000e487300000] [id=2776]
  0x0000021acb416800 GCTaskThread "GC Thread#2" [stack: 0x000000e487300000,0x000000e487400000] [id=3728]
  0x0000021acb082800 GCTaskThread "GC Thread#3" [stack: 0x000000e487400000,0x000000e487500000] [id=12244]
  0x0000021acb140800 GCTaskThread "GC Thread#4" [stack: 0x000000e487500000,0x000000e487600000] [id=10356]
  0x0000021acb1a7800 GCTaskThread "GC Thread#5" [stack: 0x000000e487600000,0x000000e487700000] [id=9868]
  0x0000021acc7d9000 GCTaskThread "GC Thread#6" [stack: 0x000000e488300000,0x000000e488400000] [id=11380]
  0x0000021acd841800 GCTaskThread "GC Thread#7" [stack: 0x000000e488400000,0x000000e488500000] [id=4276]
  0x0000021ab0a7f000 ConcurrentGCThread "G1 Main Marker" [stack: 0x000000e486200000,0x000000e486300000] [id=11596]
  0x0000021ab0a80000 ConcurrentGCThread "G1 Conc#0" [stack: 0x000000e486300000,0x000000e486400000] [id=12428]
  0x0000021acb99c800 ConcurrentGCThread "G1 Conc#1" [stack: 0x000000e488500000,0x000000e488600000] [id=11588]
  0x0000021ab0b1d800 ConcurrentGCThread "G1 Refine#0" [stack: 0x000000e486400000,0x000000e486500000] [id=12680]
  0x0000021ad3a63000 ConcurrentGCThread "G1 Refine#1" [stack: 0x000000e48ec00000,0x000000e48ed00000] [id=10880]
  0x0000021ab0b1e800 ConcurrentGCThread "G1 Young RemSet Sampling" [stack: 0x000000e486500000,0x000000e486600000] [id=2216]

Threads with active compile tasks:
C2 CompilerThread0  16611 9078   !   4       org.gradle.internal.serialize.kryo.StringDeduplicatingKryoBackedDecoder::readNullableString (110 bytes)
C2 CompilerThread1  16611 8987   !   4       org.gradle.internal.instantiation.generator.DependencyInjectingInstantiator::doCreate (64 bytes)
C2 CompilerThread2  16612 8961       4       org.gradle.internal.ImmutableActionSet::add (93 bytes)

VM state:not at safepoint (normal execution)

VM Mutex/Monitor currently owned by a thread: None

Heap address: 0x00000000a0000000, size: 1536 MB, Compressed Oops mode: 32-bit
Narrow klass base: 0x0000000000000000, Narrow klass shift: 3
Compressed class space size: 1073741824 Address: 0x0000000100000000

Heap:
 garbage-first heap   total 260096K, used 132631K [0x00000000a0000000, 0x0000000100000000)
  region size 1024K, 62 young (63488K), 11 survivors (11264K)
 Metaspace       used 79570K, capacity 82379K, committed 82440K, reserved 1120256K
  class space    used 10299K, capacity 11237K, committed 11264K, reserved 1048576K
Heap Regions: E=young(eden), S=young(survivor), O=old, HS=humongous(starts), HC=humongous(continues), CS=collection set, F=free, A=archive, TAMS=top-at-mark-start (previous, next)
|   0|0x00000000a0000000, 0x00000000a0100000, 0x00000000a0100000|100%| O|  |TAMS 0x00000000a0100000, 0x00000000a0000000| Untracked 
|   1|0x00000000a0100000, 0x00000000a0200000, 0x00000000a0200000|100%| O|  |TAMS 0x00000000a0200000, 0x00000000a0100000| Untracked 
|   2|0x00000000a0200000, 0x00000000a0300000, 0x00000000a0300000|100%| O|  |TAMS 0x00000000a0300000, 0x00000000a0200000| Untracked 
|   3|0x00000000a0300000, 0x00000000a0400000, 0x00000000a0400000|100%|HS|  |TAMS 0x00000000a0400000, 0x00000000a0300000| Complete 
|   4|0x00000000a0400000, 0x00000000a0500000, 0x00000000a0500000|100%|HC|  |TAMS 0x00000000a0500000, 0x00000000a0400000| Complete 
|   5|0x00000000a0500000, 0x00000000a0600000, 0x00000000a0600000|100%|HC|  |TAMS 0x00000000a0600000, 0x00000000a0500000| Complete 
|   6|0x00000000a0600000, 0x00000000a0700000, 0x00000000a0700000|100%| O|  |TAMS 0x00000000a0700000, 0x00000000a0600000| Untracked 
|   7|0x00000000a0700000, 0x00000000a0800000, 0x00000000a0800000|100%| O|  |TAMS 0x00000000a0800000, 0x00000000a0700000| Untracked 
|   8|0x00000000a0800000, 0x00000000a0900000, 0x00000000a0900000|100%| O|  |TAMS 0x00000000a0900000, 0x00000000a0800000| Untracked 
|   9|0x00000000a0900000, 0x00000000a0a00000, 0x00000000a0a00000|100%| O|  |TAMS 0x00000000a0a00000, 0x00000000a0900000| Untracked 
|  10|0x00000000a0a00000, 0x00000000a0b00000, 0x00000000a0b00000|100%| O|  |TAMS 0x00000000a0b00000, 0x00000000a0a00000| Untracked 
|  11|0x00000000a0b00000, 0x00000000a0c00000, 0x00000000a0c00000|100%| O|  |TAMS 0x00000000a0c00000, 0x00000000a0b00000| Untracked 
|  12|0x00000000a0c00000, 0x00000000a0d00000, 0x00000000a0d00000|100%| O|  |TAMS 0x00000000a0d00000, 0x00000000a0c00000| Untracked 
|  13|0x00000000a0d00000, 0x00000000a0e00000, 0x00000000a0e00000|100%| O|  |TAMS 0x00000000a0e00000, 0x00000000a0d00000| Untracked 
|  14|0x00000000a0e00000, 0x00000000a0f00000, 0x00000000a0f00000|100%| O|  |TAMS 0x00000000a0f00000, 0x00000000a0e00000| Untracked 
|  15|0x00000000a0f00000, 0x00000000a1000000, 0x00000000a1000000|100%| O|  |TAMS 0x00000000a1000000, 0x00000000a0f00000| Untracked 
|  16|0x00000000a1000000, 0x00000000a1100000, 0x00000000a1100000|100%|HS|  |TAMS 0x00000000a1100000, 0x00000000a1000000| Complete 
|  17|0x00000000a1100000, 0x00000000a1200000, 0x00000000a1200000|100%|HS|  |TAMS 0x00000000a1200000, 0x00000000a1100000| Complete 
|  18|0x00000000a1200000, 0x00000000a1300000, 0x00000000a1300000|100%|HS|  |TAMS 0x00000000a1300000, 0x00000000a1200000| Complete 
|  19|0x00000000a1300000, 0x00000000a1400000, 0x00000000a1400000|100%|HS|  |TAMS 0x00000000a1400000, 0x00000000a1300000| Complete 
|  20|0x00000000a1400000, 0x00000000a1500000, 0x00000000a1500000|100%|HS|  |TAMS 0x00000000a1500000, 0x00000000a1400000| Complete 
|  21|0x00000000a1500000, 0x00000000a1600000, 0x00000000a1600000|100%|HC|  |TAMS 0x00000000a1600000, 0x00000000a1500000| Complete 
|  22|0x00000000a1600000, 0x00000000a1700000, 0x00000000a1700000|100%|HC|  |TAMS 0x00000000a1700000, 0x00000000a1600000| Complete 
|  23|0x00000000a1700000, 0x00000000a1800000, 0x00000000a1800000|100%|HS|  |TAMS 0x00000000a1800000, 0x00000000a1700000| Complete 
|  24|0x00000000a1800000, 0x00000000a1900000, 0x00000000a1900000|100%|HC|  |TAMS 0x00000000a1900000, 0x00000000a1800000| Complete 
|  25|0x00000000a1900000, 0x00000000a1a00000, 0x00000000a1a00000|100%| O|  |TAMS 0x00000000a1a00000, 0x00000000a1900000| Untracked 
|  26|0x00000000a1a00000, 0x00000000a1b00000, 0x00000000a1b00000|100%| O|  |TAMS 0x00000000a1b00000, 0x00000000a1a00000| Untracked 
|  27|0x00000000a1b00000, 0x00000000a1c00000, 0x00000000a1c00000|100%| O|  |TAMS 0x00000000a1c00000, 0x00000000a1b00000| Untracked 
|  28|0x00000000a1c00000, 0x00000000a1d00000, 0x00000000a1d00000|100%| O|  |TAMS 0x00000000a1d00000, 0x00000000a1c00000| Untracked 
|  29|0x00000000a1d00000, 0x00000000a1e00000, 0x00000000a1e00000|100%| O|  |TAMS 0x00000000a1e00000, 0x00000000a1d00000| Untracked 
|  30|0x00000000a1e00000, 0x00000000a1f00000, 0x00000000a1f00000|100%| O|  |TAMS 0x00000000a1f00000, 0x00000000a1e00000| Untracked 
|  31|0x00000000a1f00000, 0x00000000a2000000, 0x00000000a2000000|100%| O|  |TAMS 0x00000000a2000000, 0x00000000a1f00000| Untracked 
|  32|0x00000000a2000000, 0x00000000a2100000, 0x00000000a2100000|100%| O|  |TAMS 0x00000000a2100000, 0x00000000a2000000| Untracked 
|  33|0x00000000a2100000, 0x00000000a2200000, 0x00000000a2200000|100%| O|  |TAMS 0x00000000a2200000, 0x00000000a2100000| Untracked 
|  34|0x00000000a2200000, 0x00000000a2300000, 0x00000000a2300000|100%| O|  |TAMS 0x00000000a2300000, 0x00000000a2200000| Untracked 
|  35|0x00000000a2300000, 0x00000000a2400000, 0x00000000a2400000|100%| O|  |TAMS 0x00000000a2400000, 0x00000000a2300000| Untracked 
|  36|0x00000000a2400000, 0x00000000a2500000, 0x00000000a2500000|100%| O|  |TAMS 0x00000000a2500000, 0x00000000a2400000| Untracked 
|  37|0x00000000a2500000, 0x00000000a2600000, 0x00000000a2600000|100%| O|  |TAMS 0x00000000a2600000, 0x00000000a2500000| Untracked 
|  38|0x00000000a2600000, 0x00000000a2700000, 0x00000000a2700000|100%| O|  |TAMS 0x00000000a2700000, 0x00000000a2600000| Untracked 
|  39|0x00000000a2700000, 0x00000000a2800000, 0x00000000a2800000|100%| O|  |TAMS 0x00000000a2800000, 0x00000000a2700000| Untracked 
|  40|0x00000000a2800000, 0x00000000a2900000, 0x00000000a2900000|100%| O|  |TAMS 0x00000000a2900000, 0x00000000a2800000| Untracked 
|  41|0x00000000a2900000, 0x00000000a2a00000, 0x00000000a2a00000|100%| O|  |TAMS 0x00000000a2a00000, 0x00000000a2900000| Untracked 
|  42|0x00000000a2a00000, 0x00000000a2b00000, 0x00000000a2b00000|100%| O|  |TAMS 0x00000000a2b00000, 0x00000000a2a00000| Untracked 
|  43|0x00000000a2b00000, 0x00000000a2c00000, 0x00000000a2c00000|100%| O|  |TAMS 0x00000000a2c00000, 0x00000000a2b00000| Untracked 
|  44|0x00000000a2c00000, 0x00000000a2d00000, 0x00000000a2d00000|100%| O|  |TAMS 0x00000000a2d00000, 0x00000000a2c00000| Untracked 
|  45|0x00000000a2d00000, 0x00000000a2e00000, 0x00000000a2e00000|100%| O|  |TAMS 0x00000000a2e00000, 0x00000000a2d00000| Untracked 
|  46|0x00000000a2e00000, 0x00000000a2f00000, 0x00000000a2f00000|100%| O|  |TAMS 0x00000000a2eefc00, 0x00000000a2e00000| Untracked 
|  47|0x00000000a2f00000, 0x00000000a3000000, 0x00000000a3000000|100%|HS|  |TAMS 0x00000000a2f00000, 0x00000000a2f00000| Complete 
|  48|0x00000000a3000000, 0x00000000a3100000, 0x00000000a3100000|100%|HS|  |TAMS 0x00000000a3000000, 0x00000000a3000000| Complete 
|  49|0x00000000a3100000, 0x00000000a3200000, 0x00000000a3200000|100%|HC|  |TAMS 0x00000000a3100000, 0x00000000a3100000| Complete 
|  50|0x00000000a3200000, 0x00000000a3300000, 0x00000000a3300000|100%| O|  |TAMS 0x00000000a3200000, 0x00000000a3200000| Untracked 
|  51|0x00000000a3300000, 0x00000000a3400000, 0x00000000a3400000|100%| O|  |TAMS 0x00000000a3300000, 0x00000000a3300000| Untracked 
|  52|0x00000000a3400000, 0x00000000a3500000, 0x00000000a3500000|100%| O|  |TAMS 0x00000000a3400000, 0x00000000a3400000| Untracked 
|  53|0x00000000a3500000, 0x00000000a3600000, 0x00000000a3600000|100%| O|  |TAMS 0x00000000a3500000, 0x00000000a3500000| Untracked 
|  54|0x00000000a3600000, 0x00000000a3700000, 0x00000000a3700000|100%| O|  |TAMS 0x00000000a3600000, 0x00000000a3600000| Untracked 
|  55|0x00000000a3700000, 0x00000000a3800000, 0x00000000a3800000|100%| O|  |TAMS 0x00000000a3700000, 0x00000000a3700000| Untracked 
|  56|0x00000000a3800000, 0x00000000a3900000, 0x00000000a3900000|100%| O|  |TAMS 0x00000000a3800000, 0x00000000a3800000| Untracked 
|  57|0x00000000a3900000, 0x00000000a3a00000, 0x00000000a3a00000|100%| O|  |TAMS 0x00000000a3900000, 0x00000000a3900000| Untracked 
|  58|0x00000000a3a00000, 0x00000000a3b00000, 0x00000000a3b00000|100%| O|  |TAMS 0x00000000a3a00000, 0x00000000a3a00000| Untracked 
|  59|0x00000000a3b00000, 0x00000000a3c00000, 0x00000000a3c00000|100%| O|  |TAMS 0x00000000a3b00000, 0x00000000a3b00000| Untracked 
|  60|0x00000000a3c00000, 0x00000000a3d00000, 0x00000000a3d00000|100%| O|  |TAMS 0x00000000a3c00000, 0x00000000a3c00000| Untracked 
|  61|0x00000000a3d00000, 0x00000000a3e00000, 0x00000000a3e00000|100%| O|  |TAMS 0x00000000a3d00000, 0x00000000a3d00000| Untracked 
|  62|0x00000000a3e00000, 0x00000000a3f00000, 0x00000000a3f00000|100%| O|  |TAMS 0x00000000a3e00000, 0x00000000a3e00000| Untracked 
|  63|0x00000000a3f00000, 0x00000000a4000000, 0x00000000a4000000|100%| O|  |TAMS 0x00000000a3f00000, 0x00000000a3f00000| Untracked 
|  64|0x00000000a4000000, 0x00000000a4100000, 0x00000000a4100000|100%| O|  |TAMS 0x00000000a4000000, 0x00000000a4000000| Untracked 
|  65|0x00000000a4100000, 0x00000000a4200000, 0x00000000a4200000|100%| O|  |TAMS 0x00000000a4100000, 0x00000000a4100000| Untracked 
|  66|0x00000000a4200000, 0x00000000a4300000, 0x00000000a4300000|100%| O|  |TAMS 0x00000000a4200000, 0x00000000a4200000| Untracked 
|  67|0x00000000a4300000, 0x00000000a4400000, 0x00000000a4400000|100%| O|  |TAMS 0x00000000a4300000, 0x00000000a4300000| Untracked 
|  68|0x00000000a4400000, 0x00000000a4500000, 0x00000000a4500000|100%| O|  |TAMS 0x00000000a4400000, 0x00000000a4400000| Untracked 
|  69|0x00000000a4500000, 0x00000000a4600000, 0x00000000a4600000|100%| O|  |TAMS 0x00000000a4500000, 0x00000000a4500000| Untracked 
|  70|0x00000000a4600000, 0x00000000a4634e00, 0x00000000a4700000| 20%| O|  |TAMS 0x00000000a4600000, 0x00000000a4600000| Untracked 
|  71|0x00000000a4700000, 0x00000000a4700000, 0x00000000a4800000|  0%| F|  |TAMS 0x00000000a4700000, 0x00000000a4700000| Untracked 
|  72|0x00000000a4800000, 0x00000000a4800000, 0x00000000a4900000|  0%| F|  |TAMS 0x00000000a4800000, 0x00000000a4800000| Untracked 
|  73|0x00000000a4900000, 0x00000000a4900000, 0x00000000a4a00000|  0%| F|  |TAMS 0x00000000a4900000, 0x00000000a4900000| Untracked 
|  74|0x00000000a4a00000, 0x00000000a4a00000, 0x00000000a4b00000|  0%| F|  |TAMS 0x00000000a4a00000, 0x00000000a4a00000| Untracked 
|  75|0x00000000a4b00000, 0x00000000a4b00000, 0x00000000a4c00000|  0%| F|  |TAMS 0x00000000a4b00000, 0x00000000a4b00000| Untracked 
|  76|0x00000000a4c00000, 0x00000000a4c00000, 0x00000000a4d00000|  0%| F|  |TAMS 0x00000000a4c00000, 0x00000000a4c00000| Untracked 
|  77|0x00000000a4d00000, 0x00000000a4d00000, 0x00000000a4e00000|  0%| F|  |TAMS 0x00000000a4d00000, 0x00000000a4d00000| Untracked 
|  78|0x00000000a4e00000, 0x00000000a4e00000, 0x00000000a4f00000|  0%| F|  |TAMS 0x00000000a4e00000, 0x00000000a4e00000| Untracked 
|  79|0x00000000a4f00000, 0x00000000a4f00000, 0x00000000a5000000|  0%| F|  |TAMS 0x00000000a4f00000, 0x00000000a4f00000| Untracked 
|  80|0x00000000a5000000, 0x00000000a5000000, 0x00000000a5100000|  0%| F|  |TAMS 0x00000000a5000000, 0x00000000a5000000| Untracked 
|  81|0x00000000a5100000, 0x00000000a5100000, 0x00000000a5200000|  0%| F|  |TAMS 0x00000000a5100000, 0x00000000a5100000| Untracked 
|  82|0x00000000a5200000, 0x00000000a5200000, 0x00000000a5300000|  0%| F|  |TAMS 0x00000000a5200000, 0x00000000a5200000| Untracked 
|  83|0x00000000a5300000, 0x00000000a5300000, 0x00000000a5400000|  0%| F|  |TAMS 0x00000000a5300000, 0x00000000a5300000| Untracked 
|  84|0x00000000a5400000, 0x00000000a5400000, 0x00000000a5500000|  0%| F|  |TAMS 0x00000000a5400000, 0x00000000a5400000| Untracked 
|  85|0x00000000a5500000, 0x00000000a5500000, 0x00000000a5600000|  0%| F|  |TAMS 0x00000000a5500000, 0x00000000a5500000| Untracked 
|  86|0x00000000a5600000, 0x00000000a5600000, 0x00000000a5700000|  0%| F|  |TAMS 0x00000000a5600000, 0x00000000a5600000| Untracked 
|  87|0x00000000a5700000, 0x00000000a5700000, 0x00000000a5800000|  0%| F|  |TAMS 0x00000000a5700000, 0x00000000a5700000| Untracked 
|  88|0x00000000a5800000, 0x00000000a5800000, 0x00000000a5900000|  0%| F|  |TAMS 0x00000000a5800000, 0x00000000a5800000| Untracked 
|  89|0x00000000a5900000, 0x00000000a5900000, 0x00000000a5a00000|  0%| F|  |TAMS 0x00000000a5900000, 0x00000000a5900000| Untracked 
|  90|0x00000000a5a00000, 0x00000000a5a00000, 0x00000000a5b00000|  0%| F|  |TAMS 0x00000000a5a00000, 0x00000000a5a00000| Untracked 
|  91|0x00000000a5b00000, 0x00000000a5b00000, 0x00000000a5c00000|  0%| F|  |TAMS 0x00000000a5b00000, 0x00000000a5b00000| Untracked 
|  92|0x00000000a5c00000, 0x00000000a5c00000, 0x00000000a5d00000|  0%| F|  |TAMS 0x00000000a5c00000, 0x00000000a5c00000| Untracked 
|  93|0x00000000a5d00000, 0x00000000a5d00000, 0x00000000a5e00000|  0%| F|  |TAMS 0x00000000a5d00000, 0x00000000a5d00000| Untracked 
|  94|0x00000000a5e00000, 0x00000000a5e00000, 0x00000000a5f00000|  0%| F|  |TAMS 0x00000000a5e00000, 0x00000000a5e00000| Untracked 
|  95|0x00000000a5f00000, 0x00000000a5f00000, 0x00000000a6000000|  0%| F|  |TAMS 0x00000000a5f00000, 0x00000000a5f00000| Untracked 
|  96|0x00000000a6000000, 0x00000000a6000000, 0x00000000a6100000|  0%| F|  |TAMS 0x00000000a6000000, 0x00000000a6000000| Untracked 
|  97|0x00000000a6100000, 0x00000000a6100000, 0x00000000a6200000|  0%| F|  |TAMS 0x00000000a6100000, 0x00000000a6100000| Untracked 
|  98|0x00000000a6200000, 0x00000000a6200000, 0x00000000a6300000|  0%| F|  |TAMS 0x00000000a6200000, 0x00000000a6200000| Untracked 
|  99|0x00000000a6300000, 0x00000000a6300000, 0x00000000a6400000|  0%| F|  |TAMS 0x00000000a6300000, 0x00000000a6300000| Untracked 
| 100|0x00000000a6400000, 0x00000000a6400000, 0x00000000a6500000|  0%| F|  |TAMS 0x00000000a6400000, 0x00000000a6400000| Untracked 
| 101|0x00000000a6500000, 0x00000000a6500000, 0x00000000a6600000|  0%| F|  |TAMS 0x00000000a6500000, 0x00000000a6500000| Untracked 
| 102|0x00000000a6600000, 0x00000000a6600000, 0x00000000a6700000|  0%| F|  |TAMS 0x00000000a6600000, 0x00000000a6600000| Untracked 
| 103|0x00000000a6700000, 0x00000000a6700000, 0x00000000a6800000|  0%| F|  |TAMS 0x00000000a6700000, 0x00000000a6700000| Untracked 
| 104|0x00000000a6800000, 0x00000000a6800000, 0x00000000a6900000|  0%| F|  |TAMS 0x00000000a6800000, 0x00000000a6800000| Untracked 
| 105|0x00000000a6900000, 0x00000000a6900000, 0x00000000a6a00000|  0%| F|  |TAMS 0x00000000a6900000, 0x00000000a6900000| Untracked 
| 106|0x00000000a6a00000, 0x00000000a6a00000, 0x00000000a6b00000|  0%| F|  |TAMS 0x00000000a6a00000, 0x00000000a6a00000| Untracked 
| 107|0x00000000a6b00000, 0x00000000a6b00000, 0x00000000a6c00000|  0%| F|  |TAMS 0x00000000a6b00000, 0x00000000a6b00000| Untracked 
| 108|0x00000000a6c00000, 0x00000000a6c00000, 0x00000000a6d00000|  0%| F|  |TAMS 0x00000000a6c00000, 0x00000000a6c00000| Untracked 
| 109|0x00000000a6d00000, 0x00000000a6d00000, 0x00000000a6e00000|  0%| F|  |TAMS 0x00000000a6d00000, 0x00000000a6d00000| Untracked 
| 110|0x00000000a6e00000, 0x00000000a6e00000, 0x00000000a6f00000|  0%| F|  |TAMS 0x00000000a6e00000, 0x00000000a6e00000| Untracked 
| 111|0x00000000a6f00000, 0x00000000a6f00000, 0x00000000a7000000|  0%| F|  |TAMS 0x00000000a6f00000, 0x00000000a6f00000| Untracked 
| 112|0x00000000a7000000, 0x00000000a7000000, 0x00000000a7100000|  0%| F|  |TAMS 0x00000000a7000000, 0x00000000a7000000| Untracked 
| 113|0x00000000a7100000, 0x00000000a7100000, 0x00000000a7200000|  0%| F|  |TAMS 0x00000000a7100000, 0x00000000a7100000| Untracked 
| 114|0x00000000a7200000, 0x00000000a7200000, 0x00000000a7300000|  0%| F|  |TAMS 0x00000000a7200000, 0x00000000a7200000| Untracked 
| 115|0x00000000a7300000, 0x00000000a7300000, 0x00000000a7400000|  0%| F|  |TAMS 0x00000000a7300000, 0x00000000a7300000| Untracked 
| 116|0x00000000a7400000, 0x00000000a7400000, 0x00000000a7500000|  0%| F|  |TAMS 0x00000000a7400000, 0x00000000a7400000| Untracked 
| 117|0x00000000a7500000, 0x00000000a7500000, 0x00000000a7600000|  0%| F|  |TAMS 0x00000000a7500000, 0x00000000a7500000| Untracked 
| 118|0x00000000a7600000, 0x00000000a7600000, 0x00000000a7700000|  0%| F|  |TAMS 0x00000000a7600000, 0x00000000a7600000| Untracked 
| 119|0x00000000a7700000, 0x00000000a7700000, 0x00000000a7800000|  0%| F|  |TAMS 0x00000000a7700000, 0x00000000a7700000| Untracked 
| 120|0x00000000a7800000, 0x00000000a7800000, 0x00000000a7900000|  0%| F|  |TAMS 0x00000000a7800000, 0x00000000a7800000| Untracked 
| 121|0x00000000a7900000, 0x00000000a7900000, 0x00000000a7a00000|  0%| F|  |TAMS 0x00000000a7900000, 0x00000000a7900000| Untracked 
| 122|0x00000000a7a00000, 0x00000000a7a00000, 0x00000000a7b00000|  0%| F|  |TAMS 0x00000000a7a00000, 0x00000000a7a00000| Untracked 
| 123|0x00000000a7b00000, 0x00000000a7b00000, 0x00000000a7c00000|  0%| F|  |TAMS 0x00000000a7b00000, 0x00000000a7b00000| Untracked 
| 124|0x00000000a7c00000, 0x00000000a7c51118, 0x00000000a7d00000| 31%| S|CS|TAMS 0x00000000a7c00000, 0x00000000a7c00000| Complete 
| 125|0x00000000a7d00000, 0x00000000a7e00000, 0x00000000a7e00000|100%| S|CS|TAMS 0x00000000a7d00000, 0x00000000a7d00000| Complete 
| 126|0x00000000a7e00000, 0x00000000a7f00000, 0x00000000a7f00000|100%| S|CS|TAMS 0x00000000a7e00000, 0x00000000a7e00000| Complete 
| 127|0x00000000a7f00000, 0x00000000a8000000, 0x00000000a8000000|100%| S|CS|TAMS 0x00000000a7f00000, 0x00000000a7f00000| Complete 
| 128|0x00000000a8000000, 0x00000000a8100000, 0x00000000a8100000|100%| S|CS|TAMS 0x00000000a8000000, 0x00000000a8000000| Complete 
| 129|0x00000000a8100000, 0x00000000a8100000, 0x00000000a8200000|  0%| F|  |TAMS 0x00000000a8100000, 0x00000000a8100000| Untracked 
| 130|0x00000000a8200000, 0x00000000a8200000, 0x00000000a8300000|  0%| F|  |TAMS 0x00000000a8200000, 0x00000000a8200000| Untracked 
| 131|0x00000000a8300000, 0x00000000a8300000, 0x00000000a8400000|  0%| F|  |TAMS 0x00000000a8300000, 0x00000000a8300000| Untracked 
| 132|0x00000000a8400000, 0x00000000a8500000, 0x00000000a8500000|100%| S|CS|TAMS 0x00000000a8400000, 0x00000000a8400000| Complete 
| 133|0x00000000a8500000, 0x00000000a8600000, 0x00000000a8600000|100%| S|CS|TAMS 0x00000000a8500000, 0x00000000a8500000| Complete 
| 134|0x00000000a8600000, 0x00000000a8700000, 0x00000000a8700000|100%| S|CS|TAMS 0x00000000a8600000, 0x00000000a8600000| Complete 
| 135|0x00000000a8700000, 0x00000000a8800000, 0x00000000a8800000|100%| S|CS|TAMS 0x00000000a8700000, 0x00000000a8700000| Complete 
| 136|0x00000000a8800000, 0x00000000a8900000, 0x00000000a8900000|100%| S|CS|TAMS 0x00000000a8800000, 0x00000000a8800000| Complete 
| 137|0x00000000a8900000, 0x00000000a8a00000, 0x00000000a8a00000|100%| S|CS|TAMS 0x00000000a8900000, 0x00000000a8900000| Complete 
| 138|0x00000000a8a00000, 0x00000000a8a00000, 0x00000000a8b00000|  0%| F|  |TAMS 0x00000000a8a00000, 0x00000000a8a00000| Untracked 
| 139|0x00000000a8b00000, 0x00000000a8b00000, 0x00000000a8c00000|  0%| F|  |TAMS 0x00000000a8b00000, 0x00000000a8b00000| Untracked 
| 140|0x00000000a8c00000, 0x00000000a8c00000, 0x00000000a8d00000|  0%| F|  |TAMS 0x00000000a8c00000, 0x00000000a8c00000| Untracked 
| 141|0x00000000a8d00000, 0x00000000a8d00000, 0x00000000a8e00000|  0%| F|  |TAMS 0x00000000a8d00000, 0x00000000a8d00000| Untracked 
| 142|0x00000000a8e00000, 0x00000000a8e00000, 0x00000000a8f00000|  0%| F|  |TAMS 0x00000000a8e00000, 0x00000000a8e00000| Untracked 
| 143|0x00000000a8f00000, 0x00000000a8f00000, 0x00000000a9000000|  0%| F|  |TAMS 0x00000000a8f00000, 0x00000000a8f00000| Untracked 
| 144|0x00000000a9000000, 0x00000000a9000000, 0x00000000a9100000|  0%| F|  |TAMS 0x00000000a9000000, 0x00000000a9000000| Untracked 
| 145|0x00000000a9100000, 0x00000000a9100000, 0x00000000a9200000|  0%| F|  |TAMS 0x00000000a9100000, 0x00000000a9100000| Untracked 
| 146|0x00000000a9200000, 0x00000000a9200000, 0x00000000a9300000|  0%| F|  |TAMS 0x00000000a9200000, 0x00000000a9200000| Untracked 
| 147|0x00000000a9300000, 0x00000000a9300000, 0x00000000a9400000|  0%| F|  |TAMS 0x00000000a9300000, 0x00000000a9300000| Untracked 
| 148|0x00000000a9400000, 0x00000000a9400000, 0x00000000a9500000|  0%| F|  |TAMS 0x00000000a9400000, 0x00000000a9400000| Untracked 
| 149|0x00000000a9500000, 0x00000000a9500000, 0x00000000a9600000|  0%| F|  |TAMS 0x00000000a9500000, 0x00000000a9500000| Untracked 
| 150|0x00000000a9600000, 0x00000000a9600000, 0x00000000a9700000|  0%| F|  |TAMS 0x00000000a9600000, 0x00000000a9600000| Untracked 
| 151|0x00000000a9700000, 0x00000000a9700000, 0x00000000a9800000|  0%| F|  |TAMS 0x00000000a9700000, 0x00000000a9700000| Untracked 
| 152|0x00000000a9800000, 0x00000000a9800000, 0x00000000a9900000|  0%| F|  |TAMS 0x00000000a9800000, 0x00000000a9800000| Untracked 
| 153|0x00000000a9900000, 0x00000000a9900000, 0x00000000a9a00000|  0%| F|  |TAMS 0x00000000a9900000, 0x00000000a9900000| Untracked 
| 154|0x00000000a9a00000, 0x00000000a9a00000, 0x00000000a9b00000|  0%| F|  |TAMS 0x00000000a9a00000, 0x00000000a9a00000| Untracked 
| 155|0x00000000a9b00000, 0x00000000a9b00000, 0x00000000a9c00000|  0%| F|  |TAMS 0x00000000a9b00000, 0x00000000a9b00000| Untracked 
| 156|0x00000000a9c00000, 0x00000000a9c00000, 0x00000000a9d00000|  0%| F|  |TAMS 0x00000000a9c00000, 0x00000000a9c00000| Untracked 
| 157|0x00000000a9d00000, 0x00000000a9d00000, 0x00000000a9e00000|  0%| F|  |TAMS 0x00000000a9d00000, 0x00000000a9d00000| Untracked 
| 158|0x00000000a9e00000, 0x00000000a9e00000, 0x00000000a9f00000|  0%| F|  |TAMS 0x00000000a9e00000, 0x00000000a9e00000| Untracked 
| 159|0x00000000a9f00000, 0x00000000a9f00000, 0x00000000aa000000|  0%| F|  |TAMS 0x00000000a9f00000, 0x00000000a9f00000| Untracked 
| 160|0x00000000aa000000, 0x00000000aa000000, 0x00000000aa100000|  0%| F|  |TAMS 0x00000000aa000000, 0x00000000aa000000| Untracked 
| 161|0x00000000aa100000, 0x00000000aa100000, 0x00000000aa200000|  0%| F|  |TAMS 0x00000000aa100000, 0x00000000aa100000| Untracked 
| 162|0x00000000aa200000, 0x00000000aa200000, 0x00000000aa300000|  0%| F|  |TAMS 0x00000000aa200000, 0x00000000aa200000| Untracked 
| 163|0x00000000aa300000, 0x00000000aa300000, 0x00000000aa400000|  0%| F|  |TAMS 0x00000000aa300000, 0x00000000aa300000| Untracked 
| 164|0x00000000aa400000, 0x00000000aa400000, 0x00000000aa500000|  0%| F|  |TAMS 0x00000000aa400000, 0x00000000aa400000| Untracked 
| 165|0x00000000aa500000, 0x00000000aa500000, 0x00000000aa600000|  0%| F|  |TAMS 0x00000000aa500000, 0x00000000aa500000| Untracked 
| 166|0x00000000aa600000, 0x00000000aa600000, 0x00000000aa700000|  0%| F|  |TAMS 0x00000000aa600000, 0x00000000aa600000| Untracked 
| 167|0x00000000aa700000, 0x00000000aa700000, 0x00000000aa800000|  0%| F|  |TAMS 0x00000000aa700000, 0x00000000aa700000| Untracked 
| 168|0x00000000aa800000, 0x00000000aa800000, 0x00000000aa900000|  0%| F|  |TAMS 0x00000000aa800000, 0x00000000aa800000| Untracked 
| 169|0x00000000aa900000, 0x00000000aa900000, 0x00000000aaa00000|  0%| F|  |TAMS 0x00000000aa900000, 0x00000000aa900000| Untracked 
| 170|0x00000000aaa00000, 0x00000000aaa00000, 0x00000000aab00000|  0%| F|  |TAMS 0x00000000aaa00000, 0x00000000aaa00000| Untracked 
| 171|0x00000000aab00000, 0x00000000aab00000, 0x00000000aac00000|  0%| F|  |TAMS 0x00000000aab00000, 0x00000000aab00000| Untracked 
| 172|0x00000000aac00000, 0x00000000aac00000, 0x00000000aad00000|  0%| F|  |TAMS 0x00000000aac00000, 0x00000000aac00000| Untracked 
| 173|0x00000000aad00000, 0x00000000aad00000, 0x00000000aae00000|  0%| F|  |TAMS 0x00000000aad00000, 0x00000000aad00000| Untracked 
| 174|0x00000000aae00000, 0x00000000aae00000, 0x00000000aaf00000|  0%| F|  |TAMS 0x00000000aae00000, 0x00000000aae00000| Untracked 
| 175|0x00000000aaf00000, 0x00000000aaf00000, 0x00000000ab000000|  0%| F|  |TAMS 0x00000000aaf00000, 0x00000000aaf00000| Untracked 
| 176|0x00000000ab000000, 0x00000000ab000000, 0x00000000ab100000|  0%| F|  |TAMS 0x00000000ab000000, 0x00000000ab000000| Untracked 
| 177|0x00000000ab100000, 0x00000000ab100000, 0x00000000ab200000|  0%| F|  |TAMS 0x00000000ab100000, 0x00000000ab100000| Untracked 
| 178|0x00000000ab200000, 0x00000000ab200000, 0x00000000ab300000|  0%| F|  |TAMS 0x00000000ab200000, 0x00000000ab200000| Untracked 
| 179|0x00000000ab300000, 0x00000000ab300000, 0x00000000ab400000|  0%| F|  |TAMS 0x00000000ab300000, 0x00000000ab300000| Untracked 
| 180|0x00000000ab400000, 0x00000000ab400000, 0x00000000ab500000|  0%| F|  |TAMS 0x00000000ab400000, 0x00000000ab400000| Untracked 
| 181|0x00000000ab500000, 0x00000000ab500000, 0x00000000ab600000|  0%| F|  |TAMS 0x00000000ab500000, 0x00000000ab500000| Untracked 
| 182|0x00000000ab600000, 0x00000000ab600000, 0x00000000ab700000|  0%| F|  |TAMS 0x00000000ab600000, 0x00000000ab600000| Untracked 
| 183|0x00000000ab700000, 0x00000000ab700000, 0x00000000ab800000|  0%| F|  |TAMS 0x00000000ab700000, 0x00000000ab700000| Untracked 
| 184|0x00000000ab800000, 0x00000000ab800000, 0x00000000ab900000|  0%| F|  |TAMS 0x00000000ab800000, 0x00000000ab800000| Untracked 
| 185|0x00000000ab900000, 0x00000000ab900000, 0x00000000aba00000|  0%| F|  |TAMS 0x00000000ab900000, 0x00000000ab900000| Untracked 
| 186|0x00000000aba00000, 0x00000000aba00000, 0x00000000abb00000|  0%| F|  |TAMS 0x00000000aba00000, 0x00000000aba00000| Untracked 
| 187|0x00000000abb00000, 0x00000000abb00000, 0x00000000abc00000|  0%| F|  |TAMS 0x00000000abb00000, 0x00000000abb00000| Untracked 
| 188|0x00000000abc00000, 0x00000000abc00000, 0x00000000abd00000|  0%| F|  |TAMS 0x00000000abc00000, 0x00000000abc00000| Untracked 
| 189|0x00000000abd00000, 0x00000000abd00000, 0x00000000abe00000|  0%| F|  |TAMS 0x00000000abd00000, 0x00000000abd00000| Untracked 
| 190|0x00000000abe00000, 0x00000000abe00000, 0x00000000abf00000|  0%| F|  |TAMS 0x00000000abe00000, 0x00000000abe00000| Untracked 
| 191|0x00000000abf00000, 0x00000000abf00000, 0x00000000ac000000|  0%| F|  |TAMS 0x00000000abf00000, 0x00000000abf00000| Untracked 
| 192|0x00000000ac000000, 0x00000000ac000000, 0x00000000ac100000|  0%| F|  |TAMS 0x00000000ac000000, 0x00000000ac000000| Untracked 
| 193|0x00000000ac100000, 0x00000000ac100000, 0x00000000ac200000|  0%| F|  |TAMS 0x00000000ac100000, 0x00000000ac100000| Untracked 
| 194|0x00000000ac200000, 0x00000000ac200000, 0x00000000ac300000|  0%| F|  |TAMS 0x00000000ac200000, 0x00000000ac200000| Untracked 
| 195|0x00000000ac300000, 0x00000000ac300000, 0x00000000ac400000|  0%| F|  |TAMS 0x00000000ac300000, 0x00000000ac300000| Untracked 
| 196|0x00000000ac400000, 0x00000000ac400000, 0x00000000ac500000|  0%| F|  |TAMS 0x00000000ac400000, 0x00000000ac400000| Untracked 
| 197|0x00000000ac500000, 0x00000000ac500000, 0x00000000ac600000|  0%| F|  |TAMS 0x00000000ac500000, 0x00000000ac500000| Untracked 
| 198|0x00000000ac600000, 0x00000000ac600000, 0x00000000ac700000|  0%| F|  |TAMS 0x00000000ac600000, 0x00000000ac600000| Untracked 
| 199|0x00000000ac700000, 0x00000000ac700000, 0x00000000ac800000|  0%| F|  |TAMS 0x00000000ac700000, 0x00000000ac700000| Untracked 
| 200|0x00000000ac800000, 0x00000000ac800000, 0x00000000ac900000|  0%| F|  |TAMS 0x00000000ac800000, 0x00000000ac800000| Untracked 
| 201|0x00000000ac900000, 0x00000000ac900000, 0x00000000aca00000|  0%| F|  |TAMS 0x00000000ac900000, 0x00000000ac900000| Untracked 
| 202|0x00000000aca00000, 0x00000000aca00000, 0x00000000acb00000|  0%| F|  |TAMS 0x00000000aca00000, 0x00000000aca00000| Untracked 
| 203|0x00000000acb00000, 0x00000000acb80800, 0x00000000acc00000| 50%| E|  |TAMS 0x00000000acb00000, 0x00000000acb00000| Complete 
| 204|0x00000000acc00000, 0x00000000acd00000, 0x00000000acd00000|100%| E|CS|TAMS 0x00000000acc00000, 0x00000000acc00000| Complete 
| 205|0x00000000acd00000, 0x00000000ace00000, 0x00000000ace00000|100%| E|CS|TAMS 0x00000000acd00000, 0x00000000acd00000| Complete 
| 206|0x00000000ace00000, 0x00000000acf00000, 0x00000000acf00000|100%| E|CS|TAMS 0x00000000ace00000, 0x00000000ace00000| Complete 
| 207|0x00000000acf00000, 0x00000000ad000000, 0x00000000ad000000|100%| E|CS|TAMS 0x00000000acf00000, 0x00000000acf00000| Complete 
| 208|0x00000000ad000000, 0x00000000ad100000, 0x00000000ad100000|100%| E|CS|TAMS 0x00000000ad000000, 0x00000000ad000000| Complete 
| 209|0x00000000ad100000, 0x00000000ad200000, 0x00000000ad200000|100%| E|CS|TAMS 0x00000000ad100000, 0x00000000ad100000| Complete 
| 210|0x00000000ad200000, 0x00000000ad300000, 0x00000000ad300000|100%| E|CS|TAMS 0x00000000ad200000, 0x00000000ad200000| Complete 
| 211|0x00000000ad300000, 0x00000000ad400000, 0x00000000ad400000|100%| E|CS|TAMS 0x00000000ad300000, 0x00000000ad300000| Complete 
| 212|0x00000000ad400000, 0x00000000ad500000, 0x00000000ad500000|100%| E|CS|TAMS 0x00000000ad400000, 0x00000000ad400000| Complete 
| 213|0x00000000ad500000, 0x00000000ad600000, 0x00000000ad600000|100%| E|CS|TAMS 0x00000000ad500000, 0x00000000ad500000| Complete 
| 214|0x00000000ad600000, 0x00000000ad700000, 0x00000000ad700000|100%| E|CS|TAMS 0x00000000ad600000, 0x00000000ad600000| Complete 
| 215|0x00000000ad700000, 0x00000000ad800000, 0x00000000ad800000|100%| E|CS|TAMS 0x00000000ad700000, 0x00000000ad700000| Complete 
| 216|0x00000000ad800000, 0x00000000ad900000, 0x00000000ad900000|100%| E|CS|TAMS 0x00000000ad800000, 0x00000000ad800000| Complete 
| 217|0x00000000ad900000, 0x00000000ada00000, 0x00000000ada00000|100%| E|  |TAMS 0x00000000ad900000, 0x00000000ad900000| Complete 
| 218|0x00000000ada00000, 0x00000000adb00000, 0x00000000adb00000|100%| E|CS|TAMS 0x00000000ada00000, 0x00000000ada00000| Complete 
| 219|0x00000000adb00000, 0x00000000adc00000, 0x00000000adc00000|100%| E|CS|TAMS 0x00000000adb00000, 0x00000000adb00000| Complete 
| 220|0x00000000adc00000, 0x00000000add00000, 0x00000000add00000|100%| E|CS|TAMS 0x00000000adc00000, 0x00000000adc00000| Complete 
| 221|0x00000000add00000, 0x00000000ade00000, 0x00000000ade00000|100%| E|CS|TAMS 0x00000000add00000, 0x00000000add00000| Complete 
| 222|0x00000000ade00000, 0x00000000adf00000, 0x00000000adf00000|100%| E|CS|TAMS 0x00000000ade00000, 0x00000000ade00000| Complete 
| 223|0x00000000adf00000, 0x00000000ae000000, 0x00000000ae000000|100%| E|CS|TAMS 0x00000000adf00000, 0x00000000adf00000| Complete 
| 224|0x00000000ae000000, 0x00000000ae100000, 0x00000000ae100000|100%| E|CS|TAMS 0x00000000ae000000, 0x00000000ae000000| Complete 
| 225|0x00000000ae100000, 0x00000000ae200000, 0x00000000ae200000|100%| E|CS|TAMS 0x00000000ae100000, 0x00000000ae100000| Complete 
| 226|0x00000000ae200000, 0x00000000ae300000, 0x00000000ae300000|100%| E|CS|TAMS 0x00000000ae200000, 0x00000000ae200000| Complete 
| 227|0x00000000ae300000, 0x00000000ae400000, 0x00000000ae400000|100%| E|CS|TAMS 0x00000000ae300000, 0x00000000ae300000| Complete 
| 228|0x00000000ae400000, 0x00000000ae500000, 0x00000000ae500000|100%| E|CS|TAMS 0x00000000ae400000, 0x00000000ae400000| Complete 
| 229|0x00000000ae500000, 0x00000000ae600000, 0x00000000ae600000|100%| E|CS|TAMS 0x00000000ae500000, 0x00000000ae500000| Complete 
| 230|0x00000000ae600000, 0x00000000ae700000, 0x00000000ae700000|100%| E|CS|TAMS 0x00000000ae600000, 0x00000000ae600000| Complete 
| 231|0x00000000ae700000, 0x00000000ae800000, 0x00000000ae800000|100%| E|CS|TAMS 0x00000000ae700000, 0x00000000ae700000| Complete 
| 232|0x00000000ae800000, 0x00000000ae900000, 0x00000000ae900000|100%| E|CS|TAMS 0x00000000ae800000, 0x00000000ae800000| Complete 
| 233|0x00000000ae900000, 0x00000000aea00000, 0x00000000aea00000|100%| E|CS|TAMS 0x00000000ae900000, 0x00000000ae900000| Complete 
| 234|0x00000000aea00000, 0x00000000aeb00000, 0x00000000aeb00000|100%| E|CS|TAMS 0x00000000aea00000, 0x00000000aea00000| Complete 
| 235|0x00000000aeb00000, 0x00000000aec00000, 0x00000000aec00000|100%| E|CS|TAMS 0x00000000aeb00000, 0x00000000aeb00000| Complete 
| 236|0x00000000aec00000, 0x00000000aed00000, 0x00000000aed00000|100%| E|CS|TAMS 0x00000000aec00000, 0x00000000aec00000| Complete 
| 237|0x00000000aed00000, 0x00000000aee00000, 0x00000000aee00000|100%| E|CS|TAMS 0x00000000aed00000, 0x00000000aed00000| Complete 
| 238|0x00000000aee00000, 0x00000000aef00000, 0x00000000aef00000|100%| E|CS|TAMS 0x00000000aee00000, 0x00000000aee00000| Complete 
| 239|0x00000000aef00000, 0x00000000af000000, 0x00000000af000000|100%| E|CS|TAMS 0x00000000aef00000, 0x00000000aef00000| Complete 
| 240|0x00000000af000000, 0x00000000af100000, 0x00000000af100000|100%| E|CS|TAMS 0x00000000af000000, 0x00000000af000000| Complete 
| 241|0x00000000af100000, 0x00000000af200000, 0x00000000af200000|100%| E|CS|TAMS 0x00000000af100000, 0x00000000af100000| Complete 
| 242|0x00000000af200000, 0x00000000af300000, 0x00000000af300000|100%| E|CS|TAMS 0x00000000af200000, 0x00000000af200000| Complete 
| 243|0x00000000af300000, 0x00000000af400000, 0x00000000af400000|100%| E|CS|TAMS 0x00000000af300000, 0x00000000af300000| Complete 
| 244|0x00000000af400000, 0x00000000af500000, 0x00000000af500000|100%| E|CS|TAMS 0x00000000af400000, 0x00000000af400000| Complete 
| 245|0x00000000af500000, 0x00000000af600000, 0x00000000af600000|100%| E|CS|TAMS 0x00000000af500000, 0x00000000af500000| Complete 
| 246|0x00000000af600000, 0x00000000af700000, 0x00000000af700000|100%| E|CS|TAMS 0x00000000af600000, 0x00000000af600000| Complete 
| 247|0x00000000af700000, 0x00000000af800000, 0x00000000af800000|100%| E|CS|TAMS 0x00000000af700000, 0x00000000af700000| Complete 
| 248|0x00000000af800000, 0x00000000af900000, 0x00000000af900000|100%| E|CS|TAMS 0x00000000af800000, 0x00000000af800000| Complete 
| 249|0x00000000af900000, 0x00000000afa00000, 0x00000000afa00000|100%| E|CS|TAMS 0x00000000af900000, 0x00000000af900000| Complete 
| 250|0x00000000afa00000, 0x00000000afb00000, 0x00000000afb00000|100%| E|CS|TAMS 0x00000000afa00000, 0x00000000afa00000| Complete 
| 251|0x00000000afb00000, 0x00000000afc00000, 0x00000000afc00000|100%| E|CS|TAMS 0x00000000afb00000, 0x00000000afb00000| Complete 
| 252|0x00000000afc00000, 0x00000000afd00000, 0x00000000afd00000|100%| E|CS|TAMS 0x00000000afc00000, 0x00000000afc00000| Complete 
| 253|0x00000000afd00000, 0x00000000afe00000, 0x00000000afe00000|100%| E|CS|TAMS 0x00000000afd00000, 0x00000000afd00000| Complete 

Card table byte_map: [0x0000021ac3ba0000,0x0000021ac3ea0000] _byte_map_base: 0x0000021ac36a0000

Marking Bits (Prev, Next): (CMBitMap*) 0x0000021ab0a78200, (CMBitMap*) 0x0000021ab0a781c8
 Prev Bits: [0x0000021ac59a0000, 0x0000021ac71a0000)
 Next Bits: [0x0000021ac41a0000, 0x0000021ac59a0000)

Polling page: 0x0000021ab0220000

Metaspace:

Usage:
  Non-class:     69.47 MB capacity,    67.65 MB ( 97%) used,     1.61 MB (  2%) free+waste,   220.31 KB ( <1%) overhead. 
      Class:     10.97 MB capacity,    10.06 MB ( 92%) used,   833.90 KB (  7%) free+waste,   103.94 KB ( <1%) overhead. 
       Both:     80.45 MB capacity,    77.71 MB ( 97%) used,     2.43 MB (  3%) free+waste,   324.25 KB ( <1%) overhead. 

Virtual space:
  Non-class space:       70.00 MB reserved,      69.51 MB (>99%) committed 
      Class space:        1.00 GB reserved,      11.00 MB (  1%) committed 
             Both:        1.07 GB reserved,      80.51 MB (  7%) committed 

Chunk freelists:
   Non-Class:  34.00 KB
       Class:  27.00 KB
        Both:  61.00 KB

MaxMetaspaceSize: 17179869184.00 GB
CompressedClassSpaceSize: 1.00 GB
Initial GC threshold: 20.80 MB
Current GC threshold: 98.55 MB
CDS: off

CodeHeap 'non-profiled nmethods': size=120000Kb used=6152Kb max_used=6152Kb free=113848Kb
 bounds [0x0000021abc030000, 0x0000021abc640000, 0x0000021ac3560000]
CodeHeap 'profiled nmethods': size=120000Kb used=19982Kb max_used=19982Kb free=100017Kb
 bounds [0x0000021ab4b00000, 0x0000021ab5e90000, 0x0000021abc030000]
CodeHeap 'non-nmethods': size=5760Kb used=2353Kb max_used=2441Kb free=3406Kb
 bounds [0x0000021ab4560000, 0x0000021ab47d0000, 0x0000021ab4b00000]
 total_blobs=9912 nmethods=9041 adapters=783
 compilation: enabled
              stopped_count=0, restarted_count=0
 full_count=0

Compilation events (20 events):
Event: 16.436 Thread 0x0000021aca4d4800 8995       3       org.gradle.api.internal.FactoryNamedDomainObjectContainer::doCreate (11 bytes)
Event: 16.436 Thread 0x0000021aca4d4800 nmethod 8995 0x0000021ab5e45510 code [0x0000021ab5e456c0, 0x0000021ab5e45888]
Event: 16.436 Thread 0x0000021aca4d4800 8991       3       com.android.build.api.variant.impl.LibraryVariantImpl_Decorated::getVariantScope (40 bytes)
Event: 16.437 Thread 0x0000021aca4d4800 nmethod 8991 0x0000021ab5e45990 code [0x0000021ab5e45b80, 0x0000021ab5e45ed8]
Event: 16.437 Thread 0x0000021aca4d4800 8997       3       com.android.build.gradle.internal.scope.VariantScopeImpl::publishIntermediateArtifact (290 bytes)
Event: 16.439 Thread 0x0000021aca4d4800 nmethod 8997 0x0000021ab5e46010 code [0x0000021ab5e46500, 0x0000021ab5e488b8]
Event: 16.439 Thread 0x0000021aca4d4800 8998       3       com.android.build.gradle.internal.publishing.PublishedConfigSpec::equals (65 bytes)
Event: 16.439 Thread 0x0000021aca4d4800 nmethod 8998 0x0000021ab5e49490 code [0x0000021ab5e49680, 0x0000021ab5e49c68]
Event: 16.439 Thread 0x0000021aca4d4800 9000       3       com.android.build.api.artifact.impl.ArtifactsImpl::get (15 bytes)
Event: 16.440 Thread 0x0000021aca4d4800 nmethod 9000 0x0000021ab5e49d90 code [0x0000021ab5e4a080, 0x0000021ab5e4ad18]
Event: 16.440 Thread 0x0000021aca4d4800 9001       3       kotlin.collections.CollectionsKt___CollectionsKt::toSet (138 bytes)
Event: 16.442 Thread 0x0000021aca4d4800 nmethod 9001 0x0000021ab5e4b210 code [0x0000021ab5e4b640, 0x0000021ab5e4d398]
Event: 16.442 Thread 0x0000021aca4d4800 8999       3       com.google.common.collect.ImmutableList::iterator (5 bytes)
Event: 16.442 Thread 0x0000021aca4d4800 nmethod 8999 0x0000021ab5e4dc10 code [0x0000021ab5e4ddc0, 0x0000021ab5e4df68]
Event: 16.442 Thread 0x0000021aca4d4800 8990       1       com.android.build.gradle.internal.publishing.ComponentPublishingInfo::getComponentName (5 bytes)
Event: 16.442 Thread 0x0000021aca4d4800 nmethod 8990 0x0000021abc623b90 code [0x0000021abc623d40, 0x0000021abc623df8]
Event: 16.444 Thread 0x0000021aca4d4800 9002       3       java.lang.reflect.Method::getDeclaredAnnotations (5 bytes)
Event: 16.445 Thread 0x0000021aca4d4800 nmethod 9002 0x0000021ab5e4e010 code [0x0000021ab5e4e200, 0x0000021ab5e4e668]
Event: 16.455 Thread 0x0000021acd812800 nmethod 8927% 0x0000021abc623e90 code [0x0000021abc624080, 0x0000021abc625288]
Event: 16.456 Thread 0x0000021acd812800 8987   !   4       org.gradle.internal.instantiation.generator.DependencyInjectingInstantiator::doCreate (64 bytes)

GC Heap History (20 events):
Event: 0.847 GC heap before
{Heap before GC invocations=0 (full 0):
 garbage-first heap   total 260096K, used 29696K [0x00000000a0000000, 0x0000000100000000)
  region size 1024K, 24 young (24576K), 0 survivors (0K)
 Metaspace       used 9793K, capacity 9960K, committed 10112K, reserved 1058816K
  class space    used 1006K, capacity 1069K, committed 1152K, reserved 1048576K
}
Event: 0.859 GC heap after
{Heap after GC invocations=1 (full 0):
 garbage-first heap   total 260096K, used 9122K [0x00000000a0000000, 0x0000000100000000)
  region size 1024K, 3 young (3072K), 3 survivors (3072K)
 Metaspace       used 9793K, capacity 9960K, committed 10112K, reserved 1058816K
  class space    used 1006K, capacity 1069K, committed 1152K, reserved 1048576K
}
Event: 3.449 GC heap before
{Heap before GC invocations=1 (full 0):
 garbage-first heap   total 260096K, used 107426K [0x00000000a0000000, 0x0000000100000000)
  region size 1024K, 100 young (102400K), 3 survivors (3072K)
 Metaspace       used 20704K, capacity 21162K, committed 21296K, reserved 1069056K
  class space    used 2496K, capacity 2658K, committed 2688K, reserved 1048576K
}
Event: 3.464 GC heap after
{Heap after GC invocations=2 (full 0):
 garbage-first heap   total 260096K, used 16859K [0x00000000a0000000, 0x0000000100000000)
  region size 1024K, 11 young (11264K), 11 survivors (11264K)
 Metaspace       used 20704K, capacity 21162K, committed 21296K, reserved 1069056K
  class space    used 2496K, capacity 2658K, committed 2688K, reserved 1048576K
}
Event: 3.958 GC heap before
{Heap before GC invocations=3 (full 0):
 garbage-first heap   total 260096K, used 51675K [0x00000000a0000000, 0x0000000100000000)
  region size 1024K, 45 young (46080K), 11 survivors (11264K)
 Metaspace       used 23949K, capacity 24444K, committed 24752K, reserved 1071104K
  class space    used 3017K, capacity 3221K, committed 3328K, reserved 1048576K
}
Event: 3.967 GC heap after
{Heap after GC invocations=4 (full 0):
 garbage-first heap   total 260096K, used 18116K [0x00000000a0000000, 0x0000000100000000)
  region size 1024K, 2 young (2048K), 2 survivors (2048K)
 Metaspace       used 23949K, capacity 24444K, committed 24752K, reserved 1071104K
  class space    used 3017K, capacity 3221K, committed 3328K, reserved 1048576K
}
Event: 5.615 GC heap before
{Heap before GC invocations=4 (full 0):
 garbage-first heap   total 260096K, used 99012K [0x00000000a0000000, 0x0000000100000000)
  region size 1024K, 82 young (83968K), 2 survivors (2048K)
 Metaspace       used 35034K, capacity 35780K, committed 35920K, reserved 1081344K
  class space    used 4466K, capacity 4774K, committed 4864K, reserved 1048576K
}
Event: 5.626 GC heap after
{Heap after GC invocations=5 (full 0):
 garbage-first heap   total 260096K, used 21969K [0x00000000a0000000, 0x0000000100000000)
  region size 1024K, 6 young (6144K), 6 survivors (6144K)
 Metaspace       used 35034K, capacity 35780K, committed 35920K, reserved 1081344K
  class space    used 4466K, capacity 4774K, committed 4864K, reserved 1048576K
}
Event: 7.303 GC heap before
{Heap before GC invocations=6 (full 0):
 garbage-first heap   total 260096K, used 132561K [0x00000000a0000000, 0x0000000100000000)
  region size 1024K, 111 young (113664K), 6 survivors (6144K)
 Metaspace       used 43729K, capacity 44711K, committed 44880K, reserved 1089536K
  class space    used 5459K, capacity 5839K, committed 5888K, reserved 1048576K
}
Event: 7.321 GC heap after
{Heap after GC invocations=7 (full 0):
 garbage-first heap   total 260096K, used 29251K [0x00000000a0000000, 0x0000000100000000)
  region size 1024K, 13 young (13312K), 13 survivors (13312K)
 Metaspace       used 43729K, capacity 44711K, committed 44880K, reserved 1089536K
  class space    used 5459K, capacity 5839K, committed 5888K, reserved 1048576K
}
Event: 9.465 GC heap before
{Heap before GC invocations=7 (full 0):
 garbage-first heap   total 260096K, used 165443K [0x00000000a0000000, 0x0000000100000000)
  region size 1024K, 137 young (140288K), 13 survivors (13312K)
 Metaspace       used 50929K, capacity 52409K, committed 52688K, reserved 1095680K
  class space    used 6391K, capacity 6931K, committed 7040K, reserved 1048576K
}
Event: 9.479 GC heap after
{Heap after GC invocations=8 (full 0):
 garbage-first heap   total 260096K, used 48288K [0x00000000a0000000, 0x0000000100000000)
  region size 1024K, 17 young (17408K), 17 survivors (17408K)
 Metaspace       used 50929K, capacity 52409K, committed 52688K, reserved 1095680K
  class space    used 6391K, capacity 6931K, committed 7040K, reserved 1048576K
}
Event: 10.404 GC heap before
{Heap before GC invocations=8 (full 0):
 garbage-first heap   total 260096K, used 106656K [0x00000000a0000000, 0x0000000100000000)
  region size 1024K, 75 young (76800K), 17 survivors (17408K)
 Metaspace       used 58458K, capacity 60065K, committed 60296K, reserved 1101824K
  class space    used 7352K, capacity 7946K, committed 8064K, reserved 1048576K
}
Event: 10.426 GC heap after
{Heap after GC invocations=9 (full 0):
 garbage-first heap   total 260096K, used 51458K [0x00000000a0000000, 0x0000000100000000)
  region size 1024K, 4 young (4096K), 4 survivors (4096K)
 Metaspace       used 58458K, capacity 60065K, committed 60296K, reserved 1101824K
  class space    used 7352K, capacity 7946K, committed 8064K, reserved 1048576K
}
Event: 12.368 GC heap before
{Heap before GC invocations=10 (full 0):
 garbage-first heap   total 260096K, used 175362K [0x00000000a0000000, 0x0000000100000000)
  region size 1024K, 125 young (128000K), 4 survivors (4096K)
 Metaspace       used 67082K, capacity 68781K, committed 69000K, reserved 1110016K
  class space    used 8444K, capacity 9048K, committed 9088K, reserved 1048576K
}
Event: 12.378 GC heap after
{Heap after GC invocations=11 (full 0):
 garbage-first heap   total 260096K, used 58423K [0x00000000a0000000, 0x0000000100000000)
  region size 1024K, 11 young (11264K), 11 survivors (11264K)
 Metaspace       used 67082K, capacity 68781K, committed 69000K, reserved 1110016K
  class space    used 8444K, capacity 9048K, committed 9088K, reserved 1048576K
}
Event: 13.809 GC heap before
{Heap before GC invocations=11 (full 0):
 garbage-first heap   total 260096K, used 185399K [0x00000000a0000000, 0x0000000100000000)
  region size 1024K, 133 young (136192K), 11 survivors (11264K)
 Metaspace       used 71214K, capacity 73215K, committed 73352K, reserved 1114112K
  class space    used 9040K, capacity 9729K, committed 9856K, reserved 1048576K
}
Event: 13.824 GC heap after
{Heap after GC invocations=12 (full 0):
 garbage-first heap   total 260096K, used 71744K [0x00000000a0000000, 0x0000000100000000)
  region size 1024K, 17 young (17408K), 17 survivors (17408K)
 Metaspace       used 71214K, capacity 73215K, committed 73352K, reserved 1114112K
  class space    used 9040K, capacity 9729K, committed 9856K, reserved 1048576K
}
Event: 15.625 GC heap before
{Heap before GC invocations=12 (full 0):
 garbage-first heap   total 260096K, used 189504K [0x00000000a0000000, 0x0000000100000000)
  region size 1024K, 133 young (136192K), 17 survivors (17408K)
 Metaspace       used 77440K, capacity 79715K, committed 80008K, reserved 1118208K
  class space    used 9988K, capacity 10825K, committed 10880K, reserved 1048576K
}
Event: 15.647 GC heap after
{Heap after GC invocations=13 (full 0):
 garbage-first heap   total 260096K, used 82455K [0x00000000a0000000, 0x0000000100000000)
  region size 1024K, 11 young (11264K), 11 survivors (11264K)
 Metaspace       used 77440K, capacity 79715K, committed 80008K, reserved 1118208K
  class space    used 9988K, capacity 10825K, committed 10880K, reserved 1048576K
}

Deoptimization events (20 events):
Event: 16.177 Thread 0x0000021acc56f000 Uncommon trap: trap_request=0xfffffff4 fr.pc=0x0000021abc5f6134 relative=0x0000000000000cf4
Event: 16.177 Thread 0x0000021acc56f000 Uncommon trap: reason=null_check action=make_not_entrant pc=0x0000021abc5f6134 method=org.gradle.tooling.internal.provider.runner.ClientBuildEventGenerator$Enabled.accept(Lorg/gradle/internal/operations/BuildOperationDescriptor;)Lorg/gradle/tooling/intern
Event: 16.177 Thread 0x0000021acc56f000 DEOPT PACKING pc=0x0000021abc5f6134 sp=0x000000e487cf9aa0
Event: 16.177 Thread 0x0000021acc56f000 DEOPT UNPACKING pc=0x0000021ab45aa1af sp=0x000000e487cf99d8 mode 2
Event: 16.229 Thread 0x0000021acc56f000 DEOPT PACKING pc=0x0000021ab58afba4 sp=0x000000e487cf93d0
Event: 16.229 Thread 0x0000021acc56f000 DEOPT UNPACKING pc=0x0000021ab45aa95e sp=0x000000e487cf88f0 mode 0
Event: 16.362 Thread 0x0000021acc56f000 DEOPT PACKING pc=0x0000021ab5336371 sp=0x000000e487cf9860
Event: 16.362 Thread 0x0000021acc56f000 DEOPT UNPACKING pc=0x0000021ab45aa95e sp=0x000000e487cf8d58 mode 0
Event: 16.365 Thread 0x0000021acc56f000 Uncommon trap: trap_request=0xfffffff4 fr.pc=0x0000021abc610908 relative=0x0000000000000568
Event: 16.365 Thread 0x0000021acc56f000 Uncommon trap: reason=null_check action=make_not_entrant pc=0x0000021abc610908 method=org.gradle.cache.internal.DefaultCrossBuildInMemoryCacheFactory$DefaultCrossBuildInMemoryCache.maybeGetRetainedValue(Ljava/lang/Object;)Ljava/lang/Object; @ 10 c2
Event: 16.365 Thread 0x0000021acc56f000 DEOPT PACKING pc=0x0000021abc610908 sp=0x000000e487cfa3c0
Event: 16.365 Thread 0x0000021acc56f000 DEOPT UNPACKING pc=0x0000021ab45aa1af sp=0x000000e487cfa2f8 mode 2
Event: 16.375 Thread 0x0000021acc56f000 Uncommon trap: trap_request=0xfffffff4 fr.pc=0x0000021abc5fa154 relative=0x0000000000000ed4
Event: 16.375 Thread 0x0000021acc56f000 Uncommon trap: reason=null_check action=make_not_entrant pc=0x0000021abc5fa154 method=org.gradle.tooling.internal.provider.runner.ClientBuildEventGenerator$Enabled.accept(Lorg/gradle/internal/operations/BuildOperationDescriptor;)Lorg/gradle/tooling/intern
Event: 16.375 Thread 0x0000021acc56f000 DEOPT PACKING pc=0x0000021abc5fa154 sp=0x000000e487cf9b00
Event: 16.375 Thread 0x0000021acc56f000 DEOPT UNPACKING pc=0x0000021ab45aa1af sp=0x000000e487cf99c8 mode 2
Event: 16.447 Thread 0x0000021acc56f000 Uncommon trap: trap_request=0xffffffc6 fr.pc=0x0000021abc257250 relative=0x00000000000008f0
Event: 16.447 Thread 0x0000021acc56f000 Uncommon trap: reason=bimorphic_or_optimized_type_check action=maybe_recompile pc=0x0000021abc257250 method=java.lang.Throwable.<init>(Ljava/lang/String;Ljava/lang/Throwable;)V @ 24 c2
Event: 16.447 Thread 0x0000021acc56f000 DEOPT PACKING pc=0x0000021abc257250 sp=0x000000e487cfa100
Event: 16.447 Thread 0x0000021acc56f000 DEOPT UNPACKING pc=0x0000021ab45aa1af sp=0x000000e487cfa0c8 mode 2

Classes redefined (0 events):
No events

Internal exceptions (20 events):
Event: 15.842 Thread 0x0000021acc56f000 Exception <a 'java/lang/ClassNotFoundException'{0x00000000af2575c0}: java/lang/MathCustomizer> (0x00000000af2575c0) thrown at [./src/hotspot/share/classfile/systemDictionary.cpp, line 231]
Event: 16.080 Thread 0x0000021acc56f000 Exception <a 'java/lang/ClassNotFoundException'{0x00000000aeabaeb0}: com/android/build/gradle/internal/api/LibraryVariantOutputImpl_DecoratedBeanInfo> (0x00000000aeabaeb0) thrown at [./src/hotspot/share/classfile/systemDictionary.cpp, line 231]
Event: 16.080 Thread 0x0000021acc56f000 Exception <a 'java/lang/ClassNotFoundException'{0x00000000aead7728}: com/android/build/gradle/internal/api/LibraryVariantOutputImplBeanInfo> (0x00000000aead7728) thrown at [./src/hotspot/share/classfile/systemDictionary.cpp, line 231]
Event: 16.081 Thread 0x0000021acc56f000 Exception <a 'java/lang/ClassNotFoundException'{0x00000000aeaf3ff8}: com/android/build/gradle/internal/api/LibraryVariantOutputImplCustomizer> (0x00000000aeaf3ff8) thrown at [./src/hotspot/share/classfile/systemDictionary.cpp, line 231]
Event: 16.083 Thread 0x0000021acc56f000 Exception <a 'java/lang/ClassNotFoundException'{0x00000000ae91b898}: com/android/build/gradle/internal/api/LibraryVariantOutputImpl_DecoratedCustomizer> (0x00000000ae91b898) thrown at [./src/hotspot/share/classfile/systemDictionary.cpp, line 231]
Event: 16.122 Thread 0x0000021acc56f000 Exception <a 'java/lang/ClassNotFoundException'{0x00000000ae83c580}: build_e2o4fgqp4bszx15bz6zt5vomdBeanInfo> (0x00000000ae83c580) thrown at [./src/hotspot/share/classfile/systemDictionary.cpp, line 231]
Event: 16.123 Thread 0x0000021acc56f000 Exception <a 'java/lang/ClassNotFoundException'{0x00000000ae847ee0}: build_e2o4fgqp4bszx15bz6zt5vomdCustomizer> (0x00000000ae847ee0) thrown at [./src/hotspot/share/classfile/systemDictionary.cpp, line 231]
Event: 16.174 Thread 0x0000021acc56f000 Exception <a 'java/lang/ClassNotFoundException'{0x00000000ae450cb8}: build_e2o4fgqp4bszx15bz6zt5vomdBeanInfo> (0x00000000ae450cb8) thrown at [./src/hotspot/share/classfile/systemDictionary.cpp, line 231]
Event: 16.174 Thread 0x0000021acc56f000 Exception <a 'java/lang/ClassNotFoundException'{0x00000000ae45c310}: build_e2o4fgqp4bszx15bz6zt5vomdCustomizer> (0x00000000ae45c310) thrown at [./src/hotspot/share/classfile/systemDictionary.cpp, line 231]
Event: 16.177 Thread 0x0000021acc56f000 Implicit null exception at 0x0000021abc5f583a to 0x0000021abc5f610c
Event: 16.196 Thread 0x0000021acc56f000 Exception <a 'java/lang/ClassNotFoundException'{0x00000000ae3d8780}: build_e2o4fgqp4bszx15bz6zt5vomd$_run_closure2BeanInfo> (0x00000000ae3d8780) thrown at [./src/hotspot/share/classfile/systemDictionary.cpp, line 231]
Event: 16.197 Thread 0x0000021acc56f000 Exception <a 'java/lang/ClassNotFoundException'{0x00000000ae3ee0f8}: build_e2o4fgqp4bszx15bz6zt5vomd$_run_closure2Customizer> (0x00000000ae3ee0f8) thrown at [./src/hotspot/share/classfile/systemDictionary.cpp, line 231]
Event: 16.214 Thread 0x0000021acc56f000 Exception <a 'java/lang/ClassNotFoundException'{0x00000000ae2a8600}: user_agent_eatjwazp4p3ryzoxsfyuicln4BeanInfo> (0x00000000ae2a8600) thrown at [./src/hotspot/share/classfile/systemDictionary.cpp, line 231]
Event: 16.214 Thread 0x0000021acc56f000 Exception <a 'java/lang/ClassNotFoundException'{0x00000000ae2bbe48}: user_agent_eatjwazp4p3ryzoxsfyuicln4Customizer> (0x00000000ae2bbe48) thrown at [./src/hotspot/share/classfile/systemDictionary.cpp, line 231]
Event: 16.287 Thread 0x0000021acc56f000 Exception <a 'java/lang/ClassNotFoundException'{0x00000000ade7f500}: build_8lx8f22uqvfrnsoqubzk89ivyBeanInfo> (0x00000000ade7f500) thrown at [./src/hotspot/share/classfile/systemDictionary.cpp, line 231]
Event: 16.287 Thread 0x0000021acc56f000 Exception <a 'java/lang/ClassNotFoundException'{0x00000000ade8e0e0}: build_8lx8f22uqvfrnsoqubzk89ivyCustomizer> (0x00000000ade8e0e0) thrown at [./src/hotspot/share/classfile/systemDictionary.cpp, line 231]
Event: 16.365 Thread 0x0000021acc56f000 Implicit null exception at 0x0000021abc6104d4 to 0x0000021abc6108fc
Event: 16.373 Thread 0x0000021acc56f000 Exception <a 'java/lang/ClassNotFoundException'{0x00000000ad6b4c18}: build_8lx8f22uqvfrnsoqubzk89ivyBeanInfo> (0x00000000ad6b4c18) thrown at [./src/hotspot/share/classfile/systemDictionary.cpp, line 231]
Event: 16.373 Thread 0x0000021acc56f000 Exception <a 'java/lang/ClassNotFoundException'{0x00000000ad6c0a68}: build_8lx8f22uqvfrnsoqubzk89ivyCustomizer> (0x00000000ad6c0a68) thrown at [./src/hotspot/share/classfile/systemDictionary.cpp, line 231]
Event: 16.375 Thread 0x0000021acc56f000 Implicit null exception at 0x0000021abc5f9bbb to 0x0000021abc5fa138

Events (20 events):
Event: 16.448 loading class java/time/format/DateTimePrintContext
Event: 16.448 loading class java/time/format/DateTimePrintContext done
Event: 16.448 loading class java/time/temporal/WeekFields
Event: 16.448 loading class java/time/temporal/WeekFields done
Event: 16.448 loading class java/time/temporal/WeekFields$ComputedDayOfField
Event: 16.449 loading class java/time/temporal/WeekFields$ComputedDayOfField done
Event: 16.449 loading class java/time/LocalDate$1
Event: 16.449 loading class java/time/LocalDate$1 done
Event: 16.449 loading class java/time/Month$1
Event: 16.449 loading class java/time/Month$1 done
Event: 16.449 loading class java/time/format/DateTimeFormatterBuilder$3
Event: 16.449 loading class java/time/format/DateTimeFormatterBuilder$3 done
Event: 16.449 loading class java/time/LocalTime$1
Event: 16.449 loading class java/time/LocalTime$1 done
Event: 16.480 loading class java/nio/channels/Channels$1
Event: 16.480 loading class java/nio/channels/Channels$1 done
Event: 16.480 loading class com/android/build/gradle/internal/utils/GradlePluginUtils$enforceMinimumVersionsOfPlugins$1$1
Event: 16.480 loading class com/android/build/gradle/internal/utils/GradlePluginUtils$enforceMinimumVersionsOfPlugins$1$1 done
Event: 16.480 loading class org/gradle/invocation/DefaultGradle$2
Event: 16.480 loading class org/gradle/invocation/DefaultGradle$2 done


Dynamic libraries:
0x00007ff7e8de0000 - 0x00007ff7e8dea000 	C:\Program Files\Android\Android Studio\jre\bin\java.exe
0x00007ffea12f0000 - 0x00007ffea14e8000 	C:\Windows\SYSTEM32\ntdll.dll
0x00007ffe9f3d0000 - 0x00007ffe9f48d000 	C:\Windows\System32\KERNEL32.DLL
0x00007ffe9ea10000 - 0x00007ffe9ecde000 	C:\Windows\System32\KERNELBASE.dll
0x00007ffe9ee40000 - 0x00007ffe9ef40000 	C:\Windows\System32\ucrtbase.dll
0x00007ffe98250000 - 0x00007ffe98269000 	C:\Program Files\Android\Android Studio\jre\bin\jli.dll
0x00007ffe87280000 - 0x00007ffe87297000 	C:\Program Files\Android\Android Studio\jre\bin\VCRUNTIME140.dll
0x00007ffea09a0000 - 0x00007ffea0b40000 	C:\Windows\System32\USER32.dll
0x00007ffe8b8d0000 - 0x00007ffe8bb6a000 	C:\Windows\WinSxS\amd64_microsoft.windows.common-controls_6595b64144ccf1df_6.0.19041.1110_none_60b5254171f9507e\COMCTL32.dll
0x00007ffe9f320000 - 0x00007ffe9f342000 	C:\Windows\System32\win32u.dll
0x00007ffea0ef0000 - 0x00007ffea0f8e000 	C:\Windows\System32\msvcrt.dll
0x00007ffea0760000 - 0x00007ffea078a000 	C:\Windows\System32\GDI32.dll
0x00007ffe9f1e0000 - 0x00007ffe9f2eb000 	C:\Windows\System32\gdi32full.dll
0x00007ffe9f0b0000 - 0x00007ffe9f14d000 	C:\Windows\System32\msvcp_win.dll
0x00007ffea05b0000 - 0x00007ffea05e0000 	C:\Windows\System32\IMM32.DLL
0x00007ffe87100000 - 0x00007ffe8719d000 	C:\Program Files\Android\Android Studio\jre\bin\msvcp140.dll
0x00007ffe5d0c0000 - 0x00007ffe5dbc2000 	C:\Program Files\Android\Android Studio\jre\bin\server\jvm.dll
0x00007ffea0e40000 - 0x00007ffea0eee000 	C:\Windows\System32\ADVAPI32.dll
0x00007ffea1090000 - 0x00007ffea112c000 	C:\Windows\System32\sechost.dll
0x00007ffea0050000 - 0x00007ffea0175000 	C:\Windows\System32\RPCRT4.dll
0x00007ffea0d50000 - 0x00007ffea0d58000 	C:\Windows\System32\PSAPI.DLL
0x00007ffe88840000 - 0x00007ffe88849000 	C:\Windows\SYSTEM32\WSOCK32.dll
0x00007ffea0f90000 - 0x00007ffea0ffb000 	C:\Windows\System32\WS2_32.dll
0x00007ffe8c2e0000 - 0x00007ffe8c307000 	C:\Windows\SYSTEM32\WINMM.dll
0x00007ffe97ea0000 - 0x00007ffe97eaa000 	C:\Windows\SYSTEM32\VERSION.dll
0x00007ffe9c900000 - 0x00007ffe9c912000 	C:\Windows\SYSTEM32\kernel.appcore.dll
0x00007ffe87260000 - 0x00007ffe87271000 	C:\Program Files\Android\Android Studio\jre\bin\verify.dll
0x00007ffe88ee0000 - 0x00007ffe890c4000 	C:\Windows\SYSTEM32\DBGHELP.DLL
0x00007ffe88c30000 - 0x00007ffe88c5c000 	C:\Windows\SYSTEM32\dbgcore.DLL
0x00007ffe9f150000 - 0x00007ffe9f1d2000 	C:\Windows\System32\bcryptPrimitives.dll
0x00007ffe870d0000 - 0x00007ffe870f9000 	C:\Program Files\Android\Android Studio\jre\bin\java.dll
0x00007ffe870c0000 - 0x00007ffe870cb000 	C:\Program Files\Android\Android Studio\jre\bin\jimage.dll
0x00007ffe870a0000 - 0x00007ffe870b8000 	C:\Program Files\Android\Android Studio\jre\bin\zip.dll
0x00007ffe9f900000 - 0x00007ffea0043000 	C:\Windows\System32\SHELL32.dll
0x00007ffe9cb00000 - 0x00007ffe9d295000 	C:\Windows\SYSTEM32\windows.storage.dll
0x00007ffea0250000 - 0x00007ffea05a4000 	C:\Windows\System32\combase.dll
0x00007ffe9e470000 - 0x00007ffe9e4a0000 	C:\Windows\SYSTEM32\Wldp.dll
0x00007ffea1200000 - 0x00007ffea12ad000 	C:\Windows\System32\SHCORE.dll
0x00007ffea1190000 - 0x00007ffea11e5000 	C:\Windows\System32\shlwapi.dll
0x00007ffe9e950000 - 0x00007ffe9e96f000 	C:\Windows\SYSTEM32\profapi.dll
0x00007ffe87080000 - 0x00007ffe8709a000 	C:\Program Files\Android\Android Studio\jre\bin\net.dll
0x00007ffe8e560000 - 0x00007ffe8e66a000 	C:\Windows\SYSTEM32\WINHTTP.dll
0x00007ffe9e1d0000 - 0x00007ffe9e23a000 	C:\Windows\system32\mswsock.dll
0x00007ffe87060000 - 0x00007ffe87074000 	C:\Program Files\Android\Android Studio\jre\bin\nio.dll
0x00007ffe65e50000 - 0x00007ffe65e77000 	C:\Users\ozone\.gradle\native\e1d6ef7f7dcc3fd88c89a11ec53ec762bb8ba0a96d01ffa2cd45eb1d1d8dd5c5\windows-amd64\native-platform.dll
0x00007ffe63a70000 - 0x00007ffe63bb4000 	C:\Users\ozone\.gradle\native\0d407fdbe67a94daf76414ababcb853783967236a71b16ec16e742cd7a986fd3\windows-amd64\native-platform-file-events.dll
0x00007ffe78f80000 - 0x00007ffe78f8a000 	C:\Program Files\Android\Android Studio\jre\bin\management.dll
0x00007ffe78ee0000 - 0x00007ffe78eed000 	C:\Program Files\Android\Android Studio\jre\bin\management_ext.dll
0x00007ffe9e3c0000 - 0x00007ffe9e3d8000 	C:\Windows\SYSTEM32\CRYPTSP.dll
0x00007ffe9dae0000 - 0x00007ffe9db14000 	C:\Windows\system32\rsaenh.dll
0x00007ffe9f2f0000 - 0x00007ffe9f317000 	C:\Windows\System32\bcrypt.dll
0x00007ffe9e910000 - 0x00007ffe9e93e000 	C:\Windows\SYSTEM32\USERENV.dll
0x00007ffe9e3e0000 - 0x00007ffe9e3ec000 	C:\Windows\SYSTEM32\CRYPTBASE.dll
0x00007ffe9de70000 - 0x00007ffe9deab000 	C:\Windows\SYSTEM32\IPHLPAPI.DLL
0x00007ffea11f0000 - 0x00007ffea11f8000 	C:\Windows\System32\NSI.dll
0x00007ffe97500000 - 0x00007ffe97517000 	C:\Windows\SYSTEM32\dhcpcsvc6.DLL
0x00007ffe97aa0000 - 0x00007ffe97abd000 	C:\Windows\SYSTEM32\dhcpcsvc.DLL
0x00007ffe9dec0000 - 0x00007ffe9df8a000 	C:\Windows\SYSTEM32\DNSAPI.dll

dbghelp: loaded successfully - version: 4.0.5 - missing functions: none
symbol engine: initialized successfully - sym options: 0x614 - pdb path: .;C:\Program Files\Android\Android Studio\jre\bin;C:\Windows\SYSTEM32;C:\Windows\WinSxS\amd64_microsoft.windows.common-controls_6595b64144ccf1df_6.0.19041.1110_none_60b5254171f9507e;C:\Program Files\Android\Android Studio\jre\bin\server;C:\Users\ozone\.gradle\native\e1d6ef7f7dcc3fd88c89a11ec53ec762bb8ba0a96d01ffa2cd45eb1d1d8dd5c5\windows-amd64;C:\Users\ozone\.gradle\native\0d407fdbe67a94daf76414ababcb853783967236a71b16ec16e742cd7a986fd3\windows-amd64

VM Arguments:
jvm_args: --add-opens=java.base/java.util=ALL-UNNAMED --add-opens=java.base/java.lang=ALL-UNNAMED --add-opens=java.base/java.lang.invoke=ALL-UNNAMED --add-opens=java.base/java.util=ALL-UNNAMED --add-opens=java.prefs/java.util.prefs=ALL-UNNAMED --add-opens=java.prefs/java.util.prefs=ALL-UNNAMED --add-opens=java.base/java.nio.charset=ALL-UNNAMED --add-opens=java.base/java.net=ALL-UNNAMED --add-opens=java.base/java.util.concurrent.atomic=ALL-UNNAMED -Xmx1536M -Dfile.encoding=windows-1252 -Duser.country=US -Duser.language=en -Duser.variant 
java_command: org.gradle.launcher.daemon.bootstrap.GradleDaemon 7.4
java_class_path (initial): C:\Users\ozone\.gradle\wrapper\dists\gradle-7.4-all\aadb4xli5jkdsnukm30eibyiu\gradle-7.4\lib\gradle-launcher-7.4.jar
Launcher Type: SUN_STANDARD

[Global flags]
     intx CICompilerCount                          = 4                                         {product} {ergonomic}
     uint ConcGCThreads                            = 2                                         {product} {ergonomic}
     uint G1ConcRefinementThreads                  = 8                                         {product} {ergonomic}
   size_t G1HeapRegionSize                         = 1048576                                   {product} {ergonomic}
    uintx GCDrainStackTargetSize                   = 64                                        {product} {ergonomic}
   size_t InitialHeapSize                          = 266338304                                 {product} {ergonomic}
   size_t MarkStackSize                            = 4194304                                   {product} {ergonomic}
   size_t MaxHeapSize                              = 1610612736                                {product} {command line}
   size_t MaxNewSize                               = 965738496                                 {product} {ergonomic}
   size_t MinHeapDeltaBytes                        = 1048576                                   {product} {ergonomic}
    uintx NonNMethodCodeHeapSize                   = 5836300                                {pd product} {ergonomic}
    uintx NonProfiledCodeHeapSize                  = 122910970                              {pd product} {ergonomic}
    uintx ProfiledCodeHeapSize                     = 122910970                              {pd product} {ergonomic}
    uintx ReservedCodeCacheSize                    = 251658240                              {pd product} {ergonomic}
     bool SegmentedCodeCache                       = true                                      {product} {ergonomic}
     bool UseCompressedClassPointers               = true                                 {lp64_product} {ergonomic}
     bool UseCompressedOops                        = true                                 {lp64_product} {ergonomic}
     bool UseG1GC                                  = true                                      {product} {ergonomic}
     bool UseLargePagesIndividualAllocation        = false                                  {pd product} {ergonomic}

Logging:
Log output configuration:
 #0: stdout all=warning uptime,level,tags
 #1: stderr all=off uptime,level,tags

Environment Variables:
JAVA_HOME=C:\Program Files\Android\Android Studio\jre
CLASSPATH=D:\health_monitoring_system\live_graph_plotter\android\\gradle\wrapper\gradle-wrapper.jar
PATH=C:\Windows\system32;C:\Windows;C:\Windows\System32\Wbem;C:\Windows\System32\WindowsPowerShell\v1.0\;C:\Windows\System32\OpenSSH\;C:\Users\ozone\AppData\Local\Microsoft\WindowsApps;C:\Users\ozone\AppData\Local\Programs\Microsoft VS Code\bin;C:\src\flutter\bin;;C:\src\flutter\bin\mingit\cmd
USERNAME=ozone
LANG=en_US.UTF-8
OS=Windows_NT
PROCESSOR_IDENTIFIER=Intel64 Family 6 Model 158 Stepping 10, GenuineIntel



---------------  S Y S T E M  ---------------

OS: Windows 10 , 64 bit Build 19041 (10.0.19041.1889)
OS uptime: 0 days 0:26 hours

CPU:total 8 (initial active 8) (4 cores per cpu, 2 threads per core) family 6 model 158 stepping 10 microcode 0xcc, cmov, cx8, fxsr, mmx, sse, sse2, sse3, ssse3, sse4.1, sse4.2, popcnt, avx, avx2, aes, clmul, erms, 3dnowpref, lzcnt, ht, tsc, tscinvbit, bmi1, bmi2, adx, fma

Memory: 4k page, system-wide physical 16221M (4796M free)
TotalPageFile size 19165M (AvailPageFile size 4457M)
current process WorkingSet (physical memory assigned to process): 494M, peak: 495M
current process commit charge ("private bytes"): 566M, peak: 568M

vm_info: OpenJDK 64-Bit Server VM (11.0.13+0-b1751.21-8125866) for windows-amd64 JRE (11.0.13+0-b1751.21-8125866), built on Feb  2 2022 03:00:22 by "builder" with MS VC++ 14.0 (VS2015)

END.
